<?xml version="1.0" encoding="UTF-8" ?>
<testsuite tests="1" failures="0" name="ua.profitsoft.strymeneshenko.service.ContractServiceTest" time="0.016" errors="1" skipped="0">
  <properties>
[...]
</properties>
  <testcase classname="ua.profitsoft.strymeneshenko.service.ContractServiceTest" name="CRUD" time="0.016">
    <error message="Transaction already active" type="java.lang.IllegalStateException">java.lang.IllegalStateException: Transaction already active
	at org.hibernate.engine.transaction.internal.TransactionImpl.begin(TransactionImpl.java:75)
	at org.hibernate.internal.AbstractSharedSessionContract.beginTransaction(AbstractSharedSessionContract.java:452)
	at ua.profitsoft.strymeneshenko.db.dao.hibernate.ClientHibernateDAO.create(ClientHibernateDAO.java:19)
	at ua.profitsoft.strymeneshenko.db.dao.hibernate.ClientHibernateDAO.create(ClientHibernateDAO.java:15)
	at ua.profitsoft.strymeneshenko.service.IService.create(IService.java:12)
	at ua.profitsoft.strymeneshenko.service.IService$$FastClassBySpringCGLIB$$e5fe419c.invoke(&lt;generated&gt;)
	at org.springframework.cglib.proxy.MethodProxy.invoke(MethodProxy.java:204)
	at org.springframework.aop.framework.CglibAopProxy$CglibMethodInvocation.invokeJoinpoint(CglibAopProxy.java:736)
	at org.springframework.aop.framework.ReflectiveMethodInvocation.proceed(ReflectiveMethodInvocation.java:157)
	at org.springframework.transaction.interceptor.TransactionInterceptor$1.proceedWithInvocation(TransactionInterceptor.java:99)
	at org.springframework.transaction.interceptor.TransactionAspectSupport.invokeWithinTransaction(TransactionAspectSupport.java:282)
	at org.springframework.transaction.interceptor.TransactionInterceptor.invoke(TransactionInterceptor.java:96)
	at org.springframework.aop.framework.ReflectiveMethodInvocation.proceed(ReflectiveMethodInvocation.java:179)
	at org.springframework.aop.framework.CglibAopProxy$DynamicAdvisedInterceptor.intercept(CglibAopProxy.java:671)
	at ua.profitsoft.strymeneshenko.service.ClientService$$EnhancerBySpringCGLIB$$324b681c.create(&lt;generated&gt;)
	at ua.profitsoft.strymeneshenko.service.ContractServiceTest.CRUD(ContractServiceTest.java:33)
	at sun.reflect.NativeMethodAccessorImpl.invoke0(Native Method)
	at sun.reflect.NativeMethodAccessorImpl.invoke(NativeMethodAccessorImpl.java:62)
	at sun.reflect.DelegatingMethodAccessorImpl.invoke(DelegatingMethodAccessorImpl.java:43)
	at java.lang.reflect.Method.invoke(Method.java:498)
	at org.junit.runners.model.FrameworkMethod$1.runReflectiveCall(FrameworkMethod.java:59)
	at org.junit.internal.runners.model.ReflectiveCallable.run(ReflectiveCallable.java:12)
	at org.junit.runners.model.FrameworkMethod.invokeExplosively(FrameworkMethod.java:56)
	at org.junit.internal.runners.statements.InvokeMethod.evaluate(InvokeMethod.java:17)
	at org.springframework.test.context.junit4.statements.RunBeforeTestMethodCallbacks.evaluate(RunBeforeTestMethodCallbacks.java:75)
	at org.springframework.test.context.junit4.statements.RunAfterTestMethodCallbacks.evaluate(RunAfterTestMethodCallbacks.java:86)
	at org.springframework.test.context.junit4.statements.SpringRepeat.evaluate(SpringRepeat.java:84)
	at org.junit.runners.ParentRunner.runLeaf(ParentRunner.java:365)
	at org.springframework.test.context.junit4.SpringJUnit4ClassRunner.runChild(SpringJUnit4ClassRunner.java:252)
	at org.springframework.test.context.junit4.SpringJUnit4ClassRunner.runChild(SpringJUnit4ClassRunner.java:94)
	at org.junit.runners.ParentRunner$4.run(ParentRunner.java:330)
	at org.junit.runners.ParentRunner$1.schedule(ParentRunner.java:78)
	at org.junit.runners.ParentRunner.runChildren(ParentRunner.java:328)
	at org.junit.runners.ParentRunner.access$100(ParentRunner.java:65)
	at org.junit.runners.ParentRunner$2.evaluate(ParentRunner.java:292)
	at org.springframework.test.context.junit4.statements.RunBeforeTestClassCallbacks.evaluate(RunBeforeTestClassCallbacks.java:61)
	at org.springframework.test.context.junit4.statements.RunAfterTestClassCallbacks.evaluate(RunAfterTestClassCallbacks.java:70)
	at org.junit.runners.ParentRunner$3.evaluate(ParentRunner.java:305)
	at org.junit.runners.ParentRunner.run(ParentRunner.java:412)
	at org.springframework.test.context.junit4.SpringJUnit4ClassRunner.run(SpringJUnit4ClassRunner.java:191)
	at org.apache.maven.surefire.junit4.JUnit4Provider.execute(JUnit4Provider.java:252)
	at org.apache.maven.surefire.junit4.JUnit4Provider.executeTestSet(JUnit4Provider.java:141)
	at org.apache.maven.surefire.junit4.JUnit4Provider.invoke(JUnit4Provider.java:112)
	at sun.reflect.NativeMethodAccessorImpl.invoke0(Native Method)
	at sun.reflect.NativeMethodAccessorImpl.invoke(NativeMethodAccessorImpl.java:62)
	at sun.reflect.DelegatingMethodAccessorImpl.invoke(DelegatingMethodAccessorImpl.java:43)
	at java.lang.reflect.Method.invoke(Method.java:498)
	at org.apache.maven.surefire.util.ReflectionUtils.invokeMethodWithArray(ReflectionUtils.java:189)
	at org.apache.maven.surefire.booter.ProviderFactory$ProviderProxy.invoke(ProviderFactory.java:165)
	at org.apache.maven.surefire.booter.ProviderFactory.invokeProvider(ProviderFactory.java:85)
	at org.apache.maven.surefire.booter.ForkedBooter.runSuitesInProcess(ForkedBooter.java:115)
	at org.apache.maven.surefire.booter.ForkedBooter.main(ForkedBooter.java:75)
</error>
    <system-out>2019-02-08 21:10:39 DEBUG SpringJUnit4ClassRunner:140 - SpringJUnit4ClassRunner constructor called with [class ua.profitsoft.strymeneshenko.service.ContractServiceTest]
2019-02-08 21:10:39 DEBUG BootstrapUtils:95 - Instantiating CacheAwareContextLoaderDelegate from class [org.springframework.test.context.cache.DefaultCacheAwareContextLoaderDelegate]
2019-02-08 21:10:39 DEBUG BootstrapUtils:78 - Instantiating BootstrapContext using constructor [public org.springframework.test.context.support.DefaultBootstrapContext(java.lang.Class,org.springframework.test.context.CacheAwareContextLoaderDelegate)]
2019-02-08 21:10:39 DEBUG BootstrapUtils:131 - Instantiating TestContextBootstrapper for test class [ua.profitsoft.strymeneshenko.service.ContractServiceTest] from class [org.springframework.test.context.support.DefaultTestContextBootstrapper]
2019-02-08 21:10:39 DEBUG AbstractDelegatingSmartContextLoader:269 - Delegating to GenericXmlContextLoader to process context configuration [ContextConfigurationAttributes@64f3991e declaringClass = &apos;ua.profitsoft.strymeneshenko.service.ContractServiceTest&apos;, classes = &apos;{}&apos;, locations = &apos;{file:./src/main/resources/spring-context.xml}&apos;, inheritLocations = true, initializers = &apos;{}&apos;, inheritInitializers = true, name = [null], contextLoaderClass = &apos;org.springframework.test.context.ContextLoader&apos;].
2019-02-08 21:10:39 DEBUG ActiveProfilesUtils:78 - Could not find an &apos;annotation declaring class&apos; for annotation type [org.springframework.test.context.ActiveProfiles] and class [ua.profitsoft.strymeneshenko.service.ContractServiceTest]
2019-02-08 21:10:39 INFO  DefaultTestContextBootstrapper:174 - Using TestExecutionListeners: [org.springframework.test.context.support.DependencyInjectionTestExecutionListener@69d2fb0a]
2019-02-08 21:10:39 DEBUG ProfileValueUtils:68 - Retrieved @ProfileValueSourceConfiguration [null] for test class [ua.profitsoft.strymeneshenko.service.ContractServiceTest]
2019-02-08 21:10:39 DEBUG ProfileValueUtils:80 - Retrieved ProfileValueSource type [class org.springframework.test.annotation.SystemProfileValueSource] for class [ua.profitsoft.strymeneshenko.service.ContractServiceTest]
2019-02-08 21:10:39 DEBUG ProfileValueUtils:68 - Retrieved @ProfileValueSourceConfiguration [null] for test class [ua.profitsoft.strymeneshenko.service.ContractServiceTest]
2019-02-08 21:10:39 DEBUG ProfileValueUtils:80 - Retrieved ProfileValueSource type [class org.springframework.test.annotation.SystemProfileValueSource] for class [ua.profitsoft.strymeneshenko.service.ContractServiceTest]
2019-02-08 21:10:39 DEBUG ProfileValueUtils:68 - Retrieved @ProfileValueSourceConfiguration [null] for test class [ua.profitsoft.strymeneshenko.service.ContractServiceTest]
2019-02-08 21:10:39 DEBUG ProfileValueUtils:80 - Retrieved ProfileValueSource type [class org.springframework.test.annotation.SystemProfileValueSource] for class [ua.profitsoft.strymeneshenko.service.ContractServiceTest]
2019-02-08 21:10:39 DEBUG ProfileValueUtils:68 - Retrieved @ProfileValueSourceConfiguration [null] for test class [ua.profitsoft.strymeneshenko.service.ContractServiceTest]
2019-02-08 21:10:39 DEBUG ProfileValueUtils:80 - Retrieved ProfileValueSource type [class org.springframework.test.annotation.SystemProfileValueSource] for class [ua.profitsoft.strymeneshenko.service.ContractServiceTest]
2019-02-08 21:10:39 DEBUG ProfileValueUtils:68 - Retrieved @ProfileValueSourceConfiguration [null] for test class [ua.profitsoft.strymeneshenko.service.ContractServiceTest]
2019-02-08 21:10:39 DEBUG ProfileValueUtils:80 - Retrieved ProfileValueSource type [class org.springframework.test.annotation.SystemProfileValueSource] for class [ua.profitsoft.strymeneshenko.service.ContractServiceTest]
2019-02-08 21:10:39 DEBUG DependencyInjectionTestExecutionListener:81 - Performing dependency injection for test context [[DefaultTestContext@7e38e254 testClass = ContractServiceTest, testInstance = ua.profitsoft.strymeneshenko.service.ContractServiceTest@7b3feb26, testMethod = [null], testException = [null], mergedContextConfiguration = [MergedContextConfiguration@2e4ecdf8 testClass = ContractServiceTest, locations = &apos;{file:src/main/resources/spring-context.xml}&apos;, classes = &apos;{}&apos;, contextInitializerClasses = &apos;[]&apos;, activeProfiles = &apos;{}&apos;, propertySourceLocations = &apos;{}&apos;, propertySourceProperties = &apos;{}&apos;, contextCustomizers = set[[empty]], contextLoader = &apos;org.springframework.test.context.support.DelegatingSmartContextLoader&apos;, parent = [null]]]].
2019-02-08 21:10:39 DEBUG DefaultCacheAwareContextLoaderDelegate:129 - Retrieved ApplicationContext from cache with key [[MergedContextConfiguration@2e4ecdf8 testClass = ContractServiceTest, locations = &apos;{file:src/main/resources/spring-context.xml}&apos;, classes = &apos;{}&apos;, contextInitializerClasses = &apos;[]&apos;, activeProfiles = &apos;{}&apos;, propertySourceLocations = &apos;{}&apos;, propertySourceProperties = &apos;{}&apos;, contextCustomizers = set[[empty]], contextLoader = &apos;org.springframework.test.context.support.DelegatingSmartContextLoader&apos;, parent = [null]]]
2019-02-08 21:10:39 DEBUG cache:290 - Spring test ApplicationContext cache statistics: [DefaultContextCache@5729b410 size = 2, maxSize = 32, parentContextCount = 0, hitCount = 17, missCount = 2]
2019-02-08 21:10:39 DEBUG InjectionMetadata:85 - Processing injected element of bean &apos;ua.profitsoft.strymeneshenko.service.ContractServiceTest&apos;: AutowiredFieldElement for private ua.profitsoft.strymeneshenko.service.IService ua.profitsoft.strymeneshenko.service.ContractServiceTest.clientService
2019-02-08 21:10:39 DEBUG DefaultListableBeanFactory:251 - Returning cached instance of singleton bean &apos;clientService&apos;
2019-02-08 21:10:39 DEBUG AutowiredAnnotationBeanPostProcessor:533 - Autowiring by type from bean name &apos;ua.profitsoft.strymeneshenko.service.ContractServiceTest&apos; to bean named &apos;clientService&apos;
2019-02-08 21:10:39 DEBUG InjectionMetadata:85 - Processing injected element of bean &apos;ua.profitsoft.strymeneshenko.service.ContractServiceTest&apos;: AutowiredFieldElement for private ua.profitsoft.strymeneshenko.service.IService ua.profitsoft.strymeneshenko.service.ContractServiceTest.insuredPersonService
2019-02-08 21:10:39 DEBUG DefaultListableBeanFactory:251 - Returning cached instance of singleton bean &apos;insuredPersonService&apos;
2019-02-08 21:10:39 DEBUG AutowiredAnnotationBeanPostProcessor:533 - Autowiring by type from bean name &apos;ua.profitsoft.strymeneshenko.service.ContractServiceTest&apos; to bean named &apos;insuredPersonService&apos;
2019-02-08 21:10:39 DEBUG InjectionMetadata:85 - Processing injected element of bean &apos;ua.profitsoft.strymeneshenko.service.ContractServiceTest&apos;: AutowiredFieldElement for private ua.profitsoft.strymeneshenko.service.IService ua.profitsoft.strymeneshenko.service.ContractServiceTest.contractService
2019-02-08 21:10:39 DEBUG DefaultListableBeanFactory:251 - Returning cached instance of singleton bean &apos;contractService&apos;
2019-02-08 21:10:39 DEBUG AutowiredAnnotationBeanPostProcessor:533 - Autowiring by type from bean name &apos;ua.profitsoft.strymeneshenko.service.ContractServiceTest&apos; to bean named &apos;contractService&apos;
2019-02-08 21:10:39 DEBUG DefaultListableBeanFactory:251 - Returning cached instance of singleton bean &apos;org.springframework.transaction.config.internalTransactionAdvisor&apos;
2019-02-08 21:10:39 DEBUG HibernateTransactionManager:371 - Creating new transaction with name [ua.profitsoft.strymeneshenko.service.ClientService.create]: PROPAGATION_REQUIRED,ISOLATION_DEFAULT
2019-02-08 21:10:39 DEBUG HibernateTransactionManager:436 - Opened new Session [SessionImpl(387146640&lt;open&gt;)] for Hibernate transaction
2019-02-08 21:10:39 DEBUG HibernateTransactionManager:446 - Preparing JDBC Connection of Hibernate Session [SessionImpl(387146640&lt;open&gt;)]
2019-02-08 21:10:39 DEBUG DriverManagerDataSource:142 - Creating new JDBC DriverManager Connection to [jdbc:mysql://localhost:3306/insurance?serverTimezone=UTC]
2019-02-08 21:10:39 DEBUG TransactionImpl:56 - On TransactionImpl creation, JpaCompliance#isJpaTransactionComplianceEnabled == false
2019-02-08 21:10:39 DEBUG TransactionImpl:78 - begin
2019-02-08 21:10:39 DEBUG HibernateTransactionManager:514 - Exposing Hibernate transaction as JDBC transaction [com.mysql.cj.jdbc.ConnectionImpl@ca2cd5e]
2019-02-08 21:10:39 DEBUG HibernateTransactionManager:855 - Initiating transaction rollback
2019-02-08 21:10:39 DEBUG HibernateTransactionManager:604 - Rolling back Hibernate transaction on Session [SessionImpl(387146640&lt;open&gt;)]
2019-02-08 21:10:39 DEBUG TransactionImpl:136 - rolling back
2019-02-08 21:10:39 DEBUG HibernateTransactionManager:680 - Closing Hibernate Session [SessionImpl(387146640&lt;open&gt;)] after transaction
</system-out>
  </testcase>
</testsuite>