<?xml version="1.0" encoding="UTF-8" ?>
<testsuite tests="1" failures="0" name="ua.profitsoft.strymeneshenko.controllers.mvc.DeleteContractControllerTest" time="0.001" errors="1" skipped="0">
  <properties>
[...]
</properties>
  <testcase classname="ua.profitsoft.strymeneshenko.controllers.mvc.DeleteContractControllerTest" name="showContracts" time="0.001">
    <error message="Request processing failed; nested exception is java.lang.IllegalStateException: Transaction already active" type="org.springframework.web.util.NestedServletException">org.springframework.web.util.NestedServletException: Request processing failed; nested exception is java.lang.IllegalStateException: Transaction already active
	at org.springframework.web.servlet.FrameworkServlet.processRequest(FrameworkServlet.java:982)
	at org.springframework.web.servlet.FrameworkServlet.doPost(FrameworkServlet.java:872)
	at javax.servlet.http.HttpServlet.service(HttpServlet.java:707)
	at org.springframework.web.servlet.FrameworkServlet.service(FrameworkServlet.java:846)
	at org.springframework.test.web.servlet.TestDispatcherServlet.service(TestDispatcherServlet.java:71)
	at javax.servlet.http.HttpServlet.service(HttpServlet.java:790)
	at org.springframework.mock.web.MockFilterChain$ServletFilterProxy.doFilter(MockFilterChain.java:160)
	at org.springframework.mock.web.MockFilterChain.doFilter(MockFilterChain.java:127)
	at org.springframework.test.web.servlet.MockMvc.perform(MockMvc.java:151)
	at ua.profitsoft.strymeneshenko.controllers.mvc.DeleteContractControllerTest.showContracts(DeleteContractControllerTest.java:37)
	at sun.reflect.NativeMethodAccessorImpl.invoke0(Native Method)
	at sun.reflect.NativeMethodAccessorImpl.invoke(NativeMethodAccessorImpl.java:62)
	at sun.reflect.DelegatingMethodAccessorImpl.invoke(DelegatingMethodAccessorImpl.java:43)
	at java.lang.reflect.Method.invoke(Method.java:498)
	at org.junit.runners.model.FrameworkMethod$1.runReflectiveCall(FrameworkMethod.java:59)
	at org.junit.internal.runners.model.ReflectiveCallable.run(ReflectiveCallable.java:12)
	at org.junit.runners.model.FrameworkMethod.invokeExplosively(FrameworkMethod.java:56)
	at org.junit.internal.runners.statements.InvokeMethod.evaluate(InvokeMethod.java:17)
	at org.junit.internal.runners.statements.RunBefores.evaluate(RunBefores.java:26)
	at org.springframework.test.context.junit4.statements.RunBeforeTestMethodCallbacks.evaluate(RunBeforeTestMethodCallbacks.java:75)
	at org.springframework.test.context.junit4.statements.RunAfterTestMethodCallbacks.evaluate(RunAfterTestMethodCallbacks.java:86)
	at org.springframework.test.context.junit4.statements.SpringRepeat.evaluate(SpringRepeat.java:84)
	at org.junit.runners.ParentRunner.runLeaf(ParentRunner.java:365)
	at org.springframework.test.context.junit4.SpringJUnit4ClassRunner.runChild(SpringJUnit4ClassRunner.java:252)
	at org.springframework.test.context.junit4.SpringJUnit4ClassRunner.runChild(SpringJUnit4ClassRunner.java:94)
	at org.junit.runners.ParentRunner$4.run(ParentRunner.java:330)
	at org.junit.runners.ParentRunner$1.schedule(ParentRunner.java:78)
	at org.junit.runners.ParentRunner.runChildren(ParentRunner.java:328)
	at org.junit.runners.ParentRunner.access$100(ParentRunner.java:65)
	at org.junit.runners.ParentRunner$2.evaluate(ParentRunner.java:292)
	at org.springframework.test.context.junit4.statements.RunBeforeTestClassCallbacks.evaluate(RunBeforeTestClassCallbacks.java:61)
	at org.springframework.test.context.junit4.statements.RunAfterTestClassCallbacks.evaluate(RunAfterTestClassCallbacks.java:70)
	at org.junit.runners.ParentRunner$3.evaluate(ParentRunner.java:305)
	at org.junit.runners.ParentRunner.run(ParentRunner.java:412)
	at org.springframework.test.context.junit4.SpringJUnit4ClassRunner.run(SpringJUnit4ClassRunner.java:191)
	at org.apache.maven.surefire.junit4.JUnit4Provider.execute(JUnit4Provider.java:252)
	at org.apache.maven.surefire.junit4.JUnit4Provider.executeTestSet(JUnit4Provider.java:141)
	at org.apache.maven.surefire.junit4.JUnit4Provider.invoke(JUnit4Provider.java:112)
	at sun.reflect.NativeMethodAccessorImpl.invoke0(Native Method)
	at sun.reflect.NativeMethodAccessorImpl.invoke(NativeMethodAccessorImpl.java:62)
	at sun.reflect.DelegatingMethodAccessorImpl.invoke(DelegatingMethodAccessorImpl.java:43)
	at java.lang.reflect.Method.invoke(Method.java:498)
	at org.apache.maven.surefire.util.ReflectionUtils.invokeMethodWithArray(ReflectionUtils.java:189)
	at org.apache.maven.surefire.booter.ProviderFactory$ProviderProxy.invoke(ProviderFactory.java:165)
	at org.apache.maven.surefire.booter.ProviderFactory.invokeProvider(ProviderFactory.java:85)
	at org.apache.maven.surefire.booter.ForkedBooter.runSuitesInProcess(ForkedBooter.java:115)
	at org.apache.maven.surefire.booter.ForkedBooter.main(ForkedBooter.java:75)
Caused by: java.lang.IllegalStateException: Transaction already active
	at org.hibernate.engine.transaction.internal.TransactionImpl.begin(TransactionImpl.java:75)
	at org.hibernate.internal.AbstractSharedSessionContract.beginTransaction(AbstractSharedSessionContract.java:452)
	at ua.profitsoft.strymeneshenko.db.dao.hibernate.ContractHibernateDAO.delete(ContractHibernateDAO.java:44)
	at ua.profitsoft.strymeneshenko.service.IService.delete(IService.java:27)
	at ua.profitsoft.strymeneshenko.service.IService$$FastClassBySpringCGLIB$$e5fe419c.invoke(&lt;generated&gt;)
	at org.springframework.cglib.proxy.MethodProxy.invoke(MethodProxy.java:204)
	at org.springframework.aop.framework.CglibAopProxy$CglibMethodInvocation.invokeJoinpoint(CglibAopProxy.java:736)
	at org.springframework.aop.framework.ReflectiveMethodInvocation.proceed(ReflectiveMethodInvocation.java:157)
	at org.springframework.transaction.interceptor.TransactionInterceptor$1.proceedWithInvocation(TransactionInterceptor.java:99)
	at org.springframework.transaction.interceptor.TransactionAspectSupport.invokeWithinTransaction(TransactionAspectSupport.java:282)
	at org.springframework.transaction.interceptor.TransactionInterceptor.invoke(TransactionInterceptor.java:96)
	at org.springframework.aop.framework.ReflectiveMethodInvocation.proceed(ReflectiveMethodInvocation.java:179)
	at org.springframework.aop.framework.CglibAopProxy$DynamicAdvisedInterceptor.intercept(CglibAopProxy.java:671)
	at ua.profitsoft.strymeneshenko.service.ContractService$$EnhancerBySpringCGLIB$$c6d05fa6.delete(&lt;generated&gt;)
	at ua.profitsoft.strymeneshenko.controllers.mvc.DeleteContractController.showContracts(DeleteContractController.java:19)
	at sun.reflect.NativeMethodAccessorImpl.invoke0(Native Method)
	at sun.reflect.NativeMethodAccessorImpl.invoke(NativeMethodAccessorImpl.java:62)
	at sun.reflect.DelegatingMethodAccessorImpl.invoke(DelegatingMethodAccessorImpl.java:43)
	at java.lang.reflect.Method.invoke(Method.java:498)
	at org.springframework.web.method.support.InvocableHandlerMethod.doInvoke(InvocableHandlerMethod.java:221)
	at org.springframework.web.method.support.InvocableHandlerMethod.invokeForRequest(InvocableHandlerMethod.java:137)
	at org.springframework.web.servlet.mvc.method.annotation.ServletInvocableHandlerMethod.invokeAndHandle(ServletInvocableHandlerMethod.java:110)
	at org.springframework.web.servlet.mvc.method.annotation.RequestMappingHandlerAdapter.invokeHandlerMethod(RequestMappingHandlerAdapter.java:806)
	at org.springframework.web.servlet.mvc.method.annotation.RequestMappingHandlerAdapter.handleInternal(RequestMappingHandlerAdapter.java:729)
	at org.springframework.web.servlet.mvc.method.AbstractHandlerMethodAdapter.handle(AbstractHandlerMethodAdapter.java:85)
	at org.springframework.web.servlet.DispatcherServlet.doDispatch(DispatcherServlet.java:959)
	at org.springframework.web.servlet.DispatcherServlet.doService(DispatcherServlet.java:893)
	at org.springframework.web.servlet.FrameworkServlet.processRequest(FrameworkServlet.java:970)
	... 46 more
</error>
    <system-out>2019-02-07 12:11:36 DEBUG AbstractDirtiesContextTestExecutionListener:141 - After test class: context [DefaultTestContext@711f39f9 testClass = AddInsuredPersonControllerTest, testInstance = [null], testMethod = [null], testException = [null], mergedContextConfiguration = [WebMergedContextConfiguration@71bbf57e testClass = AddInsuredPersonControllerTest, locations = &apos;{classpath:mvc-context.xml}&apos;, classes = &apos;{}&apos;, contextInitializerClasses = &apos;[]&apos;, activeProfiles = &apos;{}&apos;, propertySourceLocations = &apos;{}&apos;, propertySourceProperties = &apos;{}&apos;, contextCustomizers = set[[empty]], resourceBasePath = &apos;src/main/webapp&apos;, contextLoader = &apos;org.springframework.test.context.web.WebDelegatingSmartContextLoader&apos;, parent = [null]]], class annotated with @DirtiesContext [false] with mode [null].
2019-02-07 12:11:36 DEBUG SpringJUnit4ClassRunner:140 - SpringJUnit4ClassRunner constructor called with [class ua.profitsoft.strymeneshenko.controllers.mvc.DeleteContractControllerTest]
2019-02-07 12:11:36 DEBUG BootstrapUtils:95 - Instantiating CacheAwareContextLoaderDelegate from class [org.springframework.test.context.cache.DefaultCacheAwareContextLoaderDelegate]
2019-02-07 12:11:36 DEBUG BootstrapUtils:78 - Instantiating BootstrapContext using constructor [public org.springframework.test.context.support.DefaultBootstrapContext(java.lang.Class,org.springframework.test.context.CacheAwareContextLoaderDelegate)]
2019-02-07 12:11:36 DEBUG BootstrapUtils:131 - Instantiating TestContextBootstrapper for test class [ua.profitsoft.strymeneshenko.controllers.mvc.DeleteContractControllerTest] from class [org.springframework.test.context.web.WebTestContextBootstrapper]
2019-02-07 12:11:36 DEBUG AbstractDelegatingSmartContextLoader:269 - Delegating to GenericXmlWebContextLoader to process context configuration [ContextConfigurationAttributes@7574d4ad declaringClass = &apos;ua.profitsoft.strymeneshenko.controllers.mvc.DeleteContractControllerTest&apos;, classes = &apos;{}&apos;, locations = &apos;{classpath:mvc-context.xml}&apos;, inheritLocations = true, initializers = &apos;{}&apos;, inheritInitializers = true, name = [null], contextLoaderClass = &apos;org.springframework.test.context.ContextLoader&apos;].
2019-02-07 12:11:36 DEBUG ActiveProfilesUtils:78 - Could not find an &apos;annotation declaring class&apos; for annotation type [org.springframework.test.context.ActiveProfiles] and class [ua.profitsoft.strymeneshenko.controllers.mvc.DeleteContractControllerTest]
2019-02-07 12:11:36 DEBUG WebTestContextBootstrapper:122 - @TestExecutionListeners is not present for class [ua.profitsoft.strymeneshenko.controllers.mvc.DeleteContractControllerTest]: using defaults.
2019-02-07 12:11:36 INFO  WebTestContextBootstrapper:248 - Loaded default TestExecutionListener class names from location [META-INF/spring.factories]: [org.springframework.test.context.web.ServletTestExecutionListener, org.springframework.test.context.support.DirtiesContextBeforeModesTestExecutionListener, org.springframework.test.context.support.DependencyInjectionTestExecutionListener, org.springframework.test.context.support.DirtiesContextTestExecutionListener, org.springframework.test.context.transaction.TransactionalTestExecutionListener, org.springframework.test.context.jdbc.SqlScriptsTestExecutionListener]
2019-02-07 12:11:36 INFO  WebTestContextBootstrapper:174 - Using TestExecutionListeners: [org.springframework.test.context.web.ServletTestExecutionListener@2dcd0e41, org.springframework.test.context.support.DirtiesContextBeforeModesTestExecutionListener@7272ee51, org.springframework.test.context.support.DependencyInjectionTestExecutionListener@1b409a79, org.springframework.test.context.support.DirtiesContextTestExecutionListener@5940b14e, org.springframework.test.context.transaction.TransactionalTestExecutionListener@1cba0321, org.springframework.test.context.jdbc.SqlScriptsTestExecutionListener@795f6681]
2019-02-07 12:11:36 DEBUG ProfileValueUtils:68 - Retrieved @ProfileValueSourceConfiguration [null] for test class [ua.profitsoft.strymeneshenko.controllers.mvc.DeleteContractControllerTest]
2019-02-07 12:11:36 DEBUG ProfileValueUtils:80 - Retrieved ProfileValueSource type [class org.springframework.test.annotation.SystemProfileValueSource] for class [ua.profitsoft.strymeneshenko.controllers.mvc.DeleteContractControllerTest]
2019-02-07 12:11:36 DEBUG ProfileValueUtils:68 - Retrieved @ProfileValueSourceConfiguration [null] for test class [ua.profitsoft.strymeneshenko.controllers.mvc.DeleteContractControllerTest]
2019-02-07 12:11:36 DEBUG ProfileValueUtils:80 - Retrieved ProfileValueSource type [class org.springframework.test.annotation.SystemProfileValueSource] for class [ua.profitsoft.strymeneshenko.controllers.mvc.DeleteContractControllerTest]
2019-02-07 12:11:36 DEBUG ProfileValueUtils:68 - Retrieved @ProfileValueSourceConfiguration [null] for test class [ua.profitsoft.strymeneshenko.controllers.mvc.DeleteContractControllerTest]
2019-02-07 12:11:36 DEBUG ProfileValueUtils:80 - Retrieved ProfileValueSource type [class org.springframework.test.annotation.SystemProfileValueSource] for class [ua.profitsoft.strymeneshenko.controllers.mvc.DeleteContractControllerTest]
2019-02-07 12:11:36 DEBUG ProfileValueUtils:68 - Retrieved @ProfileValueSourceConfiguration [null] for test class [ua.profitsoft.strymeneshenko.controllers.mvc.DeleteContractControllerTest]
2019-02-07 12:11:36 DEBUG ProfileValueUtils:80 - Retrieved ProfileValueSource type [class org.springframework.test.annotation.SystemProfileValueSource] for class [ua.profitsoft.strymeneshenko.controllers.mvc.DeleteContractControllerTest]
2019-02-07 12:11:36 DEBUG AbstractDirtiesContextTestExecutionListener:141 - Before test class: context [DefaultTestContext@66d3b881 testClass = DeleteContractControllerTest, testInstance = [null], testMethod = [null], testException = [null], mergedContextConfiguration = [WebMergedContextConfiguration@3a45afd4 testClass = DeleteContractControllerTest, locations = &apos;{classpath:mvc-context.xml}&apos;, classes = &apos;{}&apos;, contextInitializerClasses = &apos;[]&apos;, activeProfiles = &apos;{}&apos;, propertySourceLocations = &apos;{}&apos;, propertySourceProperties = &apos;{}&apos;, contextCustomizers = set[[empty]], resourceBasePath = &apos;src/main/webapp&apos;, contextLoader = &apos;org.springframework.test.context.web.WebDelegatingSmartContextLoader&apos;, parent = [null]]], class annotated with @DirtiesContext [false] with mode [null].
2019-02-07 12:11:36 DEBUG ProfileValueUtils:68 - Retrieved @ProfileValueSourceConfiguration [null] for test class [ua.profitsoft.strymeneshenko.controllers.mvc.DeleteContractControllerTest]
2019-02-07 12:11:36 DEBUG ProfileValueUtils:80 - Retrieved ProfileValueSource type [class org.springframework.test.annotation.SystemProfileValueSource] for class [ua.profitsoft.strymeneshenko.controllers.mvc.DeleteContractControllerTest]
2019-02-07 12:11:36 DEBUG DefaultCacheAwareContextLoaderDelegate:129 - Retrieved ApplicationContext from cache with key [[WebMergedContextConfiguration@3a45afd4 testClass = DeleteContractControllerTest, locations = &apos;{classpath:mvc-context.xml}&apos;, classes = &apos;{}&apos;, contextInitializerClasses = &apos;[]&apos;, activeProfiles = &apos;{}&apos;, propertySourceLocations = &apos;{}&apos;, propertySourceProperties = &apos;{}&apos;, contextCustomizers = set[[empty]], resourceBasePath = &apos;src/main/webapp&apos;, contextLoader = &apos;org.springframework.test.context.web.WebDelegatingSmartContextLoader&apos;, parent = [null]]]
2019-02-07 12:11:36 DEBUG cache:290 - Spring test ApplicationContext cache statistics: [DefaultContextCache@510689af size = 1, maxSize = 32, parentContextCount = 0, hitCount = 2, missCount = 1]
2019-02-07 12:11:36 DEBUG ServletTestExecutionListener:201 - Setting up MockHttpServletRequest, MockHttpServletResponse, ServletWebRequest, and RequestContextHolder for test context [DefaultTestContext@66d3b881 testClass = DeleteContractControllerTest, testInstance = ua.profitsoft.strymeneshenko.controllers.mvc.DeleteContractControllerTest@762a10b6, testMethod = [null], testException = [null], mergedContextConfiguration = [WebMergedContextConfiguration@3a45afd4 testClass = DeleteContractControllerTest, locations = &apos;{classpath:mvc-context.xml}&apos;, classes = &apos;{}&apos;, contextInitializerClasses = &apos;[]&apos;, activeProfiles = &apos;{}&apos;, propertySourceLocations = &apos;{}&apos;, propertySourceProperties = &apos;{}&apos;, contextCustomizers = set[[empty]], resourceBasePath = &apos;src/main/webapp&apos;, contextLoader = &apos;org.springframework.test.context.web.WebDelegatingSmartContextLoader&apos;, parent = [null]]].
2019-02-07 12:11:36 DEBUG DependencyInjectionTestExecutionListener:81 - Performing dependency injection for test context [[DefaultTestContext@66d3b881 testClass = DeleteContractControllerTest, testInstance = ua.profitsoft.strymeneshenko.controllers.mvc.DeleteContractControllerTest@762a10b6, testMethod = [null], testException = [null], mergedContextConfiguration = [WebMergedContextConfiguration@3a45afd4 testClass = DeleteContractControllerTest, locations = &apos;{classpath:mvc-context.xml}&apos;, classes = &apos;{}&apos;, contextInitializerClasses = &apos;[]&apos;, activeProfiles = &apos;{}&apos;, propertySourceLocations = &apos;{}&apos;, propertySourceProperties = &apos;{}&apos;, contextCustomizers = set[[empty]], resourceBasePath = &apos;src/main/webapp&apos;, contextLoader = &apos;org.springframework.test.context.web.WebDelegatingSmartContextLoader&apos;, parent = [null]]]].
2019-02-07 12:11:36 DEBUG DefaultCacheAwareContextLoaderDelegate:129 - Retrieved ApplicationContext from cache with key [[WebMergedContextConfiguration@3a45afd4 testClass = DeleteContractControllerTest, locations = &apos;{classpath:mvc-context.xml}&apos;, classes = &apos;{}&apos;, contextInitializerClasses = &apos;[]&apos;, activeProfiles = &apos;{}&apos;, propertySourceLocations = &apos;{}&apos;, propertySourceProperties = &apos;{}&apos;, contextCustomizers = set[[empty]], resourceBasePath = &apos;src/main/webapp&apos;, contextLoader = &apos;org.springframework.test.context.web.WebDelegatingSmartContextLoader&apos;, parent = [null]]]
2019-02-07 12:11:36 DEBUG cache:290 - Spring test ApplicationContext cache statistics: [DefaultContextCache@510689af size = 1, maxSize = 32, parentContextCount = 0, hitCount = 3, missCount = 1]
2019-02-07 12:11:36 DEBUG InjectionMetadata:85 - Processing injected element of bean &apos;ua.profitsoft.strymeneshenko.controllers.mvc.DeleteContractControllerTest&apos;: AutowiredFieldElement for private org.springframework.web.context.WebApplicationContext ua.profitsoft.strymeneshenko.controllers.mvc.DeleteContractControllerTest.wac
2019-02-07 12:11:36 DEBUG AutowiredAnnotationBeanPostProcessor:533 - Autowiring by type from bean name &apos;ua.profitsoft.strymeneshenko.controllers.mvc.DeleteContractControllerTest&apos; to bean named &apos;org.springframework.web.context.support.GenericWebApplicationContext@69a3d1d&apos;
2019-02-07 12:11:36 DEBUG DefaultListableBeanFactory:251 - Returning cached instance of singleton bean &apos;org.springframework.transaction.config.internalTransactionAdvisor&apos;
2019-02-07 12:11:36 DEBUG AbstractDirtiesContextTestExecutionListener:106 - Before test method: context [DefaultTestContext@66d3b881 testClass = DeleteContractControllerTest, testInstance = ua.profitsoft.strymeneshenko.controllers.mvc.DeleteContractControllerTest@762a10b6, testMethod = showContracts@DeleteContractControllerTest, testException = [null], mergedContextConfiguration = [WebMergedContextConfiguration@3a45afd4 testClass = DeleteContractControllerTest, locations = &apos;{classpath:mvc-context.xml}&apos;, classes = &apos;{}&apos;, contextInitializerClasses = &apos;[]&apos;, activeProfiles = &apos;{}&apos;, propertySourceLocations = &apos;{}&apos;, propertySourceProperties = &apos;{}&apos;, contextCustomizers = set[[empty]], resourceBasePath = &apos;src/main/webapp&apos;, contextLoader = &apos;org.springframework.test.context.web.WebDelegatingSmartContextLoader&apos;, parent = [null]]], class annotated with @DirtiesContext [false] with mode [null], method annotated with @DirtiesContext [false] with mode [null].
2019-02-07 12:11:36 DEBUG TestDispatcherServlet:118 - Initializing servlet &apos;&apos;
2019-02-07 12:11:36 DEBUG StandardServletEnvironment:106 - Adding PropertySource &apos;servletConfigInitParams&apos; with lowest search precedence
2019-02-07 12:11:36 DEBUG StandardServletEnvironment:106 - Adding PropertySource &apos;servletContextInitParams&apos; with lowest search precedence
2019-02-07 12:11:36 DEBUG StandardServletEnvironment:106 - Adding PropertySource &apos;systemProperties&apos; with lowest search precedence
2019-02-07 12:11:36 DEBUG StandardServletEnvironment:106 - Adding PropertySource &apos;systemEnvironment&apos; with lowest search precedence
2019-02-07 12:11:36 DEBUG StandardServletEnvironment:125 - Initialized StandardServletEnvironment with PropertySources [StubPropertySource@254784037 {name=&apos;servletConfigInitParams&apos;, properties=java.lang.Object@1883871b}, StubPropertySource@1040882461 {name=&apos;servletContextInitParams&apos;, properties=java.lang.Object@52f9e8bb}, MapPropertySource@540399195 {name=&apos;systemProperties&apos;, properties={idea.version=2018.3.3, java.runtime.name=Java(TM) SE Runtime Environment, sun.boot.library.path=C:\Program Files\Java\jdk1.8.0_201\jre\bin, java.vm.version=25.201-b09, java.vm.vendor=Oracle Corporation, java.vendor.url=http://java.oracle.com/, path.separator=;, java.vm.name=Java HotSpot(TM) 64-Bit Server VM, file.encoding.pkg=sun.io, user.country=RU, user.script=, sun.java.launcher=SUN_STANDARD, sun.os.patch.level=Service Pack 1, java.vm.specification.name=Java Virtual Machine Specification, user.dir=C:\Users\user\workspace\ProfITsoftTasks-task8, java.runtime.version=1.8.0_201-b09, basedir=C:\Users\user\workspace\ProfITsoftTasks-task8, java.awt.graphicsenv=sun.awt.Win32GraphicsEnvironment, java.endorsed.dirs=C:\Program Files\Java\jdk1.8.0_201\jre\lib\endorsed, os.arch=amd64, surefire.real.class.path=C:\Users\user\workspace\ProfITsoftTasks-task8\target\surefire\surefirebooter319045143655513366.jar, java.io.tmpdir=C:\Users\user\AppData\Local\Temp\, line.separator=
, java.vm.specification.vendor=Oracle Corporation, user.variant=, os.name=Windows 7, sun.jnu.encoding=Cp1251, java.library.path=C:\Program Files\Java\jdk1.8.0_201\jre\bin;C:\Windows\Sun\Java\bin;C:\Windows\system32;C:\Windows;C:\Program Files (x86)\Common Files\Oracle\Java\javapath;C:\Program Files (x86)\Intel\iCLS Client\;C:\Program Files\Intel\iCLS Client\;C:\Windows\system32;C:\Windows;C:\Windows\System32\Wbem;C:\Windows\System32\WindowsPowerShell\v1.0\;C:\Program Files\Intel\Intel(R) Management Engine Components\DAL;C:\Program Files (x86)\Intel\Intel(R) Management Engine Components\DAL;C:\Program Files\Intel\Intel(R) Management Engine Components\IPT;C:\Program Files (x86)\Intel\Intel(R) Management Engine Components\IPT;C:\Program Files\TortoiseSVN\bin;C:\Users\user\AppData\Local\GitHubDesktop\bin;., surefire.test.class.path=C:\Users\user\workspace\ProfITsoftTasks-task8\target\test-classes;C:\Users\user\workspace\ProfITsoftTasks-task8\target\classes;C:\Users\user\.m2\repository\junit\junit\4.13-beta-2\junit-4.13-beta-2.jar;C:\Users\user\.m2\repository\org\hamcrest\hamcrest-core\1.3\hamcrest-core-1.3.jar;C:\Users\user\.m2\repository\org\apache\commons\commons-csv\1.6\commons-csv-1.6.jar;C:\Users\user\.m2\repository\log4j\log4j\1.2.17\log4j-1.2.17.jar;C:\Users\user\.m2\repository\commons-dbcp\commons-dbcp\1.2.2\commons-dbcp-1.2.2.jar;C:\Users\user\.m2\repository\commons-pool\commons-pool\1.3\commons-pool-1.3.jar;C:\Users\user\.m2\repository\mysql\mysql-connector-java\8.0.13\mysql-connector-java-8.0.13.jar;C:\Users\user\.m2\repository\com\google\protobuf\protobuf-java\3.6.1\protobuf-java-3.6.1.jar;C:\Users\user\.m2\repository\org\springframework\spring-context\4.3.21.RELEASE\spring-context-4.3.21.RELEASE.jar;C:\Users\user\.m2\repository\org\springframework\spring-aop\4.3.21.RELEASE\spring-aop-4.3.21.RELEASE.jar;C:\Users\user\.m2\repository\org\springframework\spring-beans\4.3.21.RELEASE\spring-beans-4.3.21.RELEASE.jar;C:\Users\user\.m2\repository\org\springframework\spring-expression\4.3.21.RELEASE\spring-expression-4.3.21.RELEASE.jar;C:\Users\user\.m2\repository\org\springframework\spring-orm\4.3.21.RELEASE\spring-orm-4.3.21.RELEASE.jar;C:\Users\user\.m2\repository\org\springframework\spring-tx\4.3.21.RELEASE\spring-tx-4.3.21.RELEASE.jar;C:\Users\user\.m2\repository\org\springframework\spring-core\4.3.21.RELEASE\spring-core-4.3.21.RELEASE.jar;C:\Users\user\.m2\repository\org\springframework\spring-jdbc\4.3.21.RELEASE\spring-jdbc-4.3.21.RELEASE.jar;C:\Users\user\.m2\repository\org\springframework\spring-test\4.3.21.RELEASE\spring-test-4.3.21.RELEASE.jar;C:\Users\user\.m2\repository\org\hibernate\hibernate-core\5.3.5.Final\hibernate-core-5.3.5.Final.jar;C:\Users\user\.m2\repository\org\jboss\logging\jboss-logging\3.3.2.Final\jboss-logging-3.3.2.Final.jar;C:\Users\user\.m2\repository\javax\persistence\javax.persistence-api\2.2\javax.persistence-api-2.2.jar;C:\Users\user\.m2\repository\org\javassist\javassist\3.23.1-GA\javassist-3.23.1-GA.jar;C:\Users\user\.m2\repository\net\bytebuddy\byte-buddy\1.8.17\byte-buddy-1.8.17.jar;C:\Users\user\.m2\repository\antlr\antlr\2.7.7\antlr-2.7.7.jar;C:\Users\user\.m2\repository\org\jboss\spec\javax\transaction\jboss-transaction-api_1.2_spec\1.1.1.Final\jboss-transaction-api_1.2_spec-1.1.1.Final.jar;C:\Users\user\.m2\repository\org\jboss\jandex\2.0.5.Final\jandex-2.0.5.Final.jar;C:\Users\user\.m2\repository\com\fasterxml\classmate\1.3.4\classmate-1.3.4.jar;C:\Users\user\.m2\repository\javax\activation\javax.activation-api\1.2.0\javax.activation-api-1.2.0.jar;C:\Users\user\.m2\repository\dom4j\dom4j\1.6.1\dom4j-1.6.1.jar;C:\Users\user\.m2\repository\org\hibernate\common\hibernate-commons-annotations\5.0.4.Final\hibernate-commons-annotations-5.0.4.Final.jar;C:\Users\user\.m2\repository\org\springframework\spring-aspects\4.3.21.RELEASE\spring-aspects-4.3.21.RELEASE.jar;C:\Users\user\.m2\repository\org\aspectj\aspectjweaver\1.8.9\aspectjweaver-1.8.9.jar;C:\Users\user\.m2\repository\org\springframework\ws\spring-ws-core\3.0.6.RELEASE\spring-ws-core-3.0.6.RELEASE.jar;C:\Users\user\.m2\repository\org\springframework\ws\spring-xml\3.0.6.RELEASE\spring-xml-3.0.6.RELEASE.jar;C:\Users\user\.m2\repository\org\springframework\spring-oxm\5.0.10.RELEASE\spring-oxm-5.0.10.RELEASE.jar;C:\Users\user\.m2\repository\commons-io\commons-io\2.5\commons-io-2.5.jar;C:\Users\user\.m2\repository\wsdl4j\wsdl4j\1.6.3\wsdl4j-1.6.3.jar;C:\Users\user\.m2\repository\javax\servlet\javax.servlet-api\3.1.0\javax.servlet-api-3.1.0.jar;C:\Users\user\.m2\repository\javax\servlet\jstl\1.2\jstl-1.2.jar;C:\Users\user\.m2\repository\org\springframework\spring-web\4.2.2.RELEASE\spring-web-4.2.2.RELEASE.jar;C:\Users\user\.m2\repository\commons-logging\commons-logging\1.1.1\commons-logging-1.1.1.jar;C:\Users\user\.m2\repository\taglibs\standard\1.0\standard-1.0.jar;C:\Users\user\.m2\repository\org\springframework\spring-webmvc\4.2.2.RELEASE\spring-webmvc-4.2.2.RELEASE.jar;C:\Users\user\.m2\repository\org\hibernate\hibernate-validator\5.3.5.Final\hibernate-validator-5.3.5.Final.jar;C:\Users\user\.m2\repository\javax\validation\validation-api\1.1.0.Final\validation-api-1.1.0.Final.jar;C:\Users\user\.m2\repository\org\junit\jupiter\junit-jupiter-api\5.3.2\junit-jupiter-api-5.3.2.jar;C:\Users\user\.m2\repository\org\apiguardian\apiguardian-api\1.0.0\apiguardian-api-1.0.0.jar;C:\Users\user\.m2\repository\org\opentest4j\opentest4j\1.1.1\opentest4j-1.1.1.jar;C:\Users\user\.m2\repository\org\junit\platform\junit-platform-commons\1.3.2\junit-platform-commons-1.3.2.jar;C:\Users\user\.m2\repository\com\fasterxml\jackson\core\jackson-core\2.9.8\jackson-core-2.9.8.jar;C:\Users\user\.m2\repository\com\fasterxml\jackson\core\jackson-databind\2.9.8\jackson-databind-2.9.8.jar;C:\Users\user\.m2\repository\com\fasterxml\jackson\core\jackson-annotations\2.9.0\jackson-annotations-2.9.0.jar;C:\Users\user\.m2\repository\org\jibx\jibx-ws\0.9.1\jibx-ws-0.9.1.jar;C:\Users\user\.m2\repository\org\jibx\jibx-run\1.2.3\jibx-run-1.2.3.jar;C:\Users\user\.m2\repository\joda-time\joda-time\1.6.2\joda-time-1.6.2.jar;C:\Users\user\.m2\repository\xpp3\xpp3\1.1.3.4.O\xpp3-1.1.3.4.O.jar;C:\Users\user\.m2\repository\org\jibx\jibx-extras\1.2.3\jibx-extras-1.2.3.jar;C:\Users\user\.m2\repository\org\jdom\jdom\1.1\jdom-1.1.jar;C:\Users\user\.m2\repository\org\jibx\xbis-jibx\1.2.3\xbis-jibx-1.2.3.jar;C:\Users\user\.m2\repository\org\jibx\jibx-bind\1.3.1\jibx-bind-1.3.1.jar;C:\Users\user\.m2\repository\org\apache\bcel\bcel\6.0\bcel-6.0.jar;C:\Users\user\.m2\repository\org\apache\ant\ant\1.8.4\ant-1.8.4.jar;C:\Users\user\.m2\repository\org\apache\ant\ant-launcher\1.8.4\ant-launcher-1.8.4.jar;C:\Users\user\.m2\repository\com\thoughtworks\qdox\qdox\1.12.1\qdox-1.12.1.jar;, java.specification.name=Java Platform API Specification, java.class.version=52.0, sun.management.compiler=HotSpot 64-Bit Tiered Compilers, os.version=6.1, user.home=C:\Users\user, user.timezone=Europe/Helsinki, java.awt.printerjob=sun.awt.windows.WPrinterJob, file.encoding=Cp1251, java.specification.version=1.8, java.class.path=C:\Users\user\workspace\ProfITsoftTasks-task8\target\test-classes;C:\Users\user\workspace\ProfITsoftTasks-task8\target\classes;C:\Users\user\.m2\repository\junit\junit\4.13-beta-2\junit-4.13-beta-2.jar;C:\Users\user\.m2\repository\org\hamcrest\hamcrest-core\1.3\hamcrest-core-1.3.jar;C:\Users\user\.m2\repository\org\apache\commons\commons-csv\1.6\commons-csv-1.6.jar;C:\Users\user\.m2\repository\log4j\log4j\1.2.17\log4j-1.2.17.jar;C:\Users\user\.m2\repository\commons-dbcp\commons-dbcp\1.2.2\commons-dbcp-1.2.2.jar;C:\Users\user\.m2\repository\commons-pool\commons-pool\1.3\commons-pool-1.3.jar;C:\Users\user\.m2\repository\mysql\mysql-connector-java\8.0.13\mysql-connector-java-8.0.13.jar;C:\Users\user\.m2\repository\com\google\protobuf\protobuf-java\3.6.1\protobuf-java-3.6.1.jar;C:\Users\user\.m2\repository\org\springframework\spring-context\4.3.21.RELEASE\spring-context-4.3.21.RELEASE.jar;C:\Users\user\.m2\repository\org\springframework\spring-aop\4.3.21.RELEASE\spring-aop-4.3.21.RELEASE.jar;C:\Users\user\.m2\repository\org\springframework\spring-beans\4.3.21.RELEASE\spring-beans-4.3.21.RELEASE.jar;C:\Users\user\.m2\repository\org\springframework\spring-expression\4.3.21.RELEASE\spring-expression-4.3.21.RELEASE.jar;C:\Users\user\.m2\repository\org\springframework\spring-orm\4.3.21.RELEASE\spring-orm-4.3.21.RELEASE.jar;C:\Users\user\.m2\repository\org\springframework\spring-tx\4.3.21.RELEASE\spring-tx-4.3.21.RELEASE.jar;C:\Users\user\.m2\repository\org\springframework\spring-core\4.3.21.RELEASE\spring-core-4.3.21.RELEASE.jar;C:\Users\user\.m2\repository\org\springframework\spring-jdbc\4.3.21.RELEASE\spring-jdbc-4.3.21.RELEASE.jar;C:\Users\user\.m2\repository\org\springframework\spring-test\4.3.21.RELEASE\spring-test-4.3.21.RELEASE.jar;C:\Users\user\.m2\repository\org\hibernate\hibernate-core\5.3.5.Final\hibernate-core-5.3.5.Final.jar;C:\Users\user\.m2\repository\org\jboss\logging\jboss-logging\3.3.2.Final\jboss-logging-3.3.2.Final.jar;C:\Users\user\.m2\repository\javax\persistence\javax.persistence-api\2.2\javax.persistence-api-2.2.jar;C:\Users\user\.m2\repository\org\javassist\javassist\3.23.1-GA\javassist-3.23.1-GA.jar;C:\Users\user\.m2\repository\net\bytebuddy\byte-buddy\1.8.17\byte-buddy-1.8.17.jar;C:\Users\user\.m2\repository\antlr\antlr\2.7.7\antlr-2.7.7.jar;C:\Users\user\.m2\repository\org\jboss\spec\javax\transaction\jboss-transaction-api_1.2_spec\1.1.1.Final\jboss-transaction-api_1.2_spec-1.1.1.Final.jar;C:\Users\user\.m2\repository\org\jboss\jandex\2.0.5.Final\jandex-2.0.5.Final.jar;C:\Users\user\.m2\repository\com\fasterxml\classmate\1.3.4\classmate-1.3.4.jar;C:\Users\user\.m2\repository\javax\activation\javax.activation-api\1.2.0\javax.activation-api-1.2.0.jar;C:\Users\user\.m2\repository\dom4j\dom4j\1.6.1\dom4j-1.6.1.jar;C:\Users\user\.m2\repository\org\hibernate\common\hibernate-commons-annotations\5.0.4.Final\hibernate-commons-annotations-5.0.4.Final.jar;C:\Users\user\.m2\repository\org\springframework\spring-aspects\4.3.21.RELEASE\spring-aspects-4.3.21.RELEASE.jar;C:\Users\user\.m2\repository\org\aspectj\aspectjweaver\1.8.9\aspectjweaver-1.8.9.jar;C:\Users\user\.m2\repository\org\springframework\ws\spring-ws-core\3.0.6.RELEASE\spring-ws-core-3.0.6.RELEASE.jar;C:\Users\user\.m2\repository\org\springframework\ws\spring-xml\3.0.6.RELEASE\spring-xml-3.0.6.RELEASE.jar;C:\Users\user\.m2\repository\org\springframework\spring-oxm\5.0.10.RELEASE\spring-oxm-5.0.10.RELEASE.jar;C:\Users\user\.m2\repository\commons-io\commons-io\2.5\commons-io-2.5.jar;C:\Users\user\.m2\repository\wsdl4j\wsdl4j\1.6.3\wsdl4j-1.6.3.jar;C:\Users\user\.m2\repository\javax\servlet\javax.servlet-api\3.1.0\javax.servlet-api-3.1.0.jar;C:\Users\user\.m2\repository\javax\servlet\jstl\1.2\jstl-1.2.jar;C:\Users\user\.m2\repository\org\springframework\spring-web\4.2.2.RELEASE\spring-web-4.2.2.RELEASE.jar;C:\Users\user\.m2\repository\commons-logging\commons-logging\1.1.1\commons-logging-1.1.1.jar;C:\Users\user\.m2\repository\taglibs\standard\1.0\standard-1.0.jar;C:\Users\user\.m2\repository\org\springframework\spring-webmvc\4.2.2.RELEASE\spring-webmvc-4.2.2.RELEASE.jar;C:\Users\user\.m2\repository\org\hibernate\hibernate-validator\5.3.5.Final\hibernate-validator-5.3.5.Final.jar;C:\Users\user\.m2\repository\javax\validation\validation-api\1.1.0.Final\validation-api-1.1.0.Final.jar;C:\Users\user\.m2\repository\org\junit\jupiter\junit-jupiter-api\5.3.2\junit-jupiter-api-5.3.2.jar;C:\Users\user\.m2\repository\org\apiguardian\apiguardian-api\1.0.0\apiguardian-api-1.0.0.jar;C:\Users\user\.m2\repository\org\opentest4j\opentest4j\1.1.1\opentest4j-1.1.1.jar;C:\Users\user\.m2\repository\org\junit\platform\junit-platform-commons\1.3.2\junit-platform-commons-1.3.2.jar;C:\Users\user\.m2\repository\com\fasterxml\jackson\core\jackson-core\2.9.8\jackson-core-2.9.8.jar;C:\Users\user\.m2\repository\com\fasterxml\jackson\core\jackson-databind\2.9.8\jackson-databind-2.9.8.jar;C:\Users\user\.m2\repository\com\fasterxml\jackson\core\jackson-annotations\2.9.0\jackson-annotations-2.9.0.jar;C:\Users\user\.m2\repository\org\jibx\jibx-ws\0.9.1\jibx-ws-0.9.1.jar;C:\Users\user\.m2\repository\org\jibx\jibx-run\1.2.3\jibx-run-1.2.3.jar;C:\Users\user\.m2\repository\joda-time\joda-time\1.6.2\joda-time-1.6.2.jar;C:\Users\user\.m2\repository\xpp3\xpp3\1.1.3.4.O\xpp3-1.1.3.4.O.jar;C:\Users\user\.m2\repository\org\jibx\jibx-extras\1.2.3\jibx-extras-1.2.3.jar;C:\Users\user\.m2\repository\org\jdom\jdom\1.1\jdom-1.1.jar;C:\Users\user\.m2\repository\org\jibx\xbis-jibx\1.2.3\xbis-jibx-1.2.3.jar;C:\Users\user\.m2\repository\org\jibx\jibx-bind\1.3.1\jibx-bind-1.3.1.jar;C:\Users\user\.m2\repository\org\apache\bcel\bcel\6.0\bcel-6.0.jar;C:\Users\user\.m2\repository\org\apache\ant\ant\1.8.4\ant-1.8.4.jar;C:\Users\user\.m2\repository\org\apache\ant\ant-launcher\1.8.4\ant-launcher-1.8.4.jar;C:\Users\user\.m2\repository\com\thoughtworks\qdox\qdox\1.12.1\qdox-1.12.1.jar;, user.name=user, java.vm.specification.version=1.8, sun.java.command=C:\Users\user\workspace\ProfITsoftTasks-task8\target\surefire\surefirebooter319045143655513366.jar C:\Users\user\workspace\ProfITsoftTasks-task8\target\surefire\surefire7794570924128922739tmp C:\Users\user\workspace\ProfITsoftTasks-task8\target\surefire\surefire_09145929410237672030tmp, java.home=C:\Program Files\Java\jdk1.8.0_201\jre, sun.arch.data.model=64, user.language=ru, java.specification.vendor=Oracle Corporation, awt.toolkit=sun.awt.windows.WToolkit, java.vm.info=mixed mode, java.version=1.8.0_201, java.ext.dirs=C:\Program Files\Java\jdk1.8.0_201\jre\lib\ext;C:\Windows\Sun\Java\lib\ext, sun.boot.class.path=C:\Program Files\Java\jdk1.8.0_201\jre\lib\resources.jar;C:\Program Files\Java\jdk1.8.0_201\jre\lib\rt.jar;C:\Program Files\Java\jdk1.8.0_201\jre\lib\sunrsasign.jar;C:\Program Files\Java\jdk1.8.0_201\jre\lib\jsse.jar;C:\Program Files\Java\jdk1.8.0_201\jre\lib\jce.jar;C:\Program Files\Java\jdk1.8.0_201\jre\lib\charsets.jar;C:\Program Files\Java\jdk1.8.0_201\jre\lib\jfr.jar;C:\Program Files\Java\jdk1.8.0_201\jre\classes, java.vendor=Oracle Corporation, localRepository=C:\Users\user\.m2\repository, file.separator=\, java.vendor.url.bug=http://bugreport.sun.com/bugreport/, sun.io.unicode.encoding=UnicodeLittle, sun.cpu.endian=little, sun.desktop=windows, sun.cpu.isalist=amd64}}, SystemEnvironmentPropertySource@604644889 {name=&apos;systemEnvironment&apos;, properties={PATH=C:\Program Files (x86)\Common Files\Oracle\Java\javapath;C:\Program Files (x86)\Intel\iCLS Client\;C:\Program Files\Intel\iCLS Client\;C:\Windows\system32;C:\Windows;C:\Windows\System32\Wbem;C:\Windows\System32\WindowsPowerShell\v1.0\;C:\Program Files\Intel\Intel(R) Management Engine Components\DAL;C:\Program Files (x86)\Intel\Intel(R) Management Engine Components\DAL;C:\Program Files\Intel\Intel(R) Management Engine Components\IPT;C:\Program Files (x86)\Intel\Intel(R) Management Engine Components\IPT;C:\Program Files\TortoiseSVN\bin;C:\Users\user\AppData\Local\GitHubDesktop\bin, LOCALAPPDATA=C:\Users\user\AppData\Local, PROCESSOR_LEVEL=6, SYSTEMDRIVE=C:, COMMONPROGRAMFILES(X86)=C:\Program Files (x86)\Common Files, FP_NO_HOST_CHECK=NO, USERDOMAIN=ws14, LOGONSERVER=\\WS14, JAVA_HOME=C:\Program Files\Java\jdk1.8.0_201, PROMPT=$P$G, SESSIONNAME=Console, ALLUSERSPROFILE=C:\ProgramData, PROGRAMFILES(X86)=C:\Program Files (x86), PROCESSOR_ARCHITECTURE=AMD64, JRE_HOME=C:\Program Files\Java\jre1.8.0_201, PROGRAMFILES=C:\Program Files, WINDOWS_TRACING_FLAGS=3, =C:=C:\Users\user\workspace\ProfITsoftTasks-task8, APPDATA=C:\Users\user\AppData\Roaming, PSMODULEPATH=C:\Windows\system32\WindowsPowerShell\v1.0\Modules\, PROGRAMW6432=C:\Program Files, PROGRAMDATA=C:\ProgramData, SYSTEMROOT=C:\Windows, USERNAME=user, PATHEXT=.COM;.EXE;.BAT;.CMD;.VBS;.VBE;.JS;.JSE;.WSF;.WSH;.MSC, OS=Windows_NT, COMMONPROGRAMW6432=C:\Program Files\Common Files, COMPUTERNAME=WS14, COMMONPROGRAMFILES=C:\Program Files\Common Files, COMSPEC=C:\Windows\system32\cmd.exe, PROCESSOR_REVISION=3c03, WINDIR=C:\Windows, HOMEPATH=\Users\user, TEMP=C:\Users\user\AppData\Local\Temp, HOMEDRIVE=C:, PROCESSOR_IDENTIFIER=Intel64 Family 6 Model 60 Stepping 3, GenuineIntel, USERPROFILE=C:\Users\user, TMP=C:\Users\user\AppData\Local\Temp, WINDOWS_TRACING_LOGFILE=C:\BVTBin\Tests\installpackage\csilogfile.log, PUBLIC=C:\Users\Public, NUMBER_OF_PROCESSORS=4, =::=::\}}]
2019-02-07 12:11:36 INFO  MockServletContext:440 - Initializing Spring FrameworkServlet &apos;&apos;
2019-02-07 12:11:36 INFO  TestDispatcherServlet:488 - FrameworkServlet &apos;&apos;: initialization started
2019-02-07 12:11:36 DEBUG TestDispatcherServlet:506 - Unable to locate MultipartResolver with name &apos;multipartResolver&apos;: no multipart request handling provided
2019-02-07 12:11:36 DEBUG DefaultListableBeanFactory:447 - Creating instance of bean &apos;org.springframework.web.servlet.i18n.AcceptHeaderLocaleResolver&apos;
2019-02-07 12:11:36 DEBUG DefaultListableBeanFactory:483 - Finished creating instance of bean &apos;org.springframework.web.servlet.i18n.AcceptHeaderLocaleResolver&apos;
2019-02-07 12:11:36 DEBUG TestDispatcherServlet:528 - Unable to locate LocaleResolver with name &apos;localeResolver&apos;: using default [org.springframework.web.servlet.i18n.AcceptHeaderLocaleResolver@4e3283f6]
2019-02-07 12:11:36 DEBUG DefaultListableBeanFactory:447 - Creating instance of bean &apos;org.springframework.web.servlet.theme.FixedThemeResolver&apos;
2019-02-07 12:11:36 DEBUG DefaultListableBeanFactory:483 - Finished creating instance of bean &apos;org.springframework.web.servlet.theme.FixedThemeResolver&apos;
2019-02-07 12:11:36 DEBUG TestDispatcherServlet:550 - Unable to locate ThemeResolver with name &apos;themeResolver&apos;: using default [org.springframework.web.servlet.theme.FixedThemeResolver@539316bb]
2019-02-07 12:11:36 DEBUG DefaultListableBeanFactory:251 - Returning cached instance of singleton bean &apos;org.springframework.web.servlet.mvc.method.annotation.RequestMappingHandlerMapping#0&apos;
2019-02-07 12:11:36 DEBUG DefaultListableBeanFactory:251 - Returning cached instance of singleton bean &apos;org.springframework.web.servlet.handler.BeanNameUrlHandlerMapping&apos;
2019-02-07 12:11:36 DEBUG DefaultListableBeanFactory:251 - Returning cached instance of singleton bean &apos;org.springframework.web.servlet.handler.SimpleUrlHandlerMapping#0&apos;
2019-02-07 12:11:36 DEBUG DefaultListableBeanFactory:251 - Returning cached instance of singleton bean &apos;org.springframework.web.servlet.mvc.method.annotation.RequestMappingHandlerAdapter#0&apos;
2019-02-07 12:11:36 DEBUG DefaultListableBeanFactory:251 - Returning cached instance of singleton bean &apos;org.springframework.web.servlet.mvc.HttpRequestHandlerAdapter&apos;
2019-02-07 12:11:36 DEBUG DefaultListableBeanFactory:251 - Returning cached instance of singleton bean &apos;org.springframework.web.servlet.mvc.SimpleControllerHandlerAdapter&apos;
2019-02-07 12:11:36 DEBUG DefaultListableBeanFactory:251 - Returning cached instance of singleton bean &apos;org.springframework.web.servlet.mvc.method.annotation.ExceptionHandlerExceptionResolver#0&apos;
2019-02-07 12:11:36 DEBUG DefaultListableBeanFactory:251 - Returning cached instance of singleton bean &apos;org.springframework.web.servlet.mvc.annotation.ResponseStatusExceptionResolver#0&apos;
2019-02-07 12:11:36 DEBUG DefaultListableBeanFactory:251 - Returning cached instance of singleton bean &apos;org.springframework.web.servlet.mvc.support.DefaultHandlerExceptionResolver#0&apos;
2019-02-07 12:11:36 DEBUG DefaultListableBeanFactory:447 - Creating instance of bean &apos;org.springframework.web.servlet.view.DefaultRequestToViewNameTranslator&apos;
2019-02-07 12:11:36 DEBUG DefaultListableBeanFactory:483 - Finished creating instance of bean &apos;org.springframework.web.servlet.view.DefaultRequestToViewNameTranslator&apos;
2019-02-07 12:11:36 DEBUG TestDispatcherServlet:688 - Unable to locate RequestToViewNameTranslator with name &apos;viewNameTranslator&apos;: using default [org.springframework.web.servlet.view.DefaultRequestToViewNameTranslator@5d1a859c]
2019-02-07 12:11:36 DEBUG DefaultListableBeanFactory:251 - Returning cached instance of singleton bean &apos;mvcViewResolver&apos;
2019-02-07 12:11:36 DEBUG DefaultListableBeanFactory:447 - Creating instance of bean &apos;org.springframework.web.servlet.support.SessionFlashMapManager&apos;
2019-02-07 12:11:36 DEBUG DefaultListableBeanFactory:483 - Finished creating instance of bean &apos;org.springframework.web.servlet.support.SessionFlashMapManager&apos;
2019-02-07 12:11:36 DEBUG TestDispatcherServlet:750 - Unable to locate FlashMapManager with name &apos;flashMapManager&apos;: using default [org.springframework.web.servlet.support.SessionFlashMapManager@28554ac8]
2019-02-07 12:11:36 DEBUG TestDispatcherServlet:567 - Published WebApplicationContext of servlet &apos;&apos; as ServletContext attribute with name [org.springframework.web.servlet.FrameworkServlet.CONTEXT.]
2019-02-07 12:11:36 INFO  TestDispatcherServlet:507 - FrameworkServlet &apos;&apos;: initialization completed in 4 ms
2019-02-07 12:11:36 DEBUG TestDispatcherServlet:139 - Servlet &apos;&apos; configured successfully
2019-02-07 12:11:36 DEBUG TestDispatcherServlet:861 - DispatcherServlet with name &apos;&apos; processing POST request for [/deleteContract]
2019-02-07 12:11:36 DEBUG RequestMappingHandlerMapping:319 - Looking up handler method for path /deleteContract
2019-02-07 12:11:36 DEBUG RequestMappingHandlerMapping:326 - Returning handler method [public org.springframework.web.servlet.ModelAndView ua.profitsoft.strymeneshenko.controllers.mvc.DeleteContractController.showContracts(java.lang.Long) throws java.lang.Exception]
2019-02-07 12:11:36 DEBUG DefaultListableBeanFactory:251 - Returning cached instance of singleton bean &apos;deleteContractController&apos;
2019-02-07 12:11:36 DEBUG HibernateTransactionManager:371 - Creating new transaction with name [ua.profitsoft.strymeneshenko.service.ContractService.delete]: PROPAGATION_REQUIRED,ISOLATION_DEFAULT
2019-02-07 12:11:36 DEBUG HibernateTransactionManager:436 - Opened new Session [SessionImpl(477942836&lt;open&gt;)] for Hibernate transaction
2019-02-07 12:11:36 DEBUG HibernateTransactionManager:446 - Preparing JDBC Connection of Hibernate Session [SessionImpl(477942836&lt;open&gt;)]
2019-02-07 12:11:36 DEBUG DriverManagerDataSource:142 - Creating new JDBC DriverManager Connection to [jdbc:mysql://localhost:3306/insurance?serverTimezone=UTC]
2019-02-07 12:11:36 DEBUG TransactionImpl:56 - On TransactionImpl creation, JpaCompliance#isJpaTransactionComplianceEnabled == false
2019-02-07 12:11:36 DEBUG TransactionImpl:78 - begin
2019-02-07 12:11:36 DEBUG HibernateTransactionManager:514 - Exposing Hibernate transaction as JDBC transaction [com.mysql.cj.jdbc.ConnectionImpl@4fc6e776]
2019-02-07 12:11:36 DEBUG HibernateTransactionManager:855 - Initiating transaction rollback
2019-02-07 12:11:36 DEBUG HibernateTransactionManager:604 - Rolling back Hibernate transaction on Session [SessionImpl(477942836&lt;open&gt;)]
2019-02-07 12:11:36 DEBUG TransactionImpl:136 - rolling back
2019-02-07 12:11:36 DEBUG HibernateTransactionManager:680 - Closing Hibernate Session [SessionImpl(477942836&lt;open&gt;)] after transaction
2019-02-07 12:11:36 DEBUG ExceptionHandlerExceptionResolver:133 - Resolving exception from handler [public org.springframework.web.servlet.ModelAndView ua.profitsoft.strymeneshenko.controllers.mvc.DeleteContractController.showContracts(java.lang.Long) throws java.lang.Exception]: java.lang.IllegalStateException: Transaction already active
2019-02-07 12:11:36 DEBUG ResponseStatusExceptionResolver:133 - Resolving exception from handler [public org.springframework.web.servlet.ModelAndView ua.profitsoft.strymeneshenko.controllers.mvc.DeleteContractController.showContracts(java.lang.Long) throws java.lang.Exception]: java.lang.IllegalStateException: Transaction already active
2019-02-07 12:11:36 DEBUG DefaultHandlerExceptionResolver:133 - Resolving exception from handler [public org.springframework.web.servlet.ModelAndView ua.profitsoft.strymeneshenko.controllers.mvc.DeleteContractController.showContracts(java.lang.Long) throws java.lang.Exception]: java.lang.IllegalStateException: Transaction already active
2019-02-07 12:11:36 DEBUG TestDispatcherServlet:993 - Could not complete request
java.lang.IllegalStateException: Transaction already active
	at org.hibernate.engine.transaction.internal.TransactionImpl.begin(TransactionImpl.java:75)
	at org.hibernate.internal.AbstractSharedSessionContract.beginTransaction(AbstractSharedSessionContract.java:452)
	at ua.profitsoft.strymeneshenko.db.dao.hibernate.ContractHibernateDAO.delete(ContractHibernateDAO.java:44)
	at ua.profitsoft.strymeneshenko.service.IService.delete(IService.java:27)
	at ua.profitsoft.strymeneshenko.service.IService$$FastClassBySpringCGLIB$$e5fe419c.invoke(&lt;generated&gt;)
	at org.springframework.cglib.proxy.MethodProxy.invoke(MethodProxy.java:204)
	at org.springframework.aop.framework.CglibAopProxy$CglibMethodInvocation.invokeJoinpoint(CglibAopProxy.java:736)
	at org.springframework.aop.framework.ReflectiveMethodInvocation.proceed(ReflectiveMethodInvocation.java:157)
	at org.springframework.transaction.interceptor.TransactionInterceptor$1.proceedWithInvocation(TransactionInterceptor.java:99)
	at org.springframework.transaction.interceptor.TransactionAspectSupport.invokeWithinTransaction(TransactionAspectSupport.java:282)
	at org.springframework.transaction.interceptor.TransactionInterceptor.invoke(TransactionInterceptor.java:96)
	at org.springframework.aop.framework.ReflectiveMethodInvocation.proceed(ReflectiveMethodInvocation.java:179)
	at org.springframework.aop.framework.CglibAopProxy$DynamicAdvisedInterceptor.intercept(CglibAopProxy.java:671)
	at ua.profitsoft.strymeneshenko.service.ContractService$$EnhancerBySpringCGLIB$$c6d05fa6.delete(&lt;generated&gt;)
	at ua.profitsoft.strymeneshenko.controllers.mvc.DeleteContractController.showContracts(DeleteContractController.java:19)
	at sun.reflect.NativeMethodAccessorImpl.invoke0(Native Method)
	at sun.reflect.NativeMethodAccessorImpl.invoke(NativeMethodAccessorImpl.java:62)
	at sun.reflect.DelegatingMethodAccessorImpl.invoke(DelegatingMethodAccessorImpl.java:43)
	at java.lang.reflect.Method.invoke(Method.java:498)
	at org.springframework.web.method.support.InvocableHandlerMethod.doInvoke(InvocableHandlerMethod.java:221)
	at org.springframework.web.method.support.InvocableHandlerMethod.invokeForRequest(InvocableHandlerMethod.java:137)
	at org.springframework.web.servlet.mvc.method.annotation.ServletInvocableHandlerMethod.invokeAndHandle(ServletInvocableHandlerMethod.java:110)
	at org.springframework.web.servlet.mvc.method.annotation.RequestMappingHandlerAdapter.invokeHandlerMethod(RequestMappingHandlerAdapter.java:806)
	at org.springframework.web.servlet.mvc.method.annotation.RequestMappingHandlerAdapter.handleInternal(RequestMappingHandlerAdapter.java:729)
	at org.springframework.web.servlet.mvc.method.AbstractHandlerMethodAdapter.handle(AbstractHandlerMethodAdapter.java:85)
	at org.springframework.web.servlet.DispatcherServlet.doDispatch(DispatcherServlet.java:959)
	at org.springframework.web.servlet.DispatcherServlet.doService(DispatcherServlet.java:893)
	at org.springframework.web.servlet.FrameworkServlet.processRequest(FrameworkServlet.java:970)
	at org.springframework.web.servlet.FrameworkServlet.doPost(FrameworkServlet.java:872)
	at javax.servlet.http.HttpServlet.service(HttpServlet.java:707)
	at org.springframework.web.servlet.FrameworkServlet.service(FrameworkServlet.java:846)
	at org.springframework.test.web.servlet.TestDispatcherServlet.service(TestDispatcherServlet.java:71)
	at javax.servlet.http.HttpServlet.service(HttpServlet.java:790)
	at org.springframework.mock.web.MockFilterChain$ServletFilterProxy.doFilter(MockFilterChain.java:160)
	at org.springframework.mock.web.MockFilterChain.doFilter(MockFilterChain.java:127)
	at org.springframework.test.web.servlet.MockMvc.perform(MockMvc.java:151)
	at ua.profitsoft.strymeneshenko.controllers.mvc.DeleteContractControllerTest.showContracts(DeleteContractControllerTest.java:37)
	at sun.reflect.NativeMethodAccessorImpl.invoke0(Native Method)
	at sun.reflect.NativeMethodAccessorImpl.invoke(NativeMethodAccessorImpl.java:62)
	at sun.reflect.DelegatingMethodAccessorImpl.invoke(DelegatingMethodAccessorImpl.java:43)
	at java.lang.reflect.Method.invoke(Method.java:498)
	at org.junit.runners.model.FrameworkMethod$1.runReflectiveCall(FrameworkMethod.java:59)
	at org.junit.internal.runners.model.ReflectiveCallable.run(ReflectiveCallable.java:12)
	at org.junit.runners.model.FrameworkMethod.invokeExplosively(FrameworkMethod.java:56)
	at org.junit.internal.runners.statements.InvokeMethod.evaluate(InvokeMethod.java:17)
	at org.junit.internal.runners.statements.RunBefores.evaluate(RunBefores.java:26)
	at org.springframework.test.context.junit4.statements.RunBeforeTestMethodCallbacks.evaluate(RunBeforeTestMethodCallbacks.java:75)
	at org.springframework.test.context.junit4.statements.RunAfterTestMethodCallbacks.evaluate(RunAfterTestMethodCallbacks.java:86)
	at org.springframework.test.context.junit4.statements.SpringRepeat.evaluate(SpringRepeat.java:84)
	at org.junit.runners.ParentRunner.runLeaf(ParentRunner.java:365)
	at org.springframework.test.context.junit4.SpringJUnit4ClassRunner.runChild(SpringJUnit4ClassRunner.java:252)
	at org.springframework.test.context.junit4.SpringJUnit4ClassRunner.runChild(SpringJUnit4ClassRunner.java:94)
	at org.junit.runners.ParentRunner$4.run(ParentRunner.java:330)
	at org.junit.runners.ParentRunner$1.schedule(ParentRunner.java:78)
	at org.junit.runners.ParentRunner.runChildren(ParentRunner.java:328)
	at org.junit.runners.ParentRunner.access$100(ParentRunner.java:65)
	at org.junit.runners.ParentRunner$2.evaluate(ParentRunner.java:292)
	at org.springframework.test.context.junit4.statements.RunBeforeTestClassCallbacks.evaluate(RunBeforeTestClassCallbacks.java:61)
	at org.springframework.test.context.junit4.statements.RunAfterTestClassCallbacks.evaluate(RunAfterTestClassCallbacks.java:70)
	at org.junit.runners.ParentRunner$3.evaluate(ParentRunner.java:305)
	at org.junit.runners.ParentRunner.run(ParentRunner.java:412)
	at org.springframework.test.context.junit4.SpringJUnit4ClassRunner.run(SpringJUnit4ClassRunner.java:191)
	at org.apache.maven.surefire.junit4.JUnit4Provider.execute(JUnit4Provider.java:252)
	at org.apache.maven.surefire.junit4.JUnit4Provider.executeTestSet(JUnit4Provider.java:141)
	at org.apache.maven.surefire.junit4.JUnit4Provider.invoke(JUnit4Provider.java:112)
	at sun.reflect.NativeMethodAccessorImpl.invoke0(Native Method)
	at sun.reflect.NativeMethodAccessorImpl.invoke(NativeMethodAccessorImpl.java:62)
	at sun.reflect.DelegatingMethodAccessorImpl.invoke(DelegatingMethodAccessorImpl.java:43)
	at java.lang.reflect.Method.invoke(Method.java:498)
	at org.apache.maven.surefire.util.ReflectionUtils.invokeMethodWithArray(ReflectionUtils.java:189)
	at org.apache.maven.surefire.booter.ProviderFactory$ProviderProxy.invoke(ProviderFactory.java:165)
	at org.apache.maven.surefire.booter.ProviderFactory.invokeProvider(ProviderFactory.java:85)
	at org.apache.maven.surefire.booter.ForkedBooter.runSuitesInProcess(ForkedBooter.java:115)
	at org.apache.maven.surefire.booter.ForkedBooter.main(ForkedBooter.java:75)
2019-02-07 12:11:36 DEBUG AbstractDirtiesContextTestExecutionListener:106 - After test method: context [DefaultTestContext@66d3b881 testClass = DeleteContractControllerTest, testInstance = ua.profitsoft.strymeneshenko.controllers.mvc.DeleteContractControllerTest@762a10b6, testMethod = showContracts@DeleteContractControllerTest, testException = org.springframework.web.util.NestedServletException: Request processing failed; nested exception is java.lang.IllegalStateException: Transaction already active, mergedContextConfiguration = [WebMergedContextConfiguration@3a45afd4 testClass = DeleteContractControllerTest, locations = &apos;{classpath:mvc-context.xml}&apos;, classes = &apos;{}&apos;, contextInitializerClasses = &apos;[]&apos;, activeProfiles = &apos;{}&apos;, propertySourceLocations = &apos;{}&apos;, propertySourceProperties = &apos;{}&apos;, contextCustomizers = set[[empty]], resourceBasePath = &apos;src/main/webapp&apos;, contextLoader = &apos;org.springframework.test.context.web.WebDelegatingSmartContextLoader&apos;, parent = [null]]], class annotated with @DirtiesContext [false] with mode [null], method annotated with @DirtiesContext [false] with mode [null].
2019-02-07 12:11:36 DEBUG ServletTestExecutionListener:165 - Resetting RequestContextHolder for test context [DefaultTestContext@66d3b881 testClass = DeleteContractControllerTest, testInstance = ua.profitsoft.strymeneshenko.controllers.mvc.DeleteContractControllerTest@762a10b6, testMethod = showContracts@DeleteContractControllerTest, testException = org.springframework.web.util.NestedServletException: Request processing failed; nested exception is java.lang.IllegalStateException: Transaction already active, mergedContextConfiguration = [WebMergedContextConfiguration@3a45afd4 testClass = DeleteContractControllerTest, locations = &apos;{classpath:mvc-context.xml}&apos;, classes = &apos;{}&apos;, contextInitializerClasses = &apos;[]&apos;, activeProfiles = &apos;{}&apos;, propertySourceLocations = &apos;{}&apos;, propertySourceProperties = &apos;{}&apos;, contextCustomizers = set[[empty]], resourceBasePath = &apos;src/main/webapp&apos;, contextLoader = &apos;org.springframework.test.context.web.WebDelegatingSmartContextLoader&apos;, parent = [null]]].
</system-out>
  </testcase>
</testsuite>