<?xml version="1.0" encoding="UTF-8" ?>
<testsuite tests="1" failures="0" name="ua.profitsoft.strymeneshenko.controllers.mvc.AddInsuredPersonControllerTest" time="0.584" errors="1" skipped="0">
  <properties>
[...]
</properties>
  <testcase classname="ua.profitsoft.strymeneshenko.controllers.mvc.AddInsuredPersonControllerTest" name="goEdit" time="0.584">
    <error message="Request processing failed; nested exception is org.hibernate.exception.ConstraintViolationException: could not execute statement" type="org.springframework.web.util.NestedServletException">org.springframework.web.util.NestedServletException: Request processing failed; nested exception is org.hibernate.exception.ConstraintViolationException: could not execute statement
	at org.springframework.web.servlet.FrameworkServlet.processRequest(FrameworkServlet.java:982)
	at org.springframework.web.servlet.FrameworkServlet.doPost(FrameworkServlet.java:872)
	at javax.servlet.http.HttpServlet.service(HttpServlet.java:707)
	at org.springframework.web.servlet.FrameworkServlet.service(FrameworkServlet.java:846)
	at org.springframework.test.web.servlet.TestDispatcherServlet.service(TestDispatcherServlet.java:71)
	at javax.servlet.http.HttpServlet.service(HttpServlet.java:790)
	at org.springframework.mock.web.MockFilterChain$ServletFilterProxy.doFilter(MockFilterChain.java:160)
	at org.springframework.mock.web.MockFilterChain.doFilter(MockFilterChain.java:127)
	at org.springframework.test.web.servlet.MockMvc.perform(MockMvc.java:151)
	at ua.profitsoft.strymeneshenko.controllers.mvc.AddInsuredPersonControllerTest.goEdit(AddInsuredPersonControllerTest.java:37)
	at sun.reflect.NativeMethodAccessorImpl.invoke0(Native Method)
	at sun.reflect.NativeMethodAccessorImpl.invoke(NativeMethodAccessorImpl.java:62)
	at sun.reflect.DelegatingMethodAccessorImpl.invoke(DelegatingMethodAccessorImpl.java:43)
	at java.lang.reflect.Method.invoke(Method.java:498)
	at org.junit.runners.model.FrameworkMethod$1.runReflectiveCall(FrameworkMethod.java:59)
	at org.junit.internal.runners.model.ReflectiveCallable.run(ReflectiveCallable.java:12)
	at org.junit.runners.model.FrameworkMethod.invokeExplosively(FrameworkMethod.java:56)
	at org.junit.internal.runners.statements.InvokeMethod.evaluate(InvokeMethod.java:17)
	at org.junit.internal.runners.statements.RunBefores.evaluate(RunBefores.java:26)
	at org.springframework.test.context.junit4.statements.RunBeforeTestMethodCallbacks.evaluate(RunBeforeTestMethodCallbacks.java:75)
	at org.springframework.test.context.junit4.statements.RunAfterTestMethodCallbacks.evaluate(RunAfterTestMethodCallbacks.java:86)
	at org.springframework.test.context.junit4.statements.SpringRepeat.evaluate(SpringRepeat.java:84)
	at org.junit.runners.ParentRunner.runLeaf(ParentRunner.java:365)
	at org.springframework.test.context.junit4.SpringJUnit4ClassRunner.runChild(SpringJUnit4ClassRunner.java:252)
	at org.springframework.test.context.junit4.SpringJUnit4ClassRunner.runChild(SpringJUnit4ClassRunner.java:94)
	at org.junit.runners.ParentRunner$4.run(ParentRunner.java:330)
	at org.junit.runners.ParentRunner$1.schedule(ParentRunner.java:78)
	at org.junit.runners.ParentRunner.runChildren(ParentRunner.java:328)
	at org.junit.runners.ParentRunner.access$100(ParentRunner.java:65)
	at org.junit.runners.ParentRunner$2.evaluate(ParentRunner.java:292)
	at org.springframework.test.context.junit4.statements.RunBeforeTestClassCallbacks.evaluate(RunBeforeTestClassCallbacks.java:61)
	at org.springframework.test.context.junit4.statements.RunAfterTestClassCallbacks.evaluate(RunAfterTestClassCallbacks.java:70)
	at org.junit.runners.ParentRunner$3.evaluate(ParentRunner.java:305)
	at org.junit.runners.ParentRunner.run(ParentRunner.java:412)
	at org.springframework.test.context.junit4.SpringJUnit4ClassRunner.run(SpringJUnit4ClassRunner.java:191)
	at org.apache.maven.surefire.junit4.JUnit4Provider.execute(JUnit4Provider.java:252)
	at org.apache.maven.surefire.junit4.JUnit4Provider.executeTestSet(JUnit4Provider.java:141)
	at org.apache.maven.surefire.junit4.JUnit4Provider.invoke(JUnit4Provider.java:112)
	at sun.reflect.NativeMethodAccessorImpl.invoke0(Native Method)
	at sun.reflect.NativeMethodAccessorImpl.invoke(NativeMethodAccessorImpl.java:62)
	at sun.reflect.DelegatingMethodAccessorImpl.invoke(DelegatingMethodAccessorImpl.java:43)
	at java.lang.reflect.Method.invoke(Method.java:498)
	at org.apache.maven.surefire.util.ReflectionUtils.invokeMethodWithArray(ReflectionUtils.java:189)
	at org.apache.maven.surefire.booter.ProviderFactory$ProviderProxy.invoke(ProviderFactory.java:165)
	at org.apache.maven.surefire.booter.ProviderFactory.invokeProvider(ProviderFactory.java:85)
	at org.apache.maven.surefire.booter.ForkedBooter.runSuitesInProcess(ForkedBooter.java:115)
	at org.apache.maven.surefire.booter.ForkedBooter.main(ForkedBooter.java:75)
Caused by: org.hibernate.exception.ConstraintViolationException: could not execute statement
	at org.hibernate.exception.internal.SQLExceptionTypeDelegate.convert(SQLExceptionTypeDelegate.java:59)
	at org.hibernate.exception.internal.StandardSQLExceptionConverter.convert(StandardSQLExceptionConverter.java:42)
	at org.hibernate.engine.jdbc.spi.SqlExceptionHelper.convert(SqlExceptionHelper.java:113)
	at org.hibernate.engine.jdbc.spi.SqlExceptionHelper.convert(SqlExceptionHelper.java:99)
	at org.hibernate.engine.jdbc.internal.ResultSetReturnImpl.executeUpdate(ResultSetReturnImpl.java:178)
	at org.hibernate.dialect.identity.GetGeneratedKeysDelegate.executeAndExtract(GetGeneratedKeysDelegate.java:57)
	at org.hibernate.id.insert.AbstractReturningDelegate.performInsert(AbstractReturningDelegate.java:42)
	at org.hibernate.persister.entity.AbstractEntityPersister.insert(AbstractEntityPersister.java:3072)
	at org.hibernate.persister.entity.AbstractEntityPersister.insert(AbstractEntityPersister.java:3663)
	at org.hibernate.action.internal.EntityIdentityInsertAction.execute(EntityIdentityInsertAction.java:81)
	at org.hibernate.engine.spi.ActionQueue.execute(ActionQueue.java:645)
	at org.hibernate.engine.spi.ActionQueue.addResolvedEntityInsertAction(ActionQueue.java:282)
	at org.hibernate.engine.spi.ActionQueue.addInsertAction(ActionQueue.java:263)
	at org.hibernate.engine.spi.ActionQueue.addAction(ActionQueue.java:317)
	at org.hibernate.event.internal.AbstractSaveEventListener.addInsertAction(AbstractSaveEventListener.java:359)
	at org.hibernate.event.internal.AbstractSaveEventListener.performSaveOrReplicate(AbstractSaveEventListener.java:292)
	at org.hibernate.event.internal.AbstractSaveEventListener.performSave(AbstractSaveEventListener.java:200)
	at org.hibernate.event.internal.AbstractSaveEventListener.saveWithGeneratedId(AbstractSaveEventListener.java:131)
	at org.hibernate.event.internal.DefaultSaveOrUpdateEventListener.saveWithGeneratedOrRequestedId(DefaultSaveOrUpdateEventListener.java:192)
	at org.hibernate.event.internal.DefaultSaveEventListener.saveWithGeneratedOrRequestedId(DefaultSaveEventListener.java:38)
	at org.hibernate.event.internal.DefaultSaveOrUpdateEventListener.entityIsTransient(DefaultSaveOrUpdateEventListener.java:177)
	at org.hibernate.event.internal.DefaultSaveEventListener.performSaveOrUpdate(DefaultSaveEventListener.java:32)
	at org.hibernate.event.internal.DefaultSaveOrUpdateEventListener.onSaveOrUpdate(DefaultSaveOrUpdateEventListener.java:73)
	at org.hibernate.internal.SessionImpl.fireSave(SessionImpl.java:709)
	at org.hibernate.internal.SessionImpl.save(SessionImpl.java:701)
	at org.hibernate.internal.SessionImpl.save(SessionImpl.java:696)
	at ua.profitsoft.strymeneshenko.db.dao.hibernate.InsuredPersonHibernateDAO.create(InsuredPersonHibernateDAO.java:18)
	at ua.profitsoft.strymeneshenko.db.dao.hibernate.InsuredPersonHibernateDAO.create(InsuredPersonHibernateDAO.java:13)
	at ua.profitsoft.strymeneshenko.service.IService.create(IService.java:12)
	at ua.profitsoft.strymeneshenko.service.IService$$FastClassBySpringCGLIB$$e5fe419c.invoke(&lt;generated&gt;)
	at org.springframework.cglib.proxy.MethodProxy.invoke(MethodProxy.java:204)
	at org.springframework.aop.framework.CglibAopProxy$CglibMethodInvocation.invokeJoinpoint(CglibAopProxy.java:736)
	at org.springframework.aop.framework.ReflectiveMethodInvocation.proceed(ReflectiveMethodInvocation.java:157)
	at org.springframework.transaction.interceptor.TransactionInterceptor$1.proceedWithInvocation(TransactionInterceptor.java:99)
	at org.springframework.transaction.interceptor.TransactionAspectSupport.invokeWithinTransaction(TransactionAspectSupport.java:282)
	at org.springframework.transaction.interceptor.TransactionInterceptor.invoke(TransactionInterceptor.java:96)
	at org.springframework.aop.framework.ReflectiveMethodInvocation.proceed(ReflectiveMethodInvocation.java:179)
	at org.springframework.aop.framework.CglibAopProxy$DynamicAdvisedInterceptor.intercept(CglibAopProxy.java:671)
	at ua.profitsoft.strymeneshenko.service.InsuredPersonService$$EnhancerBySpringCGLIB$$b1863283.create(&lt;generated&gt;)
	at ua.profitsoft.strymeneshenko.controllers.mvc.AddInsuredPersonController.goEdit(AddInsuredPersonController.java:38)
	at sun.reflect.NativeMethodAccessorImpl.invoke0(Native Method)
	at sun.reflect.NativeMethodAccessorImpl.invoke(NativeMethodAccessorImpl.java:62)
	at sun.reflect.DelegatingMethodAccessorImpl.invoke(DelegatingMethodAccessorImpl.java:43)
	at java.lang.reflect.Method.invoke(Method.java:498)
	at org.springframework.web.method.support.InvocableHandlerMethod.doInvoke(InvocableHandlerMethod.java:221)
	at org.springframework.web.method.support.InvocableHandlerMethod.invokeForRequest(InvocableHandlerMethod.java:137)
	at org.springframework.web.servlet.mvc.method.annotation.ServletInvocableHandlerMethod.invokeAndHandle(ServletInvocableHandlerMethod.java:110)
	at org.springframework.web.servlet.mvc.method.annotation.RequestMappingHandlerAdapter.invokeHandlerMethod(RequestMappingHandlerAdapter.java:806)
	at org.springframework.web.servlet.mvc.method.annotation.RequestMappingHandlerAdapter.handleInternal(RequestMappingHandlerAdapter.java:729)
	at org.springframework.web.servlet.mvc.method.AbstractHandlerMethodAdapter.handle(AbstractHandlerMethodAdapter.java:85)
	at org.springframework.web.servlet.DispatcherServlet.doDispatch(DispatcherServlet.java:959)
	at org.springframework.web.servlet.DispatcherServlet.doService(DispatcherServlet.java:893)
	at org.springframework.web.servlet.FrameworkServlet.processRequest(FrameworkServlet.java:970)
	... 46 more
Caused by: java.sql.SQLIntegrityConstraintViolationException: Column &apos;firstName&apos; cannot be null
	at com.mysql.cj.jdbc.exceptions.SQLError.createSQLException(SQLError.java:117)
	at com.mysql.cj.jdbc.exceptions.SQLError.createSQLException(SQLError.java:97)
	at com.mysql.cj.jdbc.exceptions.SQLExceptionsMapping.translateException(SQLExceptionsMapping.java:122)
	at com.mysql.cj.jdbc.ClientPreparedStatement.executeInternal(ClientPreparedStatement.java:974)
	at com.mysql.cj.jdbc.ClientPreparedStatement.executeUpdateInternal(ClientPreparedStatement.java:1113)
	at com.mysql.cj.jdbc.ClientPreparedStatement.executeUpdateInternal(ClientPreparedStatement.java:1061)
	at com.mysql.cj.jdbc.ClientPreparedStatement.executeLargeUpdate(ClientPreparedStatement.java:1381)
	at com.mysql.cj.jdbc.ClientPreparedStatement.executeUpdate(ClientPreparedStatement.java:1046)
	at org.hibernate.engine.jdbc.internal.ResultSetReturnImpl.executeUpdate(ResultSetReturnImpl.java:175)
	... 94 more
</error>
    <system-out>2019-02-08 12:52:11 DEBUG SpringJUnit4ClassRunner:140 - SpringJUnit4ClassRunner constructor called with [class ua.profitsoft.strymeneshenko.controllers.mvc.AddInsuredPersonControllerTest]
2019-02-08 12:52:11 DEBUG BootstrapUtils:95 - Instantiating CacheAwareContextLoaderDelegate from class [org.springframework.test.context.cache.DefaultCacheAwareContextLoaderDelegate]
2019-02-08 12:52:11 DEBUG BootstrapUtils:78 - Instantiating BootstrapContext using constructor [public org.springframework.test.context.support.DefaultBootstrapContext(java.lang.Class,org.springframework.test.context.CacheAwareContextLoaderDelegate)]
2019-02-08 12:52:11 DEBUG BootstrapUtils:131 - Instantiating TestContextBootstrapper for test class [ua.profitsoft.strymeneshenko.controllers.mvc.AddInsuredPersonControllerTest] from class [org.springframework.test.context.web.WebTestContextBootstrapper]
2019-02-08 12:52:11 DEBUG AbstractDelegatingSmartContextLoader:269 - Delegating to GenericXmlWebContextLoader to process context configuration [ContextConfigurationAttributes@754ba872 declaringClass = &apos;ua.profitsoft.strymeneshenko.controllers.mvc.AddInsuredPersonControllerTest&apos;, classes = &apos;{}&apos;, locations = &apos;{classpath:mvc-context.xml}&apos;, inheritLocations = true, initializers = &apos;{}&apos;, inheritInitializers = true, name = [null], contextLoaderClass = &apos;org.springframework.test.context.ContextLoader&apos;].
2019-02-08 12:52:11 DEBUG ActiveProfilesUtils:78 - Could not find an &apos;annotation declaring class&apos; for annotation type [org.springframework.test.context.ActiveProfiles] and class [ua.profitsoft.strymeneshenko.controllers.mvc.AddInsuredPersonControllerTest]
2019-02-08 12:52:11 DEBUG WebTestContextBootstrapper:122 - @TestExecutionListeners is not present for class [ua.profitsoft.strymeneshenko.controllers.mvc.AddInsuredPersonControllerTest]: using defaults.
2019-02-08 12:52:11 INFO  WebTestContextBootstrapper:248 - Loaded default TestExecutionListener class names from location [META-INF/spring.factories]: [org.springframework.test.context.web.ServletTestExecutionListener, org.springframework.test.context.support.DirtiesContextBeforeModesTestExecutionListener, org.springframework.test.context.support.DependencyInjectionTestExecutionListener, org.springframework.test.context.support.DirtiesContextTestExecutionListener, org.springframework.test.context.transaction.TransactionalTestExecutionListener, org.springframework.test.context.jdbc.SqlScriptsTestExecutionListener]
2019-02-08 12:52:11 INFO  WebTestContextBootstrapper:174 - Using TestExecutionListeners: [org.springframework.test.context.web.ServletTestExecutionListener@5b87ed94, org.springframework.test.context.support.DirtiesContextBeforeModesTestExecutionListener@6e0e048a, org.springframework.test.context.support.DependencyInjectionTestExecutionListener@5bc79255, org.springframework.test.context.support.DirtiesContextTestExecutionListener@47ef968d, org.springframework.test.context.transaction.TransactionalTestExecutionListener@23e028a9, org.springframework.test.context.jdbc.SqlScriptsTestExecutionListener@3dd4520b]
2019-02-08 12:52:11 DEBUG ProfileValueUtils:68 - Retrieved @ProfileValueSourceConfiguration [null] for test class [ua.profitsoft.strymeneshenko.controllers.mvc.AddInsuredPersonControllerTest]
2019-02-08 12:52:11 DEBUG ProfileValueUtils:80 - Retrieved ProfileValueSource type [class org.springframework.test.annotation.SystemProfileValueSource] for class [ua.profitsoft.strymeneshenko.controllers.mvc.AddInsuredPersonControllerTest]
2019-02-08 12:52:11 DEBUG ProfileValueUtils:68 - Retrieved @ProfileValueSourceConfiguration [null] for test class [ua.profitsoft.strymeneshenko.controllers.mvc.AddInsuredPersonControllerTest]
2019-02-08 12:52:11 DEBUG ProfileValueUtils:80 - Retrieved ProfileValueSource type [class org.springframework.test.annotation.SystemProfileValueSource] for class [ua.profitsoft.strymeneshenko.controllers.mvc.AddInsuredPersonControllerTest]
2019-02-08 12:52:11 DEBUG ProfileValueUtils:68 - Retrieved @ProfileValueSourceConfiguration [null] for test class [ua.profitsoft.strymeneshenko.controllers.mvc.AddInsuredPersonControllerTest]
2019-02-08 12:52:11 DEBUG ProfileValueUtils:80 - Retrieved ProfileValueSource type [class org.springframework.test.annotation.SystemProfileValueSource] for class [ua.profitsoft.strymeneshenko.controllers.mvc.AddInsuredPersonControllerTest]
2019-02-08 12:52:11 DEBUG ProfileValueUtils:68 - Retrieved @ProfileValueSourceConfiguration [null] for test class [ua.profitsoft.strymeneshenko.controllers.mvc.AddInsuredPersonControllerTest]
2019-02-08 12:52:11 DEBUG ProfileValueUtils:80 - Retrieved ProfileValueSource type [class org.springframework.test.annotation.SystemProfileValueSource] for class [ua.profitsoft.strymeneshenko.controllers.mvc.AddInsuredPersonControllerTest]
2019-02-08 12:52:11 DEBUG AbstractDirtiesContextTestExecutionListener:141 - Before test class: context [DefaultTestContext@30b8a058 testClass = AddInsuredPersonControllerTest, testInstance = [null], testMethod = [null], testException = [null], mergedContextConfiguration = [WebMergedContextConfiguration@7494e528 testClass = AddInsuredPersonControllerTest, locations = &apos;{classpath:mvc-context.xml}&apos;, classes = &apos;{}&apos;, contextInitializerClasses = &apos;[]&apos;, activeProfiles = &apos;{}&apos;, propertySourceLocations = &apos;{}&apos;, propertySourceProperties = &apos;{}&apos;, contextCustomizers = set[[empty]], resourceBasePath = &apos;src/main/webapp&apos;, contextLoader = &apos;org.springframework.test.context.web.WebDelegatingSmartContextLoader&apos;, parent = [null]]], class annotated with @DirtiesContext [false] with mode [null].
2019-02-08 12:52:11 DEBUG ProfileValueUtils:68 - Retrieved @ProfileValueSourceConfiguration [null] for test class [ua.profitsoft.strymeneshenko.controllers.mvc.AddInsuredPersonControllerTest]
2019-02-08 12:52:11 DEBUG ProfileValueUtils:80 - Retrieved ProfileValueSource type [class org.springframework.test.annotation.SystemProfileValueSource] for class [ua.profitsoft.strymeneshenko.controllers.mvc.AddInsuredPersonControllerTest]
2019-02-08 12:52:11 DEBUG AbstractDelegatingSmartContextLoader:279 - Delegating to GenericXmlWebContextLoader to load context from [WebMergedContextConfiguration@7494e528 testClass = AddInsuredPersonControllerTest, locations = &apos;{classpath:mvc-context.xml}&apos;, classes = &apos;{}&apos;, contextInitializerClasses = &apos;[]&apos;, activeProfiles = &apos;{}&apos;, propertySourceLocations = &apos;{}&apos;, propertySourceProperties = &apos;{}&apos;, contextCustomizers = set[[empty]], resourceBasePath = &apos;src/main/webapp&apos;, contextLoader = &apos;org.springframework.test.context.web.WebDelegatingSmartContextLoader&apos;, parent = [null]].
2019-02-08 12:52:11 DEBUG AbstractGenericWebContextLoader:112 - Loading WebApplicationContext for merged context configuration [WebMergedContextConfiguration@7494e528 testClass = AddInsuredPersonControllerTest, locations = &apos;{classpath:mvc-context.xml}&apos;, classes = &apos;{}&apos;, contextInitializerClasses = &apos;[]&apos;, activeProfiles = &apos;{}&apos;, propertySourceLocations = &apos;{}&apos;, propertySourceProperties = &apos;{}&apos;, contextCustomizers = set[[empty]], resourceBasePath = &apos;src/main/webapp&apos;, contextLoader = &apos;org.springframework.test.context.web.WebDelegatingSmartContextLoader&apos;, parent = [null]].
2019-02-08 12:52:11 DEBUG StandardServletEnvironment:106 - Adding PropertySource &apos;servletConfigInitParams&apos; with lowest search precedence
2019-02-08 12:52:11 DEBUG StandardServletEnvironment:106 - Adding PropertySource &apos;servletContextInitParams&apos; with lowest search precedence
2019-02-08 12:52:11 DEBUG StandardServletEnvironment:106 - Adding PropertySource &apos;systemProperties&apos; with lowest search precedence
2019-02-08 12:52:11 DEBUG StandardServletEnvironment:106 - Adding PropertySource &apos;systemEnvironment&apos; with lowest search precedence
2019-02-08 12:52:11 DEBUG StandardServletEnvironment:125 - Initialized StandardServletEnvironment with PropertySources [StubPropertySource@1134612201 {name=&apos;servletConfigInitParams&apos;, properties=java.lang.Object@eb21112}, StubPropertySource@786041152 {name=&apos;servletContextInitParams&apos;, properties=java.lang.Object@3578436e}, MapPropertySource@1885996206 {name=&apos;systemProperties&apos;, properties={idea.version=2018.3.4, java.runtime.name=Java(TM) SE Runtime Environment, sun.boot.library.path=C:\Program Files\Java\jdk1.8.0_201\jre\bin, java.vm.version=25.201-b09, java.vm.vendor=Oracle Corporation, java.vendor.url=http://java.oracle.com/, path.separator=;, java.vm.name=Java HotSpot(TM) 64-Bit Server VM, file.encoding.pkg=sun.io, user.country=RU, user.script=, sun.java.launcher=SUN_STANDARD, sun.os.patch.level=Service Pack 1, java.vm.specification.name=Java Virtual Machine Specification, user.dir=C:\Users\user\workspace\ProfITsoftTasks-task8, java.runtime.version=1.8.0_201-b09, basedir=C:\Users\user\workspace\ProfITsoftTasks-task8, java.awt.graphicsenv=sun.awt.Win32GraphicsEnvironment, java.endorsed.dirs=C:\Program Files\Java\jdk1.8.0_201\jre\lib\endorsed, os.arch=amd64, surefire.real.class.path=C:\Users\user\workspace\ProfITsoftTasks-task8\target\surefire\surefirebooter4227925705341608614.jar, java.io.tmpdir=C:\Users\user\AppData\Local\Temp\, line.separator=
, java.vm.specification.vendor=Oracle Corporation, user.variant=, os.name=Windows 7, sun.jnu.encoding=Cp1251, java.library.path=C:\Program Files\Java\jdk1.8.0_201\jre\bin;C:\Windows\Sun\Java\bin;C:\Windows\system32;C:\Windows;C:\Program Files (x86)\Common Files\Oracle\Java\javapath;C:\Program Files (x86)\Intel\iCLS Client\;C:\Program Files\Intel\iCLS Client\;C:\Windows\system32;C:\Windows;C:\Windows\System32\Wbem;C:\Windows\System32\WindowsPowerShell\v1.0\;C:\Program Files\Intel\Intel(R) Management Engine Components\DAL;C:\Program Files (x86)\Intel\Intel(R) Management Engine Components\DAL;C:\Program Files\Intel\Intel(R) Management Engine Components\IPT;C:\Program Files (x86)\Intel\Intel(R) Management Engine Components\IPT;C:\Program Files\TortoiseSVN\bin;C:\Users\user\AppData\Local\GitHubDesktop\bin;., surefire.test.class.path=C:\Users\user\workspace\ProfITsoftTasks-task8\target\test-classes;C:\Users\user\workspace\ProfITsoftTasks-task8\target\classes;C:\Users\user\.m2\repository\junit\junit\4.13-beta-2\junit-4.13-beta-2.jar;C:\Users\user\.m2\repository\org\hamcrest\hamcrest-core\1.3\hamcrest-core-1.3.jar;C:\Users\user\.m2\repository\org\apache\commons\commons-csv\1.6\commons-csv-1.6.jar;C:\Users\user\.m2\repository\log4j\log4j\1.2.17\log4j-1.2.17.jar;C:\Users\user\.m2\repository\commons-dbcp\commons-dbcp\1.2.2\commons-dbcp-1.2.2.jar;C:\Users\user\.m2\repository\commons-pool\commons-pool\1.3\commons-pool-1.3.jar;C:\Users\user\.m2\repository\mysql\mysql-connector-java\8.0.13\mysql-connector-java-8.0.13.jar;C:\Users\user\.m2\repository\com\google\protobuf\protobuf-java\3.6.1\protobuf-java-3.6.1.jar;C:\Users\user\.m2\repository\org\springframework\spring-context\4.3.21.RELEASE\spring-context-4.3.21.RELEASE.jar;C:\Users\user\.m2\repository\org\springframework\spring-aop\4.3.21.RELEASE\spring-aop-4.3.21.RELEASE.jar;C:\Users\user\.m2\repository\org\springframework\spring-beans\4.3.21.RELEASE\spring-beans-4.3.21.RELEASE.jar;C:\Users\user\.m2\repository\org\springframework\spring-expression\4.3.21.RELEASE\spring-expression-4.3.21.RELEASE.jar;C:\Users\user\.m2\repository\org\springframework\spring-orm\4.3.21.RELEASE\spring-orm-4.3.21.RELEASE.jar;C:\Users\user\.m2\repository\org\springframework\spring-tx\4.3.21.RELEASE\spring-tx-4.3.21.RELEASE.jar;C:\Users\user\.m2\repository\org\springframework\spring-core\4.3.21.RELEASE\spring-core-4.3.21.RELEASE.jar;C:\Users\user\.m2\repository\org\springframework\spring-jdbc\4.3.21.RELEASE\spring-jdbc-4.3.21.RELEASE.jar;C:\Users\user\.m2\repository\org\springframework\spring-test\4.3.21.RELEASE\spring-test-4.3.21.RELEASE.jar;C:\Users\user\.m2\repository\org\hibernate\hibernate-core\5.3.5.Final\hibernate-core-5.3.5.Final.jar;C:\Users\user\.m2\repository\org\jboss\logging\jboss-logging\3.3.2.Final\jboss-logging-3.3.2.Final.jar;C:\Users\user\.m2\repository\javax\persistence\javax.persistence-api\2.2\javax.persistence-api-2.2.jar;C:\Users\user\.m2\repository\org\javassist\javassist\3.23.1-GA\javassist-3.23.1-GA.jar;C:\Users\user\.m2\repository\net\bytebuddy\byte-buddy\1.8.17\byte-buddy-1.8.17.jar;C:\Users\user\.m2\repository\antlr\antlr\2.7.7\antlr-2.7.7.jar;C:\Users\user\.m2\repository\org\jboss\spec\javax\transaction\jboss-transaction-api_1.2_spec\1.1.1.Final\jboss-transaction-api_1.2_spec-1.1.1.Final.jar;C:\Users\user\.m2\repository\org\jboss\jandex\2.0.5.Final\jandex-2.0.5.Final.jar;C:\Users\user\.m2\repository\com\fasterxml\classmate\1.3.4\classmate-1.3.4.jar;C:\Users\user\.m2\repository\javax\activation\javax.activation-api\1.2.0\javax.activation-api-1.2.0.jar;C:\Users\user\.m2\repository\dom4j\dom4j\1.6.1\dom4j-1.6.1.jar;C:\Users\user\.m2\repository\org\hibernate\common\hibernate-commons-annotations\5.0.4.Final\hibernate-commons-annotations-5.0.4.Final.jar;C:\Users\user\.m2\repository\org\springframework\spring-aspects\4.3.21.RELEASE\spring-aspects-4.3.21.RELEASE.jar;C:\Users\user\.m2\repository\org\aspectj\aspectjweaver\1.8.9\aspectjweaver-1.8.9.jar;C:\Users\user\.m2\repository\org\springframework\ws\spring-ws-core\3.0.6.RELEASE\spring-ws-core-3.0.6.RELEASE.jar;C:\Users\user\.m2\repository\org\springframework\ws\spring-xml\3.0.6.RELEASE\spring-xml-3.0.6.RELEASE.jar;C:\Users\user\.m2\repository\org\springframework\spring-oxm\5.0.10.RELEASE\spring-oxm-5.0.10.RELEASE.jar;C:\Users\user\.m2\repository\commons-io\commons-io\2.5\commons-io-2.5.jar;C:\Users\user\.m2\repository\wsdl4j\wsdl4j\1.6.3\wsdl4j-1.6.3.jar;C:\Users\user\.m2\repository\javax\servlet\javax.servlet-api\3.1.0\javax.servlet-api-3.1.0.jar;C:\Users\user\.m2\repository\javax\servlet\jstl\1.2\jstl-1.2.jar;C:\Users\user\.m2\repository\org\springframework\spring-web\4.2.2.RELEASE\spring-web-4.2.2.RELEASE.jar;C:\Users\user\.m2\repository\commons-logging\commons-logging\1.1.1\commons-logging-1.1.1.jar;C:\Users\user\.m2\repository\taglibs\standard\1.0\standard-1.0.jar;C:\Users\user\.m2\repository\org\springframework\spring-webmvc\4.2.2.RELEASE\spring-webmvc-4.2.2.RELEASE.jar;C:\Users\user\.m2\repository\org\hibernate\hibernate-validator\5.3.5.Final\hibernate-validator-5.3.5.Final.jar;C:\Users\user\.m2\repository\javax\validation\validation-api\1.1.0.Final\validation-api-1.1.0.Final.jar;C:\Users\user\.m2\repository\org\junit\jupiter\junit-jupiter-api\5.3.2\junit-jupiter-api-5.3.2.jar;C:\Users\user\.m2\repository\org\apiguardian\apiguardian-api\1.0.0\apiguardian-api-1.0.0.jar;C:\Users\user\.m2\repository\org\opentest4j\opentest4j\1.1.1\opentest4j-1.1.1.jar;C:\Users\user\.m2\repository\org\junit\platform\junit-platform-commons\1.3.2\junit-platform-commons-1.3.2.jar;C:\Users\user\.m2\repository\com\fasterxml\jackson\core\jackson-core\2.9.8\jackson-core-2.9.8.jar;C:\Users\user\.m2\repository\com\fasterxml\jackson\core\jackson-databind\2.9.8\jackson-databind-2.9.8.jar;C:\Users\user\.m2\repository\com\fasterxml\jackson\core\jackson-annotations\2.9.0\jackson-annotations-2.9.0.jar;C:\Users\user\.m2\repository\org\mapstruct\mapstruct\1.2.0.Final\mapstruct-1.2.0.Final.jar;C:\Users\user\.m2\repository\org\mapstruct\mapstruct-processor\1.2.0.Final\mapstruct-processor-1.2.0.Final.jar;, java.specification.name=Java Platform API Specification, java.class.version=52.0, sun.management.compiler=HotSpot 64-Bit Tiered Compilers, os.version=6.1, user.home=C:\Users\user, user.timezone=Europe/Helsinki, java.awt.printerjob=sun.awt.windows.WPrinterJob, file.encoding=Cp1251, java.specification.version=1.8, java.class.path=C:\Users\user\workspace\ProfITsoftTasks-task8\target\test-classes;C:\Users\user\workspace\ProfITsoftTasks-task8\target\classes;C:\Users\user\.m2\repository\junit\junit\4.13-beta-2\junit-4.13-beta-2.jar;C:\Users\user\.m2\repository\org\hamcrest\hamcrest-core\1.3\hamcrest-core-1.3.jar;C:\Users\user\.m2\repository\org\apache\commons\commons-csv\1.6\commons-csv-1.6.jar;C:\Users\user\.m2\repository\log4j\log4j\1.2.17\log4j-1.2.17.jar;C:\Users\user\.m2\repository\commons-dbcp\commons-dbcp\1.2.2\commons-dbcp-1.2.2.jar;C:\Users\user\.m2\repository\commons-pool\commons-pool\1.3\commons-pool-1.3.jar;C:\Users\user\.m2\repository\mysql\mysql-connector-java\8.0.13\mysql-connector-java-8.0.13.jar;C:\Users\user\.m2\repository\com\google\protobuf\protobuf-java\3.6.1\protobuf-java-3.6.1.jar;C:\Users\user\.m2\repository\org\springframework\spring-context\4.3.21.RELEASE\spring-context-4.3.21.RELEASE.jar;C:\Users\user\.m2\repository\org\springframework\spring-aop\4.3.21.RELEASE\spring-aop-4.3.21.RELEASE.jar;C:\Users\user\.m2\repository\org\springframework\spring-beans\4.3.21.RELEASE\spring-beans-4.3.21.RELEASE.jar;C:\Users\user\.m2\repository\org\springframework\spring-expression\4.3.21.RELEASE\spring-expression-4.3.21.RELEASE.jar;C:\Users\user\.m2\repository\org\springframework\spring-orm\4.3.21.RELEASE\spring-orm-4.3.21.RELEASE.jar;C:\Users\user\.m2\repository\org\springframework\spring-tx\4.3.21.RELEASE\spring-tx-4.3.21.RELEASE.jar;C:\Users\user\.m2\repository\org\springframework\spring-core\4.3.21.RELEASE\spring-core-4.3.21.RELEASE.jar;C:\Users\user\.m2\repository\org\springframework\spring-jdbc\4.3.21.RELEASE\spring-jdbc-4.3.21.RELEASE.jar;C:\Users\user\.m2\repository\org\springframework\spring-test\4.3.21.RELEASE\spring-test-4.3.21.RELEASE.jar;C:\Users\user\.m2\repository\org\hibernate\hibernate-core\5.3.5.Final\hibernate-core-5.3.5.Final.jar;C:\Users\user\.m2\repository\org\jboss\logging\jboss-logging\3.3.2.Final\jboss-logging-3.3.2.Final.jar;C:\Users\user\.m2\repository\javax\persistence\javax.persistence-api\2.2\javax.persistence-api-2.2.jar;C:\Users\user\.m2\repository\org\javassist\javassist\3.23.1-GA\javassist-3.23.1-GA.jar;C:\Users\user\.m2\repository\net\bytebuddy\byte-buddy\1.8.17\byte-buddy-1.8.17.jar;C:\Users\user\.m2\repository\antlr\antlr\2.7.7\antlr-2.7.7.jar;C:\Users\user\.m2\repository\org\jboss\spec\javax\transaction\jboss-transaction-api_1.2_spec\1.1.1.Final\jboss-transaction-api_1.2_spec-1.1.1.Final.jar;C:\Users\user\.m2\repository\org\jboss\jandex\2.0.5.Final\jandex-2.0.5.Final.jar;C:\Users\user\.m2\repository\com\fasterxml\classmate\1.3.4\classmate-1.3.4.jar;C:\Users\user\.m2\repository\javax\activation\javax.activation-api\1.2.0\javax.activation-api-1.2.0.jar;C:\Users\user\.m2\repository\dom4j\dom4j\1.6.1\dom4j-1.6.1.jar;C:\Users\user\.m2\repository\org\hibernate\common\hibernate-commons-annotations\5.0.4.Final\hibernate-commons-annotations-5.0.4.Final.jar;C:\Users\user\.m2\repository\org\springframework\spring-aspects\4.3.21.RELEASE\spring-aspects-4.3.21.RELEASE.jar;C:\Users\user\.m2\repository\org\aspectj\aspectjweaver\1.8.9\aspectjweaver-1.8.9.jar;C:\Users\user\.m2\repository\org\springframework\ws\spring-ws-core\3.0.6.RELEASE\spring-ws-core-3.0.6.RELEASE.jar;C:\Users\user\.m2\repository\org\springframework\ws\spring-xml\3.0.6.RELEASE\spring-xml-3.0.6.RELEASE.jar;C:\Users\user\.m2\repository\org\springframework\spring-oxm\5.0.10.RELEASE\spring-oxm-5.0.10.RELEASE.jar;C:\Users\user\.m2\repository\commons-io\commons-io\2.5\commons-io-2.5.jar;C:\Users\user\.m2\repository\wsdl4j\wsdl4j\1.6.3\wsdl4j-1.6.3.jar;C:\Users\user\.m2\repository\javax\servlet\javax.servlet-api\3.1.0\javax.servlet-api-3.1.0.jar;C:\Users\user\.m2\repository\javax\servlet\jstl\1.2\jstl-1.2.jar;C:\Users\user\.m2\repository\org\springframework\spring-web\4.2.2.RELEASE\spring-web-4.2.2.RELEASE.jar;C:\Users\user\.m2\repository\commons-logging\commons-logging\1.1.1\commons-logging-1.1.1.jar;C:\Users\user\.m2\repository\taglibs\standard\1.0\standard-1.0.jar;C:\Users\user\.m2\repository\org\springframework\spring-webmvc\4.2.2.RELEASE\spring-webmvc-4.2.2.RELEASE.jar;C:\Users\user\.m2\repository\org\hibernate\hibernate-validator\5.3.5.Final\hibernate-validator-5.3.5.Final.jar;C:\Users\user\.m2\repository\javax\validation\validation-api\1.1.0.Final\validation-api-1.1.0.Final.jar;C:\Users\user\.m2\repository\org\junit\jupiter\junit-jupiter-api\5.3.2\junit-jupiter-api-5.3.2.jar;C:\Users\user\.m2\repository\org\apiguardian\apiguardian-api\1.0.0\apiguardian-api-1.0.0.jar;C:\Users\user\.m2\repository\org\opentest4j\opentest4j\1.1.1\opentest4j-1.1.1.jar;C:\Users\user\.m2\repository\org\junit\platform\junit-platform-commons\1.3.2\junit-platform-commons-1.3.2.jar;C:\Users\user\.m2\repository\com\fasterxml\jackson\core\jackson-core\2.9.8\jackson-core-2.9.8.jar;C:\Users\user\.m2\repository\com\fasterxml\jackson\core\jackson-databind\2.9.8\jackson-databind-2.9.8.jar;C:\Users\user\.m2\repository\com\fasterxml\jackson\core\jackson-annotations\2.9.0\jackson-annotations-2.9.0.jar;C:\Users\user\.m2\repository\org\mapstruct\mapstruct\1.2.0.Final\mapstruct-1.2.0.Final.jar;C:\Users\user\.m2\repository\org\mapstruct\mapstruct-processor\1.2.0.Final\mapstruct-processor-1.2.0.Final.jar;, user.name=user, java.vm.specification.version=1.8, sun.java.command=C:\Users\user\workspace\ProfITsoftTasks-task8\target\surefire\surefirebooter4227925705341608614.jar C:\Users\user\workspace\ProfITsoftTasks-task8\target\surefire\surefire9148846104882782049tmp C:\Users\user\workspace\ProfITsoftTasks-task8\target\surefire\surefire_0634498095086772429tmp, java.home=C:\Program Files\Java\jdk1.8.0_201\jre, sun.arch.data.model=64, user.language=ru, java.specification.vendor=Oracle Corporation, awt.toolkit=sun.awt.windows.WToolkit, java.vm.info=mixed mode, java.version=1.8.0_201, java.ext.dirs=C:\Program Files\Java\jdk1.8.0_201\jre\lib\ext;C:\Windows\Sun\Java\lib\ext, sun.boot.class.path=C:\Program Files\Java\jdk1.8.0_201\jre\lib\resources.jar;C:\Program Files\Java\jdk1.8.0_201\jre\lib\rt.jar;C:\Program Files\Java\jdk1.8.0_201\jre\lib\sunrsasign.jar;C:\Program Files\Java\jdk1.8.0_201\jre\lib\jsse.jar;C:\Program Files\Java\jdk1.8.0_201\jre\lib\jce.jar;C:\Program Files\Java\jdk1.8.0_201\jre\lib\charsets.jar;C:\Program Files\Java\jdk1.8.0_201\jre\lib\jfr.jar;C:\Program Files\Java\jdk1.8.0_201\jre\classes, java.vendor=Oracle Corporation, localRepository=C:\Users\user\.m2\repository, file.separator=\, java.vendor.url.bug=http://bugreport.sun.com/bugreport/, sun.io.unicode.encoding=UnicodeLittle, sun.cpu.endian=little, sun.desktop=windows, sun.cpu.isalist=amd64}}, SystemEnvironmentPropertySource@1859039536 {name=&apos;systemEnvironment&apos;, properties={PATH=C:\Program Files (x86)\Common Files\Oracle\Java\javapath;C:\Program Files (x86)\Intel\iCLS Client\;C:\Program Files\Intel\iCLS Client\;C:\Windows\system32;C:\Windows;C:\Windows\System32\Wbem;C:\Windows\System32\WindowsPowerShell\v1.0\;C:\Program Files\Intel\Intel(R) Management Engine Components\DAL;C:\Program Files (x86)\Intel\Intel(R) Management Engine Components\DAL;C:\Program Files\Intel\Intel(R) Management Engine Components\IPT;C:\Program Files (x86)\Intel\Intel(R) Management Engine Components\IPT;C:\Program Files\TortoiseSVN\bin;C:\Users\user\AppData\Local\GitHubDesktop\bin, LOCALAPPDATA=C:\Users\user\AppData\Local, PROCESSOR_LEVEL=6, SYSTEMDRIVE=C:, COMMONPROGRAMFILES(X86)=C:\Program Files (x86)\Common Files, FP_NO_HOST_CHECK=NO, USERDOMAIN=ws14, LOGONSERVER=\\WS14, JAVA_HOME=C:\Program Files\Java\jdk1.8.0_201, PROMPT=$P$G, SESSIONNAME=Console, ALLUSERSPROFILE=C:\ProgramData, PROGRAMFILES(X86)=C:\Program Files (x86), PROCESSOR_ARCHITECTURE=AMD64, JRE_HOME=C:\Program Files\Java\jre1.8.0_201, PROGRAMFILES=C:\Program Files, WINDOWS_TRACING_FLAGS=3, =C:=C:\Users\user\workspace\ProfITsoftTasks-task8, APPDATA=C:\Users\user\AppData\Roaming, PSMODULEPATH=C:\Windows\system32\WindowsPowerShell\v1.0\Modules\, PROGRAMW6432=C:\Program Files, PROGRAMDATA=C:\ProgramData, SYSTEMROOT=C:\Windows, USERNAME=user, PATHEXT=.COM;.EXE;.BAT;.CMD;.VBS;.VBE;.JS;.JSE;.WSF;.WSH;.MSC, OS=Windows_NT, COMMONPROGRAMW6432=C:\Program Files\Common Files, COMPUTERNAME=WS14, COMMONPROGRAMFILES=C:\Program Files\Common Files, COMSPEC=C:\Windows\system32\cmd.exe, PROCESSOR_REVISION=3c03, WINDIR=C:\Windows, HOMEPATH=\Users\user, TEMP=C:\Users\user\AppData\Local\Temp, HOMEDRIVE=C:, PROCESSOR_IDENTIFIER=Intel64 Family 6 Model 60 Stepping 3, GenuineIntel, USERPROFILE=C:\Users\user, TMP=C:\Users\user\AppData\Local\Temp, WINDOWS_TRACING_LOGFILE=C:\BVTBin\Tests\installpackage\csilogfile.log, PUBLIC=C:\Users\Public, NUMBER_OF_PROCESSORS=4, =::=::\}}]
2019-02-08 12:52:11 DEBUG StandardServletEnvironment:254 - Activating profiles []
2019-02-08 12:52:11 INFO  XmlBeanDefinitionReader:317 - Loading XML bean definitions from class path resource [mvc-context.xml]
2019-02-08 12:52:11 DEBUG DefaultDocumentLoader:73 - Using JAXP provider [com.sun.org.apache.xerces.internal.jaxp.DocumentBuilderFactoryImpl]
2019-02-08 12:52:11 DEBUG PluggableSchemaResolver:143 - Loading schema mappings from [META-INF/spring.schemas]
2019-02-08 12:52:11 DEBUG PluggableSchemaResolver:149 - Loaded schema mappings: {http://www.springframework.org/schema/tx/spring-tx-4.3.xsd=org/springframework/transaction/config/spring-tx-4.3.xsd, http://www.springframework.org/schema/tx/spring-tx-2.5.xsd=org/springframework/transaction/config/spring-tx-2.5.xsd, http://www.springframework.org/schema/cache/spring-cache-4.2.xsd=org/springframework/cache/config/spring-cache-4.2.xsd, http://www.springframework.org/schema/aop/spring-aop-4.1.xsd=org/springframework/aop/config/spring-aop-4.1.xsd, http://www.springframework.org/schema/context/spring-context-3.1.xsd=org/springframework/context/config/spring-context-3.1.xsd, http://www.springframework.org/schema/jdbc/spring-jdbc-4.1.xsd=org/springframework/jdbc/config/spring-jdbc-4.1.xsd, http://www.springframework.org/schema/mvc/spring-mvc-4.1.xsd=org/springframework/web/servlet/config/spring-mvc-4.1.xsd, http://www.springframework.org/schema/util/spring-util-3.0.xsd=org/springframework/beans/factory/xml/spring-util-3.0.xsd, http://www.springframework.org/schema/tool/spring-tool.xsd=org/springframework/beans/factory/xml/spring-tool-4.3.xsd, http://www.springframework.org/schema/aop/spring-aop-3.2.xsd=org/springframework/aop/config/spring-aop-3.2.xsd, http://www.springframework.org/schema/lang/spring-lang-4.1.xsd=org/springframework/scripting/config/spring-lang-4.1.xsd, http://www.springframework.org/schema/context/spring-context-4.0.xsd=org/springframework/context/config/spring-context-4.0.xsd, http://www.springframework.org/schema/mvc/spring-mvc-3.2.xsd=org/springframework/web/servlet/config/spring-mvc-3.2.xsd, http://www.springframework.org/schema/beans/spring-beans-4.2.xsd=org/springframework/beans/factory/xml/spring-beans-4.2.xsd, http://www.springframework.org/schema/oxm/spring-oxm-3.0.xsd=org/springframework/oxm/config/spring-oxm.xsd, http://www.springframework.org/schema/tool/spring-tool-4.1.xsd=org/springframework/beans/factory/xml/spring-tool-4.1.xsd, http://www.springframework.org/schema/lang/spring-lang-3.2.xsd=org/springframework/scripting/config/spring-lang-3.2.xsd, http://www.springframework.org/schema/cache/spring-cache-3.2.xsd=org/springframework/cache/config/spring-cache-3.2.xsd, http://www.springframework.org/schema/jee/spring-jee-4.1.xsd=org/springframework/ejb/config/spring-jee-4.1.xsd, http://www.springframework.org/schema/jdbc/spring-jdbc-3.1.xsd=org/springframework/jdbc/config/spring-jdbc-3.1.xsd, http://www.springframework.org/schema/util/spring-util-2.0.xsd=org/springframework/beans/factory/xml/spring-util-2.0.xsd, http://www.springframework.org/schema/task/spring-task-4.2.xsd=org/springframework/scheduling/config/spring-task-4.2.xsd, http://www.springframework.org/schema/tool/spring-tool-3.2.xsd=org/springframework/beans/factory/xml/spring-tool-3.2.xsd, http://www.springframework.org/schema/context/spring-context.xsd=org/springframework/context/config/spring-context-4.3.xsd, http://www.springframework.org/schema/tx/spring-tx-4.2.xsd=org/springframework/transaction/config/spring-tx-4.2.xsd, http://www.springframework.org/schema/cache/spring-cache-4.1.xsd=org/springframework/cache/config/spring-cache-4.1.xsd, http://www.springframework.org/schema/aop/spring-aop-4.0.xsd=org/springframework/aop/config/spring-aop-4.0.xsd, http://www.springframework.org/schema/jee/spring-jee-3.2.xsd=org/springframework/ejb/config/spring-jee-3.2.xsd, http://www.springframework.org/schema/context/spring-context-3.0.xsd=org/springframework/context/config/spring-context-3.0.xsd, http://www.springframework.org/schema/jdbc/spring-jdbc-4.0.xsd=org/springframework/jdbc/config/spring-jdbc-4.0.xsd, http://www.springframework.org/schema/mvc/spring-mvc-4.0.xsd=org/springframework/web/servlet/config/spring-mvc-4.0.xsd, http://www.springframework.org/schema/util/spring-util-4.3.xsd=org/springframework/beans/factory/xml/spring-util-4.3.xsd, http://www.springframework.org/schema/util/spring-util-2.5.xsd=org/springframework/beans/factory/xml/spring-util-2.5.xsd, http://www.springframework.org/schema/beans/spring-beans-3.2.xsd=org/springframework/beans/factory/xml/spring-beans-3.2.xsd, http://www.springframework.org/schema/aop/spring-aop-3.1.xsd=org/springframework/aop/config/spring-aop-3.1.xsd, http://www.springframework.org/schema/lang/spring-lang-4.0.xsd=org/springframework/scripting/config/spring-lang-4.0.xsd, http://www.springframework.org/schema/mvc/spring-mvc.xsd=org/springframework/web/servlet/config/spring-mvc-4.2.xsd, http://www.springframework.org/schema/mvc/spring-mvc-3.1.xsd=org/springframework/web/servlet/config/spring-mvc-3.1.xsd, http://www.springframework.org/schema/beans/spring-beans-4.1.xsd=org/springframework/beans/factory/xml/spring-beans-4.1.xsd, http://www.springframework.org/schema/oxm/spring-oxm-4.3.xsd=org/springframework/oxm/config/spring-oxm.xsd, http://www.springframework.org/schema/tool/spring-tool-4.0.xsd=org/springframework/beans/factory/xml/spring-tool-4.0.xsd, http://www.springframework.org/schema/tx/spring-tx-3.2.xsd=org/springframework/transaction/config/spring-tx-3.2.xsd, http://www.springframework.org/schema/lang/spring-lang-3.1.xsd=org/springframework/scripting/config/spring-lang-3.1.xsd, http://www.springframework.org/schema/cache/spring-cache-3.1.xsd=org/springframework/cache/config/spring-cache-3.1.xsd, http://www.springframework.org/schema/jee/spring-jee-4.0.xsd=org/springframework/ejb/config/spring-jee-4.0.xsd, http://www.springframework.org/schema/jdbc/spring-jdbc-3.0.xsd=org/springframework/jdbc/config/spring-jdbc-3.0.xsd, http://www.springframework.org/schema/task/spring-task-4.1.xsd=org/springframework/scheduling/config/spring-task-4.1.xsd, http://www.springframework.org/schema/jdbc/spring-jdbc.xsd=org/springframework/jdbc/config/spring-jdbc-4.3.xsd, http://www.springframework.org/schema/tool/spring-tool-3.1.xsd=org/springframework/beans/factory/xml/spring-tool-3.1.xsd, http://www.springframework.org/schema/tx/spring-tx-4.1.xsd=org/springframework/transaction/config/spring-tx-4.1.xsd, http://www.springframework.org/schema/cache/spring-cache-4.0.xsd=org/springframework/cache/config/spring-cache-4.0.xsd, http://www.springframework.org/schema/jee/spring-jee-3.1.xsd=org/springframework/ejb/config/spring-jee-3.1.xsd, http://www.springframework.org/schema/util/spring-util-4.2.xsd=org/springframework/beans/factory/xml/spring-util-4.2.xsd, http://www.springframework.org/schema/task/spring-task-3.2.xsd=org/springframework/scheduling/config/spring-task-3.2.xsd, http://www.springframework.org/schema/beans/spring-beans-3.1.xsd=org/springframework/beans/factory/xml/spring-beans-3.1.xsd, http://www.springframework.org/schema/util/spring-util.xsd=org/springframework/beans/factory/xml/spring-util-4.3.xsd, http://www.springframework.org/schema/aop/spring-aop-3.0.xsd=org/springframework/aop/config/spring-aop-3.0.xsd, http://www.springframework.org/schema/mvc/spring-mvc-3.0.xsd=org/springframework/web/servlet/config/spring-mvc-3.0.xsd, http://www.springframework.org/schema/beans/spring-beans-4.0.xsd=org/springframework/beans/factory/xml/spring-beans-4.0.xsd, http://www.springframework.org/schema/oxm/spring-oxm-4.2.xsd=org/springframework/oxm/config/spring-oxm.xsd, http://www.springframework.org/schema/beans/spring-beans.xsd=org/springframework/beans/factory/xml/spring-beans-4.3.xsd, http://www.springframework.org/schema/web-services/web-services.xsd=/org/springframework/ws/config/web-services-2.0.xsd, http://www.springframework.org/schema/tx/spring-tx-3.1.xsd=org/springframework/transaction/config/spring-tx-3.1.xsd, http://www.springframework.org/schema/lang/spring-lang-3.0.xsd=org/springframework/scripting/config/spring-lang-3.0.xsd, http://www.springframework.org/schema/context/spring-context-2.5.xsd=org/springframework/context/config/spring-context-2.5.xsd, http://www.springframework.org/schema/context/spring-context-4.3.xsd=org/springframework/context/config/spring-context-4.3.xsd, http://www.springframework.org/schema/task/spring-task-4.0.xsd=org/springframework/scheduling/config/spring-task-4.0.xsd, http://www.springframework.org/schema/tool/spring-tool-3.0.xsd=org/springframework/beans/factory/xml/spring-tool-3.0.xsd, http://www.springframework.org/schema/tx/spring-tx-4.0.xsd=org/springframework/transaction/config/spring-tx-4.0.xsd, http://www.springframework.org/schema/aop/spring-aop-2.0.xsd=org/springframework/aop/config/spring-aop-2.0.xsd, http://www.springframework.org/schema/jee/spring-jee-3.0.xsd=org/springframework/ejb/config/spring-jee-3.0.xsd, http://www.springframework.org/schema/util/spring-util-4.1.xsd=org/springframework/beans/factory/xml/spring-util-4.1.xsd, http://www.springframework.org/schema/task/spring-task-3.1.xsd=org/springframework/scheduling/config/spring-task-3.1.xsd, http://www.springframework.org/schema/beans/spring-beans-3.0.xsd=org/springframework/beans/factory/xml/spring-beans-3.0.xsd, http://www.springframework.org/schema/jee/spring-jee.xsd=org/springframework/ejb/config/spring-jee-4.3.xsd, http://www.springframework.org/schema/aop/spring-aop-2.5.xsd=org/springframework/aop/config/spring-aop-2.5.xsd, http://www.springframework.org/schema/aop/spring-aop-4.3.xsd=org/springframework/aop/config/spring-aop-4.3.xsd, http://www.springframework.org/schema/lang/spring-lang-2.0.xsd=org/springframework/scripting/config/spring-lang-2.0.xsd, http://www.springframework.org/schema/jdbc/spring-jdbc-4.3.xsd=org/springframework/jdbc/config/spring-jdbc-4.3.xsd, http://www.springframework.org/schema/oxm/spring-oxm.xsd=org/springframework/oxm/config/spring-oxm.xsd, http://www.springframework.org/schema/util/spring-util-3.2.xsd=org/springframework/beans/factory/xml/spring-util-3.2.xsd, http://www.springframework.org/schema/oxm/spring-oxm-4.1.xsd=org/springframework/oxm/config/spring-oxm.xsd, http://www.springframework.org/schema/task/spring-task.xsd=org/springframework/scheduling/config/spring-task-4.3.xsd, http://www.springframework.org/schema/tool/spring-tool-2.0.xsd=org/springframework/beans/factory/xml/spring-tool-2.0.xsd, http://www.springframework.org/schema/tx/spring-tx-3.0.xsd=org/springframework/transaction/config/spring-tx-3.0.xsd, http://www.springframework.org/schema/lang/spring-lang-2.5.xsd=org/springframework/scripting/config/spring-lang-2.5.xsd, http://www.springframework.org/schema/lang/spring-lang-4.3.xsd=org/springframework/scripting/config/spring-lang-4.3.xsd, http://www.springframework.org/schema/context/spring-context-4.2.xsd=org/springframework/context/config/spring-context-4.2.xsd, http://www.springframework.org/schema/jee/spring-jee-2.0.xsd=org/springframework/ejb/config/spring-jee-2.0.xsd, http://www.springframework.org/schema/oxm/spring-oxm-3.2.xsd=org/springframework/oxm/config/spring-oxm.xsd, http://www.springframework.org/schema/tool/spring-tool-4.3.xsd=org/springframework/beans/factory/xml/spring-tool-4.3.xsd, http://www.springframework.org/schema/tool/spring-tool-2.5.xsd=org/springframework/beans/factory/xml/spring-tool-2.5.xsd, http://www.springframework.org/schema/jee/spring-jee-4.3.xsd=org/springframework/ejb/config/spring-jee-4.3.xsd, http://www.springframework.org/schema/jee/spring-jee-2.5.xsd=org/springframework/ejb/config/spring-jee-2.5.xsd, http://www.springframework.org/schema/web-services/web-services-2.0.xsd=/org/springframework/ws/config/web-services-2.0.xsd, http://www.springframework.org/schema/util/spring-util-4.0.xsd=org/springframework/beans/factory/xml/spring-util-4.0.xsd, http://www.springframework.org/schema/task/spring-task-3.0.xsd=org/springframework/scheduling/config/spring-task-3.0.xsd, http://www.springframework.org/schema/cache/spring-cache-4.3.xsd=org/springframework/cache/config/spring-cache-4.3.xsd, http://www.springframework.org/schema/aop/spring-aop-4.2.xsd=org/springframework/aop/config/spring-aop-4.2.xsd, http://www.springframework.org/schema/lang/spring-lang.xsd=org/springframework/scripting/config/spring-lang-4.3.xsd, http://www.springframework.org/schema/context/spring-context-3.2.xsd=org/springframework/context/config/spring-context-3.2.xsd, http://www.springframework.org/schema/jdbc/spring-jdbc-4.2.xsd=org/springframework/jdbc/config/spring-jdbc-4.2.xsd, http://www.springframework.org/schema/mvc/spring-mvc-4.2.xsd=org/springframework/web/servlet/config/spring-mvc-4.2.xsd, http://www.springframework.org/schema/util/spring-util-3.1.xsd=org/springframework/beans/factory/xml/spring-util-3.1.xsd, http://www.springframework.org/schema/beans/spring-beans-2.0.xsd=org/springframework/beans/factory/xml/spring-beans-2.0.xsd, http://www.springframework.org/schema/oxm/spring-oxm-4.0.xsd=org/springframework/oxm/config/spring-oxm.xsd, http://www.springframework.org/schema/cache/spring-cache.xsd=org/springframework/cache/config/spring-cache-4.3.xsd, http://www.springframework.org/schema/tx/spring-tx.xsd=org/springframework/transaction/config/spring-tx-4.3.xsd, http://www.springframework.org/schema/lang/spring-lang-4.2.xsd=org/springframework/scripting/config/spring-lang-4.2.xsd, http://www.springframework.org/schema/context/spring-context-4.1.xsd=org/springframework/context/config/spring-context-4.1.xsd, http://www.springframework.org/schema/beans/spring-beans-2.5.xsd=org/springframework/beans/factory/xml/spring-beans-2.5.xsd, http://www.springframework.org/schema/beans/spring-beans-4.3.xsd=org/springframework/beans/factory/xml/spring-beans-4.3.xsd, http://www.springframework.org/schema/oxm/spring-oxm-3.1.xsd=org/springframework/oxm/config/spring-oxm.xsd, http://www.springframework.org/schema/tool/spring-tool-4.2.xsd=org/springframework/beans/factory/xml/spring-tool-4.2.xsd, http://www.springframework.org/schema/tx/spring-tx-2.0.xsd=org/springframework/transaction/config/spring-tx-2.0.xsd, http://www.springframework.org/schema/jee/spring-jee-4.2.xsd=org/springframework/ejb/config/spring-jee-4.2.xsd, http://www.springframework.org/schema/web-services/web-services-1.5.xsd=/org/springframework/ws/config/web-services-1.5.xsd, http://www.springframework.org/schema/jdbc/spring-jdbc-3.2.xsd=org/springframework/jdbc/config/spring-jdbc-3.2.xsd, http://www.springframework.org/schema/task/spring-task-4.3.xsd=org/springframework/scheduling/config/spring-task-4.3.xsd, http://www.springframework.org/schema/aop/spring-aop.xsd=org/springframework/aop/config/spring-aop-4.3.xsd}
2019-02-08 12:52:11 DEBUG PluggableSchemaResolver:119 - Found XML schema [http://www.springframework.org/schema/beans/spring-beans.xsd] in classpath: org/springframework/beans/factory/xml/spring-beans-4.3.xsd
2019-02-08 12:52:11 DEBUG PluggableSchemaResolver:119 - Found XML schema [http://www.springframework.org/schema/context/spring-context.xsd] in classpath: org/springframework/context/config/spring-context-4.3.xsd
2019-02-08 12:52:11 DEBUG PluggableSchemaResolver:119 - Found XML schema [http://www.springframework.org/schema/tool/spring-tool-4.3.xsd] in classpath: org/springframework/beans/factory/xml/spring-tool-4.3.xsd
2019-02-08 12:52:11 DEBUG PluggableSchemaResolver:119 - Found XML schema [http://www.springframework.org/schema/mvc/spring-mvc.xsd] in classpath: org/springframework/web/servlet/config/spring-mvc-4.2.xsd
2019-02-08 12:52:11 DEBUG DefaultBeanDefinitionDocumentReader:92 - Loading bean definitions
2019-02-08 12:52:11 INFO  XmlBeanDefinitionReader:317 - Loading XML bean definitions from class path resource [spring-context.xml]
2019-02-08 12:52:11 DEBUG DefaultDocumentLoader:73 - Using JAXP provider [com.sun.org.apache.xerces.internal.jaxp.DocumentBuilderFactoryImpl]
2019-02-08 12:52:11 DEBUG PluggableSchemaResolver:119 - Found XML schema [http://www.springframework.org/schema/beans/spring-beans.xsd] in classpath: org/springframework/beans/factory/xml/spring-beans-4.3.xsd
2019-02-08 12:52:11 DEBUG PluggableSchemaResolver:119 - Found XML schema [http://www.springframework.org/schema/context/spring-context.xsd] in classpath: org/springframework/context/config/spring-context-4.3.xsd
2019-02-08 12:52:11 DEBUG PluggableSchemaResolver:119 - Found XML schema [http://www.springframework.org/schema/tool/spring-tool-4.3.xsd] in classpath: org/springframework/beans/factory/xml/spring-tool-4.3.xsd
2019-02-08 12:52:11 DEBUG DefaultBeanDefinitionDocumentReader:92 - Loading bean definitions
2019-02-08 12:52:11 INFO  XmlBeanDefinitionReader:317 - Loading XML bean definitions from class path resource [spring-db.xml]
2019-02-08 12:52:11 DEBUG DefaultDocumentLoader:73 - Using JAXP provider [com.sun.org.apache.xerces.internal.jaxp.DocumentBuilderFactoryImpl]
2019-02-08 12:52:11 DEBUG PluggableSchemaResolver:119 - Found XML schema [http://www.springframework.org/schema/beans/spring-beans-3.0.xsd] in classpath: org/springframework/beans/factory/xml/spring-beans-3.0.xsd
2019-02-08 12:52:11 DEBUG PluggableSchemaResolver:119 - Found XML schema [http://www.springframework.org/schema/tx/spring-tx-3.0.xsd] in classpath: org/springframework/transaction/config/spring-tx-3.0.xsd
2019-02-08 12:52:11 DEBUG PluggableSchemaResolver:119 - Found XML schema [http://www.springframework.org/schema/tool/spring-tool-3.0.xsd] in classpath: org/springframework/beans/factory/xml/spring-tool-3.0.xsd
2019-02-08 12:52:11 DEBUG DefaultBeanDefinitionDocumentReader:92 - Loading bean definitions
2019-02-08 12:52:11 DEBUG DefaultNamespaceHandlerResolver:156 - Loading NamespaceHandler mappings from [META-INF/spring.handlers]
2019-02-08 12:52:11 DEBUG DefaultNamespaceHandlerResolver:162 - Loaded NamespaceHandler mappings: {http://www.springframework.org/schema/p=org.springframework.beans.factory.xml.SimplePropertyNamespaceHandler, http://www.springframework.org/schema/mvc=org.springframework.web.servlet.config.MvcNamespaceHandler, http://www.springframework.org/schema/web-services=org.springframework.ws.config.WebServicesNamespaceHandler, http://www.springframework.org/schema/util=org.springframework.beans.factory.xml.UtilNamespaceHandler, http://www.springframework.org/schema/jee=org.springframework.ejb.config.JeeNamespaceHandler, http://www.springframework.org/schema/aop=org.springframework.aop.config.AopNamespaceHandler, http://www.springframework.org/schema/oxm=org.springframework.oxm.config.OxmNamespaceHandler, http://www.springframework.org/schema/jdbc=org.springframework.jdbc.config.JdbcNamespaceHandler, http://www.springframework.org/schema/cache=org.springframework.cache.config.CacheNamespaceHandler, http://www.springframework.org/schema/c=org.springframework.beans.factory.xml.SimpleConstructorNamespaceHandler, http://www.springframework.org/schema/tx=org.springframework.transaction.config.TxNamespaceHandler, http://www.springframework.org/schema/task=org.springframework.scheduling.config.TaskNamespaceHandler, http://www.springframework.org/schema/lang=org.springframework.scripting.config.LangNamespaceHandler, http://www.springframework.org/schema/context=org.springframework.context.config.ContextNamespaceHandler}
2019-02-08 12:52:11 DEBUG DefaultBeanDefinitionDocumentReader:252 - Imported 9 bean definitions from relative location [spring-db.xml]
2019-02-08 12:52:11 DEBUG PathMatchingResourcePatternResolver:319 - Resolved classpath location [ua/profitsoft/strymeneshenko/] to resources [URL [file:/C:/Users/user/workspace/ProfITsoftTasks-task8/target/test-classes/ua/profitsoft/strymeneshenko/], URL [file:/C:/Users/user/workspace/ProfITsoftTasks-task8/target/classes/ua/profitsoft/strymeneshenko/]]
2019-02-08 12:52:11 DEBUG PathMatchingResourcePatternResolver:748 - Looking for matching resources in directory tree [C:\Users\user\workspace\ProfITsoftTasks-task8\target\test-classes\ua\profitsoft\strymeneshenko]
2019-02-08 12:52:11 DEBUG PathMatchingResourcePatternResolver:810 - Searching directory [C:\Users\user\workspace\ProfITsoftTasks-task8\target\test-classes\ua\profitsoft\strymeneshenko] for files matching pattern [C:/Users/user/workspace/ProfITsoftTasks-task8/target/test-classes/ua/profitsoft/strymeneshenko/**/*.class]
2019-02-08 12:52:11 DEBUG PathMatchingResourcePatternResolver:810 - Searching directory [C:\Users\user\workspace\ProfITsoftTasks-task8\target\test-classes\ua\profitsoft\strymeneshenko\controllers] for files matching pattern [C:/Users/user/workspace/ProfITsoftTasks-task8/target/test-classes/ua/profitsoft/strymeneshenko/**/*.class]
2019-02-08 12:52:11 DEBUG PathMatchingResourcePatternResolver:810 - Searching directory [C:\Users\user\workspace\ProfITsoftTasks-task8\target\test-classes\ua\profitsoft\strymeneshenko\controllers\mvc] for files matching pattern [C:/Users/user/workspace/ProfITsoftTasks-task8/target/test-classes/ua/profitsoft/strymeneshenko/**/*.class]
2019-02-08 12:52:11 DEBUG PathMatchingResourcePatternResolver:810 - Searching directory [C:\Users\user\workspace\ProfITsoftTasks-task8\target\test-classes\ua\profitsoft\strymeneshenko\data] for files matching pattern [C:/Users/user/workspace/ProfITsoftTasks-task8/target/test-classes/ua/profitsoft/strymeneshenko/**/*.class]
2019-02-08 12:52:11 DEBUG PathMatchingResourcePatternResolver:810 - Searching directory [C:\Users\user\workspace\ProfITsoftTasks-task8\target\test-classes\ua\profitsoft\strymeneshenko\db] for files matching pattern [C:/Users/user/workspace/ProfITsoftTasks-task8/target/test-classes/ua/profitsoft/strymeneshenko/**/*.class]
2019-02-08 12:52:11 DEBUG PathMatchingResourcePatternResolver:810 - Searching directory [C:\Users\user\workspace\ProfITsoftTasks-task8\target\test-classes\ua\profitsoft\strymeneshenko\db\dao] for files matching pattern [C:/Users/user/workspace/ProfITsoftTasks-task8/target/test-classes/ua/profitsoft/strymeneshenko/**/*.class]
2019-02-08 12:52:11 DEBUG PathMatchingResourcePatternResolver:810 - Searching directory [C:\Users\user\workspace\ProfITsoftTasks-task8\target\test-classes\ua\profitsoft\strymeneshenko\service] for files matching pattern [C:/Users/user/workspace/ProfITsoftTasks-task8/target/test-classes/ua/profitsoft/strymeneshenko/**/*.class]
2019-02-08 12:52:11 DEBUG PathMatchingResourcePatternResolver:748 - Looking for matching resources in directory tree [C:\Users\user\workspace\ProfITsoftTasks-task8\target\classes\ua\profitsoft\strymeneshenko]
2019-02-08 12:52:11 DEBUG PathMatchingResourcePatternResolver:810 - Searching directory [C:\Users\user\workspace\ProfITsoftTasks-task8\target\classes\ua\profitsoft\strymeneshenko] for files matching pattern [C:/Users/user/workspace/ProfITsoftTasks-task8/target/classes/ua/profitsoft/strymeneshenko/**/*.class]
2019-02-08 12:52:11 DEBUG PathMatchingResourcePatternResolver:810 - Searching directory [C:\Users\user\workspace\ProfITsoftTasks-task8\target\classes\ua\profitsoft\strymeneshenko\controllers] for files matching pattern [C:/Users/user/workspace/ProfITsoftTasks-task8/target/classes/ua/profitsoft/strymeneshenko/**/*.class]
2019-02-08 12:52:11 DEBUG PathMatchingResourcePatternResolver:810 - Searching directory [C:\Users\user\workspace\ProfITsoftTasks-task8\target\classes\ua\profitsoft\strymeneshenko\controllers\mvc] for files matching pattern [C:/Users/user/workspace/ProfITsoftTasks-task8/target/classes/ua/profitsoft/strymeneshenko/**/*.class]
2019-02-08 12:52:11 DEBUG PathMatchingResourcePatternResolver:810 - Searching directory [C:\Users\user\workspace\ProfITsoftTasks-task8\target\classes\ua\profitsoft\strymeneshenko\controllers\servlets] for files matching pattern [C:/Users/user/workspace/ProfITsoftTasks-task8/target/classes/ua/profitsoft/strymeneshenko/**/*.class]
2019-02-08 12:52:11 DEBUG PathMatchingResourcePatternResolver:810 - Searching directory [C:\Users\user\workspace\ProfITsoftTasks-task8\target\classes\ua\profitsoft\strymeneshenko\data] for files matching pattern [C:/Users/user/workspace/ProfITsoftTasks-task8/target/classes/ua/profitsoft/strymeneshenko/**/*.class]
2019-02-08 12:52:11 DEBUG PathMatchingResourcePatternResolver:810 - Searching directory [C:\Users\user\workspace\ProfITsoftTasks-task8\target\classes\ua\profitsoft\strymeneshenko\db] for files matching pattern [C:/Users/user/workspace/ProfITsoftTasks-task8/target/classes/ua/profitsoft/strymeneshenko/**/*.class]
2019-02-08 12:52:11 DEBUG PathMatchingResourcePatternResolver:810 - Searching directory [C:\Users\user\workspace\ProfITsoftTasks-task8\target\classes\ua\profitsoft\strymeneshenko\db\dao] for files matching pattern [C:/Users/user/workspace/ProfITsoftTasks-task8/target/classes/ua/profitsoft/strymeneshenko/**/*.class]
2019-02-08 12:52:11 DEBUG PathMatchingResourcePatternResolver:810 - Searching directory [C:\Users\user\workspace\ProfITsoftTasks-task8\target\classes\ua\profitsoft\strymeneshenko\db\dao\file] for files matching pattern [C:/Users/user/workspace/ProfITsoftTasks-task8/target/classes/ua/profitsoft/strymeneshenko/**/*.class]
2019-02-08 12:52:11 DEBUG PathMatchingResourcePatternResolver:810 - Searching directory [C:\Users\user\workspace\ProfITsoftTasks-task8\target\classes\ua\profitsoft\strymeneshenko\db\dao\hibernate] for files matching pattern [C:/Users/user/workspace/ProfITsoftTasks-task8/target/classes/ua/profitsoft/strymeneshenko/**/*.class]
2019-02-08 12:52:11 DEBUG PathMatchingResourcePatternResolver:810 - Searching directory [C:\Users\user\workspace\ProfITsoftTasks-task8\target\classes\ua\profitsoft\strymeneshenko\db\dao\jdbctemplate] for files matching pattern [C:/Users/user/workspace/ProfITsoftTasks-task8/target/classes/ua/profitsoft/strymeneshenko/**/*.class]
2019-02-08 12:52:11 DEBUG PathMatchingResourcePatternResolver:810 - Searching directory [C:\Users\user\workspace\ProfITsoftTasks-task8\target\classes\ua\profitsoft\strymeneshenko\dict] for files matching pattern [C:/Users/user/workspace/ProfITsoftTasks-task8/target/classes/ua/profitsoft/strymeneshenko/**/*.class]
2019-02-08 12:52:11 DEBUG PathMatchingResourcePatternResolver:810 - Searching directory [C:\Users\user\workspace\ProfITsoftTasks-task8\target\classes\ua\profitsoft\strymeneshenko\endpoint] for files matching pattern [C:/Users/user/workspace/ProfITsoftTasks-task8/target/classes/ua/profitsoft/strymeneshenko/**/*.class]
2019-02-08 12:52:11 DEBUG PathMatchingResourcePatternResolver:810 - Searching directory [C:\Users\user\workspace\ProfITsoftTasks-task8\target\classes\ua\profitsoft\strymeneshenko\generate] for files matching pattern [C:/Users/user/workspace/ProfITsoftTasks-task8/target/classes/ua/profitsoft/strymeneshenko/**/*.class]
2019-02-08 12:52:11 DEBUG PathMatchingResourcePatternResolver:810 - Searching directory [C:\Users\user\workspace\ProfITsoftTasks-task8\target\classes\ua\profitsoft\strymeneshenko\mappers] for files matching pattern [C:/Users/user/workspace/ProfITsoftTasks-task8/target/classes/ua/profitsoft/strymeneshenko/**/*.class]
2019-02-08 12:52:11 DEBUG PathMatchingResourcePatternResolver:810 - Searching directory [C:\Users\user\workspace\ProfITsoftTasks-task8\target\classes\ua\profitsoft\strymeneshenko\service] for files matching pattern [C:/Users/user/workspace/ProfITsoftTasks-task8/target/classes/ua/profitsoft/strymeneshenko/**/*.class]
2019-02-08 12:52:11 DEBUG PathMatchingResourcePatternResolver:810 - Searching directory [C:\Users\user\workspace\ProfITsoftTasks-task8\target\classes\ua\profitsoft\strymeneshenko\util] for files matching pattern [C:/Users/user/workspace/ProfITsoftTasks-task8/target/classes/ua/profitsoft/strymeneshenko/**/*.class]
2019-02-08 12:52:11 DEBUG PathMatchingResourcePatternResolver:810 - Searching directory [C:\Users\user\workspace\ProfITsoftTasks-task8\target\classes\ua\profitsoft\strymeneshenko\util\hibernate] for files matching pattern [C:/Users/user/workspace/ProfITsoftTasks-task8/target/classes/ua/profitsoft/strymeneshenko/**/*.class]
2019-02-08 12:52:11 DEBUG PathMatchingResourcePatternResolver:810 - Searching directory [C:\Users\user\workspace\ProfITsoftTasks-task8\target\classes\ua\profitsoft\strymeneshenko\validate] for files matching pattern [C:/Users/user/workspace/ProfITsoftTasks-task8/target/classes/ua/profitsoft/strymeneshenko/**/*.class]
2019-02-08 12:52:11 DEBUG PathMatchingResourcePatternResolver:511 - Resolved location pattern [classpath*:ua/profitsoft/strymeneshenko/**/*.class] to resources [file [C:\Users\user\workspace\ProfITsoftTasks-task8\target\test-classes\ua\profitsoft\strymeneshenko\controllers\mvc\AddInsuredPersonControllerTest.class], file [C:\Users\user\workspace\ProfITsoftTasks-task8\target\test-classes\ua\profitsoft\strymeneshenko\controllers\mvc\DeleteContractControllerTest.class], file [C:\Users\user\workspace\ProfITsoftTasks-task8\target\test-classes\ua\profitsoft\strymeneshenko\controllers\mvc\EditContractControllerTest.class], file [C:\Users\user\workspace\ProfITsoftTasks-task8\target\test-classes\ua\profitsoft\strymeneshenko\controllers\mvc\ShowContractsControllerTest.class], file [C:\Users\user\workspace\ProfITsoftTasks-task8\target\test-classes\ua\profitsoft\strymeneshenko\controllers\mvc\ShowInfoContractControllerTest.class], file [C:\Users\user\workspace\ProfITsoftTasks-task8\target\test-classes\ua\profitsoft\strymeneshenko\data\ContractTest.class], file [C:\Users\user\workspace\ProfITsoftTasks-task8\target\test-classes\ua\profitsoft\strymeneshenko\data\InsuredPersonTest.class], file [C:\Users\user\workspace\ProfITsoftTasks-task8\target\test-classes\ua\profitsoft\strymeneshenko\db\dao\ClientHibernateDAOTest.class], file [C:\Users\user\workspace\ProfITsoftTasks-task8\target\test-classes\ua\profitsoft\strymeneshenko\db\dao\ConractsFileDAOTest.class], file [C:\Users\user\workspace\ProfITsoftTasks-task8\target\test-classes\ua\profitsoft\strymeneshenko\db\dao\ContractHibernateDAOTest.class], file [C:\Users\user\workspace\ProfITsoftTasks-task8\target\test-classes\ua\profitsoft\strymeneshenko\db\dao\InsuredPersonHibernateDAOTest.class], file [C:\Users\user\workspace\ProfITsoftTasks-task8\target\test-classes\ua\profitsoft\strymeneshenko\service\ClientServiceTest.class], file [C:\Users\user\workspace\ProfITsoftTasks-task8\target\test-classes\ua\profitsoft\strymeneshenko\service\ContractServiceTest.class], file [C:\Users\user\workspace\ProfITsoftTasks-task8\target\test-classes\ua\profitsoft\strymeneshenko\service\InsuredPersonServiceTest.class], file [C:\Users\user\workspace\ProfITsoftTasks-task8\target\classes\ua\profitsoft\strymeneshenko\controllers\mvc\AddClientController.class], file [C:\Users\user\workspace\ProfITsoftTasks-task8\target\classes\ua\profitsoft\strymeneshenko\controllers\mvc\AddContractController.class], file [C:\Users\user\workspace\ProfITsoftTasks-task8\target\classes\ua\profitsoft\strymeneshenko\controllers\mvc\AddInsuredPersonController.class], file [C:\Users\user\workspace\ProfITsoftTasks-task8\target\classes\ua\profitsoft\strymeneshenko\controllers\mvc\DeleteContractController.class], file [C:\Users\user\workspace\ProfITsoftTasks-task8\target\classes\ua\profitsoft\strymeneshenko\controllers\mvc\EditContractController.class], file [C:\Users\user\workspace\ProfITsoftTasks-task8\target\classes\ua\profitsoft\strymeneshenko\controllers\mvc\GetContractsFromWebServiceController.class], file [C:\Users\user\workspace\ProfITsoftTasks-task8\target\classes\ua\profitsoft\strymeneshenko\controllers\mvc\ShowContractsController.class], file [C:\Users\user\workspace\ProfITsoftTasks-task8\target\classes\ua\profitsoft\strymeneshenko\controllers\mvc\ShowInfoContractController.class], file [C:\Users\user\workspace\ProfITsoftTasks-task8\target\classes\ua\profitsoft\strymeneshenko\controllers\servlets\AddClientServlet.class], file [C:\Users\user\workspace\ProfITsoftTasks-task8\target\classes\ua\profitsoft\strymeneshenko\controllers\servlets\AddContractServlet.class], file [C:\Users\user\workspace\ProfITsoftTasks-task8\target\classes\ua\profitsoft\strymeneshenko\controllers\servlets\AddInsuredPersonServlet.class], file [C:\Users\user\workspace\ProfITsoftTasks-task8\target\classes\ua\profitsoft\strymeneshenko\controllers\servlets\DeleteContractServlet.class], file [C:\Users\user\workspace\ProfITsoftTasks-task8\target\classes\ua\profitsoft\strymeneshenko\controllers\servlets\EditContractServlet.class], file [C:\Users\user\workspace\ProfITsoftTasks-task8\target\classes\ua\profitsoft\strymeneshenko\controllers\servlets\ShowContractsServlet.class], file [C:\Users\user\workspace\ProfITsoftTasks-task8\target\classes\ua\profitsoft\strymeneshenko\controllers\servlets\ShowInfoContractServlet.class], file [C:\Users\user\workspace\ProfITsoftTasks-task8\target\classes\ua\profitsoft\strymeneshenko\data\Client.class], file [C:\Users\user\workspace\ProfITsoftTasks-task8\target\classes\ua\profitsoft\strymeneshenko\data\Contract$1.class], file [C:\Users\user\workspace\ProfITsoftTasks-task8\target\classes\ua\profitsoft\strymeneshenko\data\Contract$SortByDateOfBirth.class], file [C:\Users\user\workspace\ProfITsoftTasks-task8\target\classes\ua\profitsoft\strymeneshenko\data\Contract$SortByName.class], file [C:\Users\user\workspace\ProfITsoftTasks-task8\target\classes\ua\profitsoft\strymeneshenko\data\Contract.class], file [C:\Users\user\workspace\ProfITsoftTasks-task8\target\classes\ua\profitsoft\strymeneshenko\data\ContractResponse.class], file [C:\Users\user\workspace\ProfITsoftTasks-task8\target\classes\ua\profitsoft\strymeneshenko\data\Individual.class], file [C:\Users\user\workspace\ProfITsoftTasks-task8\target\classes\ua\profitsoft\strymeneshenko\data\InsuredPerson.class], file [C:\Users\user\workspace\ProfITsoftTasks-task8\target\classes\ua\profitsoft\strymeneshenko\data\LegalEntity.class], file [C:\Users\user\workspace\ProfITsoftTasks-task8\target\classes\ua\profitsoft\strymeneshenko\db\ConnectionFactory.class], file [C:\Users\user\workspace\ProfITsoftTasks-task8\target\classes\ua\profitsoft\strymeneshenko\db\dao\file\ConractsFileDAO.class], file [C:\Users\user\workspace\ProfITsoftTasks-task8\target\classes\ua\profitsoft\strymeneshenko\db\dao\hibernate\ClientHibernateDAO.class], file [C:\Users\user\workspace\ProfITsoftTasks-task8\target\classes\ua\profitsoft\strymeneshenko\db\dao\hibernate\ContractHibernateDAO.class], file [C:\Users\user\workspace\ProfITsoftTasks-task8\target\classes\ua\profitsoft\strymeneshenko\db\dao\hibernate\InsuredPersonHibernateDAO.class], file [C:\Users\user\workspace\ProfITsoftTasks-task8\target\classes\ua\profitsoft\strymeneshenko\db\dao\IDao.class], file [C:\Users\user\workspace\ProfITsoftTasks-task8\target\classes\ua\profitsoft\strymeneshenko\db\dao\jdbctemplate\ClientDAO$1.class], file [C:\Users\user\workspace\ProfITsoftTasks-task8\target\classes\ua\profitsoft\strymeneshenko\db\dao\jdbctemplate\ClientDAO.class], file [C:\Users\user\workspace\ProfITsoftTasks-task8\target\classes\ua\profitsoft\strymeneshenko\db\dao\jdbctemplate\ContractDAO$1.class], file [C:\Users\user\workspace\ProfITsoftTasks-task8\target\classes\ua\profitsoft\strymeneshenko\db\dao\jdbctemplate\ContractDAO$2.class], file [C:\Users\user\workspace\ProfITsoftTasks-task8\target\classes\ua\profitsoft\strymeneshenko\db\dao\jdbctemplate\ContractDAO$3.class], file [C:\Users\user\workspace\ProfITsoftTasks-task8\target\classes\ua\profitsoft\strymeneshenko\db\dao\jdbctemplate\ContractDAO.class], file [C:\Users\user\workspace\ProfITsoftTasks-task8\target\classes\ua\profitsoft\strymeneshenko\db\dao\jdbctemplate\InsuredPersonDAO$1.class], file [C:\Users\user\workspace\ProfITsoftTasks-task8\target\classes\ua\profitsoft\strymeneshenko\db\dao\jdbctemplate\InsuredPersonDAO.class], file [C:\Users\user\workspace\ProfITsoftTasks-task8\target\classes\ua\profitsoft\strymeneshenko\Demo.class], file [C:\Users\user\workspace\ProfITsoftTasks-task8\target\classes\ua\profitsoft\strymeneshenko\dict\IterationType.class], file [C:\Users\user\workspace\ProfITsoftTasks-task8\target\classes\ua\profitsoft\strymeneshenko\endpoint\ContractEndPoint.class], file [C:\Users\user\workspace\ProfITsoftTasks-task8\target\classes\ua\profitsoft\strymeneshenko\generate\Client.class], file [C:\Users\user\workspace\ProfITsoftTasks-task8\target\classes\ua\profitsoft\strymeneshenko\generate\Contract.class], file [C:\Users\user\workspace\ProfITsoftTasks-task8\target\classes\ua\profitsoft\strymeneshenko\generate\Evo.class], file [C:\Users\user\workspace\ProfITsoftTasks-task8\target\classes\ua\profitsoft\strymeneshenko\generate\EvoService.class], file [C:\Users\user\workspace\ProfITsoftTasks-task8\target\classes\ua\profitsoft\strymeneshenko\generate\GetAllContractsResponse.class], file [C:\Users\user\workspace\ProfITsoftTasks-task8\target\classes\ua\profitsoft\strymeneshenko\generate\Individual.class], file [C:\Users\user\workspace\ProfITsoftTasks-task8\target\classes\ua\profitsoft\strymeneshenko\generate\InsuredPerson.class], file [C:\Users\user\workspace\ProfITsoftTasks-task8\target\classes\ua\profitsoft\strymeneshenko\generate\LegalEntity.class], file [C:\Users\user\workspace\ProfITsoftTasks-task8\target\classes\ua\profitsoft\strymeneshenko\generate\ObjectFactory.class], file [C:\Users\user\workspace\ProfITsoftTasks-task8\target\classes\ua\profitsoft\strymeneshenko\generate\package-info.class], file [C:\Users\user\workspace\ProfITsoftTasks-task8\target\classes\ua\profitsoft\strymeneshenko\mappers\ClientMapper.class], file [C:\Users\user\workspace\ProfITsoftTasks-task8\target\classes\ua\profitsoft\strymeneshenko\mappers\ClientMapperImpl.class], file [C:\Users\user\workspace\ProfITsoftTasks-task8\target\classes\ua\profitsoft\strymeneshenko\mappers\ContractMapper.class], file [C:\Users\user\workspace\ProfITsoftTasks-task8\target\classes\ua\profitsoft\strymeneshenko\mappers\ContractMapperImpl.class], file [C:\Users\user\workspace\ProfITsoftTasks-task8\target\classes\ua\profitsoft\strymeneshenko\mappers\ContractResponseMapper.class], file [C:\Users\user\workspace\ProfITsoftTasks-task8\target\classes\ua\profitsoft\strymeneshenko\mappers\ContractResponseMapperImpl.class], file [C:\Users\user\workspace\ProfITsoftTasks-task8\target\classes\ua\profitsoft\strymeneshenko\mappers\InsuredPersonMapper.class], file [C:\Users\user\workspace\ProfITsoftTasks-task8\target\classes\ua\profitsoft\strymeneshenko\mappers\InsuredPersonMapperImpl.class], file [C:\Users\user\workspace\ProfITsoftTasks-task8\target\classes\ua\profitsoft\strymeneshenko\service\ClientService.class], file [C:\Users\user\workspace\ProfITsoftTasks-task8\target\classes\ua\profitsoft\strymeneshenko\service\ContractService.class], file [C:\Users\user\workspace\ProfITsoftTasks-task8\target\classes\ua\profitsoft\strymeneshenko\service\InsuredPersonService.class], file [C:\Users\user\workspace\ProfITsoftTasks-task8\target\classes\ua\profitsoft\strymeneshenko\service\IService.class], file [C:\Users\user\workspace\ProfITsoftTasks-task8\target\classes\ua\profitsoft\strymeneshenko\util\hibernate\HibernateUtil.class], file [C:\Users\user\workspace\ProfITsoftTasks-task8\target\classes\ua\profitsoft\strymeneshenko\util\UtilDate.class], file [C:\Users\user\workspace\ProfITsoftTasks-task8\target\classes\ua\profitsoft\strymeneshenko\validate\ClientValidate.class], file [C:\Users\user\workspace\ProfITsoftTasks-task8\target\classes\ua\profitsoft\strymeneshenko\validate\ContractValidate.class], file [C:\Users\user\workspace\ProfITsoftTasks-task8\target\classes\ua\profitsoft\strymeneshenko\validate\InsuredPersonValidate.class], file [C:\Users\user\workspace\ProfITsoftTasks-task8\target\classes\ua\profitsoft\strymeneshenko\validate\IValidate.class]]
2019-02-08 12:52:11 DEBUG ClassPathBeanDefinitionScanner:294 - Identified candidate component class: file [C:\Users\user\workspace\ProfITsoftTasks-task8\target\classes\ua\profitsoft\strymeneshenko\controllers\mvc\AddClientController.class]
2019-02-08 12:52:11 DEBUG ClassPathBeanDefinitionScanner:294 - Identified candidate component class: file [C:\Users\user\workspace\ProfITsoftTasks-task8\target\classes\ua\profitsoft\strymeneshenko\controllers\mvc\AddContractController.class]
2019-02-08 12:52:11 DEBUG ClassPathBeanDefinitionScanner:294 - Identified candidate component class: file [C:\Users\user\workspace\ProfITsoftTasks-task8\target\classes\ua\profitsoft\strymeneshenko\controllers\mvc\AddInsuredPersonController.class]
2019-02-08 12:52:11 DEBUG ClassPathBeanDefinitionScanner:294 - Identified candidate component class: file [C:\Users\user\workspace\ProfITsoftTasks-task8\target\classes\ua\profitsoft\strymeneshenko\controllers\mvc\DeleteContractController.class]
2019-02-08 12:52:11 DEBUG ClassPathBeanDefinitionScanner:294 - Identified candidate component class: file [C:\Users\user\workspace\ProfITsoftTasks-task8\target\classes\ua\profitsoft\strymeneshenko\controllers\mvc\EditContractController.class]
2019-02-08 12:52:11 DEBUG ClassPathBeanDefinitionScanner:294 - Identified candidate component class: file [C:\Users\user\workspace\ProfITsoftTasks-task8\target\classes\ua\profitsoft\strymeneshenko\controllers\mvc\GetContractsFromWebServiceController.class]
2019-02-08 12:52:11 DEBUG ClassPathBeanDefinitionScanner:294 - Identified candidate component class: file [C:\Users\user\workspace\ProfITsoftTasks-task8\target\classes\ua\profitsoft\strymeneshenko\controllers\mvc\ShowContractsController.class]
2019-02-08 12:52:11 DEBUG ClassPathBeanDefinitionScanner:294 - Identified candidate component class: file [C:\Users\user\workspace\ProfITsoftTasks-task8\target\classes\ua\profitsoft\strymeneshenko\controllers\mvc\ShowInfoContractController.class]
2019-02-08 12:52:11 DEBUG ClassPathBeanDefinitionScanner:294 - Identified candidate component class: file [C:\Users\user\workspace\ProfITsoftTasks-task8\target\classes\ua\profitsoft\strymeneshenko\endpoint\ContractEndPoint.class]
2019-02-08 12:52:11 DEBUG DefaultBeanDefinitionDocumentReader:252 - Imported 40 bean definitions from relative location [spring-context.xml]
2019-02-08 12:52:11 DEBUG PathMatchingResourcePatternResolver:319 - Resolved classpath location [ua/profitsoft/strymeneshenko/] to resources [URL [file:/C:/Users/user/workspace/ProfITsoftTasks-task8/target/test-classes/ua/profitsoft/strymeneshenko/], URL [file:/C:/Users/user/workspace/ProfITsoftTasks-task8/target/classes/ua/profitsoft/strymeneshenko/]]
2019-02-08 12:52:11 DEBUG PathMatchingResourcePatternResolver:748 - Looking for matching resources in directory tree [C:\Users\user\workspace\ProfITsoftTasks-task8\target\test-classes\ua\profitsoft\strymeneshenko]
2019-02-08 12:52:11 DEBUG PathMatchingResourcePatternResolver:810 - Searching directory [C:\Users\user\workspace\ProfITsoftTasks-task8\target\test-classes\ua\profitsoft\strymeneshenko] for files matching pattern [C:/Users/user/workspace/ProfITsoftTasks-task8/target/test-classes/ua/profitsoft/strymeneshenko/**/*.class]
2019-02-08 12:52:11 DEBUG PathMatchingResourcePatternResolver:810 - Searching directory [C:\Users\user\workspace\ProfITsoftTasks-task8\target\test-classes\ua\profitsoft\strymeneshenko\controllers] for files matching pattern [C:/Users/user/workspace/ProfITsoftTasks-task8/target/test-classes/ua/profitsoft/strymeneshenko/**/*.class]
2019-02-08 12:52:11 DEBUG PathMatchingResourcePatternResolver:810 - Searching directory [C:\Users\user\workspace\ProfITsoftTasks-task8\target\test-classes\ua\profitsoft\strymeneshenko\controllers\mvc] for files matching pattern [C:/Users/user/workspace/ProfITsoftTasks-task8/target/test-classes/ua/profitsoft/strymeneshenko/**/*.class]
2019-02-08 12:52:11 DEBUG PathMatchingResourcePatternResolver:810 - Searching directory [C:\Users\user\workspace\ProfITsoftTasks-task8\target\test-classes\ua\profitsoft\strymeneshenko\data] for files matching pattern [C:/Users/user/workspace/ProfITsoftTasks-task8/target/test-classes/ua/profitsoft/strymeneshenko/**/*.class]
[...]
	at org.springframework.web.method.support.InvocableHandlerMethod.doInvoke(InvocableHandlerMethod.java:221)
	at org.springframework.web.method.support.InvocableHandlerMethod.invokeForRequest(InvocableHandlerMethod.java:137)
	at org.springframework.web.servlet.mvc.method.annotation.ServletInvocableHandlerMethod.invokeAndHandle(ServletInvocableHandlerMethod.java:110)
	at org.springframework.web.servlet.mvc.method.annotation.RequestMappingHandlerAdapter.invokeHandlerMethod(RequestMappingHandlerAdapter.java:806)
	at org.springframework.web.servlet.mvc.method.annotation.RequestMappingHandlerAdapter.handleInternal(RequestMappingHandlerAdapter.java:729)
	at org.springframework.web.servlet.mvc.method.AbstractHandlerMethodAdapter.handle(AbstractHandlerMethodAdapter.java:85)
	at org.springframework.web.servlet.DispatcherServlet.doDispatch(DispatcherServlet.java:959)
	at org.springframework.web.servlet.DispatcherServlet.doService(DispatcherServlet.java:893)
	at org.springframework.web.servlet.FrameworkServlet.processRequest(FrameworkServlet.java:970)
	at org.springframework.web.servlet.FrameworkServlet.doPost(FrameworkServlet.java:872)
	at javax.servlet.http.HttpServlet.service(HttpServlet.java:707)
	at org.springframework.web.servlet.FrameworkServlet.service(FrameworkServlet.java:846)
	at org.springframework.test.web.servlet.TestDispatcherServlet.service(TestDispatcherServlet.java:71)
	at javax.servlet.http.HttpServlet.service(HttpServlet.java:790)
	at org.springframework.mock.web.MockFilterChain$ServletFilterProxy.doFilter(MockFilterChain.java:160)
	at org.springframework.mock.web.MockFilterChain.doFilter(MockFilterChain.java:127)
	at org.springframework.test.web.servlet.MockMvc.perform(MockMvc.java:151)
	at ua.profitsoft.strymeneshenko.controllers.mvc.AddInsuredPersonControllerTest.goEdit(AddInsuredPersonControllerTest.java:37)
	at sun.reflect.NativeMethodAccessorImpl.invoke0(Native Method)
	at sun.reflect.NativeMethodAccessorImpl.invoke(NativeMethodAccessorImpl.java:62)
	at sun.reflect.DelegatingMethodAccessorImpl.invoke(DelegatingMethodAccessorImpl.java:43)
	at java.lang.reflect.Method.invoke(Method.java:498)
	at org.junit.runners.model.FrameworkMethod$1.runReflectiveCall(FrameworkMethod.java:59)
	at org.junit.internal.runners.model.ReflectiveCallable.run(ReflectiveCallable.java:12)
	at org.junit.runners.model.FrameworkMethod.invokeExplosively(FrameworkMethod.java:56)
	at org.junit.internal.runners.statements.InvokeMethod.evaluate(InvokeMethod.java:17)
	at org.junit.internal.runners.statements.RunBefores.evaluate(RunBefores.java:26)
	at org.springframework.test.context.junit4.statements.RunBeforeTestMethodCallbacks.evaluate(RunBeforeTestMethodCallbacks.java:75)
	at org.springframework.test.context.junit4.statements.RunAfterTestMethodCallbacks.evaluate(RunAfterTestMethodCallbacks.java:86)
	at org.springframework.test.context.junit4.statements.SpringRepeat.evaluate(SpringRepeat.java:84)
	at org.junit.runners.ParentRunner.runLeaf(ParentRunner.java:365)
	at org.springframework.test.context.junit4.SpringJUnit4ClassRunner.runChild(SpringJUnit4ClassRunner.java:252)
	at org.springframework.test.context.junit4.SpringJUnit4ClassRunner.runChild(SpringJUnit4ClassRunner.java:94)
	at org.junit.runners.ParentRunner$4.run(ParentRunner.java:330)
	at org.junit.runners.ParentRunner$1.schedule(ParentRunner.java:78)
	at org.junit.runners.ParentRunner.runChildren(ParentRunner.java:328)
	at org.junit.runners.ParentRunner.access$100(ParentRunner.java:65)
	at org.junit.runners.ParentRunner$2.evaluate(ParentRunner.java:292)
	at org.springframework.test.context.junit4.statements.RunBeforeTestClassCallbacks.evaluate(RunBeforeTestClassCallbacks.java:61)
	at org.springframework.test.context.junit4.statements.RunAfterTestClassCallbacks.evaluate(RunAfterTestClassCallbacks.java:70)
	at org.junit.runners.ParentRunner$3.evaluate(ParentRunner.java:305)
	at org.junit.runners.ParentRunner.run(ParentRunner.java:412)
	at org.springframework.test.context.junit4.SpringJUnit4ClassRunner.run(SpringJUnit4ClassRunner.java:191)
	at org.apache.maven.surefire.junit4.JUnit4Provider.execute(JUnit4Provider.java:252)
	at org.apache.maven.surefire.junit4.JUnit4Provider.executeTestSet(JUnit4Provider.java:141)
	at org.apache.maven.surefire.junit4.JUnit4Provider.invoke(JUnit4Provider.java:112)
	at sun.reflect.NativeMethodAccessorImpl.invoke0(Native Method)
	at sun.reflect.NativeMethodAccessorImpl.invoke(NativeMethodAccessorImpl.java:62)
	at sun.reflect.DelegatingMethodAccessorImpl.invoke(DelegatingMethodAccessorImpl.java:43)
	at java.lang.reflect.Method.invoke(Method.java:498)
	at org.apache.maven.surefire.util.ReflectionUtils.invokeMethodWithArray(ReflectionUtils.java:189)
	at org.apache.maven.surefire.booter.ProviderFactory$ProviderProxy.invoke(ProviderFactory.java:165)
	at org.apache.maven.surefire.booter.ProviderFactory.invokeProvider(ProviderFactory.java:85)
	at org.apache.maven.surefire.booter.ForkedBooter.runSuitesInProcess(ForkedBooter.java:115)
	at org.apache.maven.surefire.booter.ForkedBooter.main(ForkedBooter.java:75)
2019-02-08 12:52:15 WARN  SqlExceptionHelper:137 - SQL Error: 1048, SQLState: 23000
2019-02-08 12:52:15 ERROR SqlExceptionHelper:142 - Column &apos;firstName&apos; cannot be null
2019-02-08 12:52:15 DEBUG HibernateTransactionManager:855 - Initiating transaction rollback
2019-02-08 12:52:15 DEBUG HibernateTransactionManager:604 - Rolling back Hibernate transaction on Session [SessionImpl(2131723476&lt;open&gt;)]
2019-02-08 12:52:15 DEBUG TransactionImpl:136 - rolling back
2019-02-08 12:52:15 DEBUG HibernateTransactionManager:680 - Closing Hibernate Session [SessionImpl(2131723476&lt;open&gt;)] after transaction
2019-02-08 12:52:15 DEBUG ExceptionHandlerExceptionResolver:133 - Resolving exception from handler [public org.springframework.web.servlet.ModelAndView ua.profitsoft.strymeneshenko.controllers.mvc.AddInsuredPersonController.goEdit(ua.profitsoft.strymeneshenko.data.InsuredPerson,org.springframework.validation.BindingResult) throws java.lang.Exception]: org.hibernate.exception.ConstraintViolationException: could not execute statement
2019-02-08 12:52:15 DEBUG ResponseStatusExceptionResolver:133 - Resolving exception from handler [public org.springframework.web.servlet.ModelAndView ua.profitsoft.strymeneshenko.controllers.mvc.AddInsuredPersonController.goEdit(ua.profitsoft.strymeneshenko.data.InsuredPerson,org.springframework.validation.BindingResult) throws java.lang.Exception]: org.hibernate.exception.ConstraintViolationException: could not execute statement
2019-02-08 12:52:15 DEBUG DefaultHandlerExceptionResolver:133 - Resolving exception from handler [public org.springframework.web.servlet.ModelAndView ua.profitsoft.strymeneshenko.controllers.mvc.AddInsuredPersonController.goEdit(ua.profitsoft.strymeneshenko.data.InsuredPerson,org.springframework.validation.BindingResult) throws java.lang.Exception]: org.hibernate.exception.ConstraintViolationException: could not execute statement
2019-02-08 12:52:15 DEBUG TestDispatcherServlet:993 - Could not complete request
org.hibernate.exception.ConstraintViolationException: could not execute statement
	at org.hibernate.exception.internal.SQLExceptionTypeDelegate.convert(SQLExceptionTypeDelegate.java:59)
	at org.hibernate.exception.internal.StandardSQLExceptionConverter.convert(StandardSQLExceptionConverter.java:42)
	at org.hibernate.engine.jdbc.spi.SqlExceptionHelper.convert(SqlExceptionHelper.java:113)
	at org.hibernate.engine.jdbc.spi.SqlExceptionHelper.convert(SqlExceptionHelper.java:99)
	at org.hibernate.engine.jdbc.internal.ResultSetReturnImpl.executeUpdate(ResultSetReturnImpl.java:178)
	at org.hibernate.dialect.identity.GetGeneratedKeysDelegate.executeAndExtract(GetGeneratedKeysDelegate.java:57)
	at org.hibernate.id.insert.AbstractReturningDelegate.performInsert(AbstractReturningDelegate.java:42)
	at org.hibernate.persister.entity.AbstractEntityPersister.insert(AbstractEntityPersister.java:3072)
	at org.hibernate.persister.entity.AbstractEntityPersister.insert(AbstractEntityPersister.java:3663)
	at org.hibernate.action.internal.EntityIdentityInsertAction.execute(EntityIdentityInsertAction.java:81)
	at org.hibernate.engine.spi.ActionQueue.execute(ActionQueue.java:645)
	at org.hibernate.engine.spi.ActionQueue.addResolvedEntityInsertAction(ActionQueue.java:282)
	at org.hibernate.engine.spi.ActionQueue.addInsertAction(ActionQueue.java:263)
	at org.hibernate.engine.spi.ActionQueue.addAction(ActionQueue.java:317)
	at org.hibernate.event.internal.AbstractSaveEventListener.addInsertAction(AbstractSaveEventListener.java:359)
	at org.hibernate.event.internal.AbstractSaveEventListener.performSaveOrReplicate(AbstractSaveEventListener.java:292)
	at org.hibernate.event.internal.AbstractSaveEventListener.performSave(AbstractSaveEventListener.java:200)
	at org.hibernate.event.internal.AbstractSaveEventListener.saveWithGeneratedId(AbstractSaveEventListener.java:131)
	at org.hibernate.event.internal.DefaultSaveOrUpdateEventListener.saveWithGeneratedOrRequestedId(DefaultSaveOrUpdateEventListener.java:192)
	at org.hibernate.event.internal.DefaultSaveEventListener.saveWithGeneratedOrRequestedId(DefaultSaveEventListener.java:38)
	at org.hibernate.event.internal.DefaultSaveOrUpdateEventListener.entityIsTransient(DefaultSaveOrUpdateEventListener.java:177)
	at org.hibernate.event.internal.DefaultSaveEventListener.performSaveOrUpdate(DefaultSaveEventListener.java:32)
	at org.hibernate.event.internal.DefaultSaveOrUpdateEventListener.onSaveOrUpdate(DefaultSaveOrUpdateEventListener.java:73)
	at org.hibernate.internal.SessionImpl.fireSave(SessionImpl.java:709)
	at org.hibernate.internal.SessionImpl.save(SessionImpl.java:701)
	at org.hibernate.internal.SessionImpl.save(SessionImpl.java:696)
	at ua.profitsoft.strymeneshenko.db.dao.hibernate.InsuredPersonHibernateDAO.create(InsuredPersonHibernateDAO.java:18)
	at ua.profitsoft.strymeneshenko.db.dao.hibernate.InsuredPersonHibernateDAO.create(InsuredPersonHibernateDAO.java:13)
	at ua.profitsoft.strymeneshenko.service.IService.create(IService.java:12)
	at ua.profitsoft.strymeneshenko.service.IService$$FastClassBySpringCGLIB$$e5fe419c.invoke(&lt;generated&gt;)
	at org.springframework.cglib.proxy.MethodProxy.invoke(MethodProxy.java:204)
	at org.springframework.aop.framework.CglibAopProxy$CglibMethodInvocation.invokeJoinpoint(CglibAopProxy.java:736)
	at org.springframework.aop.framework.ReflectiveMethodInvocation.proceed(ReflectiveMethodInvocation.java:157)
	at org.springframework.transaction.interceptor.TransactionInterceptor$1.proceedWithInvocation(TransactionInterceptor.java:99)
	at org.springframework.transaction.interceptor.TransactionAspectSupport.invokeWithinTransaction(TransactionAspectSupport.java:282)
	at org.springframework.transaction.interceptor.TransactionInterceptor.invoke(TransactionInterceptor.java:96)
	at org.springframework.aop.framework.ReflectiveMethodInvocation.proceed(ReflectiveMethodInvocation.java:179)
	at org.springframework.aop.framework.CglibAopProxy$DynamicAdvisedInterceptor.intercept(CglibAopProxy.java:671)
	at ua.profitsoft.strymeneshenko.service.InsuredPersonService$$EnhancerBySpringCGLIB$$b1863283.create(&lt;generated&gt;)
	at ua.profitsoft.strymeneshenko.controllers.mvc.AddInsuredPersonController.goEdit(AddInsuredPersonController.java:38)
	at sun.reflect.NativeMethodAccessorImpl.invoke0(Native Method)
	at sun.reflect.NativeMethodAccessorImpl.invoke(NativeMethodAccessorImpl.java:62)
	at sun.reflect.DelegatingMethodAccessorImpl.invoke(DelegatingMethodAccessorImpl.java:43)
	at java.lang.reflect.Method.invoke(Method.java:498)
	at org.springframework.web.method.support.InvocableHandlerMethod.doInvoke(InvocableHandlerMethod.java:221)
	at org.springframework.web.method.support.InvocableHandlerMethod.invokeForRequest(InvocableHandlerMethod.java:137)
	at org.springframework.web.servlet.mvc.method.annotation.ServletInvocableHandlerMethod.invokeAndHandle(ServletInvocableHandlerMethod.java:110)
	at org.springframework.web.servlet.mvc.method.annotation.RequestMappingHandlerAdapter.invokeHandlerMethod(RequestMappingHandlerAdapter.java:806)
	at org.springframework.web.servlet.mvc.method.annotation.RequestMappingHandlerAdapter.handleInternal(RequestMappingHandlerAdapter.java:729)
	at org.springframework.web.servlet.mvc.method.AbstractHandlerMethodAdapter.handle(AbstractHandlerMethodAdapter.java:85)
	at org.springframework.web.servlet.DispatcherServlet.doDispatch(DispatcherServlet.java:959)
	at org.springframework.web.servlet.DispatcherServlet.doService(DispatcherServlet.java:893)
	at org.springframework.web.servlet.FrameworkServlet.processRequest(FrameworkServlet.java:970)
	at org.springframework.web.servlet.FrameworkServlet.doPost(FrameworkServlet.java:872)
	at javax.servlet.http.HttpServlet.service(HttpServlet.java:707)
	at org.springframework.web.servlet.FrameworkServlet.service(FrameworkServlet.java:846)
	at org.springframework.test.web.servlet.TestDispatcherServlet.service(TestDispatcherServlet.java:71)
	at javax.servlet.http.HttpServlet.service(HttpServlet.java:790)
	at org.springframework.mock.web.MockFilterChain$ServletFilterProxy.doFilter(MockFilterChain.java:160)
	at org.springframework.mock.web.MockFilterChain.doFilter(MockFilterChain.java:127)
	at org.springframework.test.web.servlet.MockMvc.perform(MockMvc.java:151)
	at ua.profitsoft.strymeneshenko.controllers.mvc.AddInsuredPersonControllerTest.goEdit(AddInsuredPersonControllerTest.java:37)
	at sun.reflect.NativeMethodAccessorImpl.invoke0(Native Method)
	at sun.reflect.NativeMethodAccessorImpl.invoke(NativeMethodAccessorImpl.java:62)
	at sun.reflect.DelegatingMethodAccessorImpl.invoke(DelegatingMethodAccessorImpl.java:43)
	at java.lang.reflect.Method.invoke(Method.java:498)
	at org.junit.runners.model.FrameworkMethod$1.runReflectiveCall(FrameworkMethod.java:59)
	at org.junit.internal.runners.model.ReflectiveCallable.run(ReflectiveCallable.java:12)
	at org.junit.runners.model.FrameworkMethod.invokeExplosively(FrameworkMethod.java:56)
	at org.junit.internal.runners.statements.InvokeMethod.evaluate(InvokeMethod.java:17)
	at org.junit.internal.runners.statements.RunBefores.evaluate(RunBefores.java:26)
	at org.springframework.test.context.junit4.statements.RunBeforeTestMethodCallbacks.evaluate(RunBeforeTestMethodCallbacks.java:75)
	at org.springframework.test.context.junit4.statements.RunAfterTestMethodCallbacks.evaluate(RunAfterTestMethodCallbacks.java:86)
	at org.springframework.test.context.junit4.statements.SpringRepeat.evaluate(SpringRepeat.java:84)
	at org.junit.runners.ParentRunner.runLeaf(ParentRunner.java:365)
	at org.springframework.test.context.junit4.SpringJUnit4ClassRunner.runChild(SpringJUnit4ClassRunner.java:252)
	at org.springframework.test.context.junit4.SpringJUnit4ClassRunner.runChild(SpringJUnit4ClassRunner.java:94)
	at org.junit.runners.ParentRunner$4.run(ParentRunner.java:330)
	at org.junit.runners.ParentRunner$1.schedule(ParentRunner.java:78)
	at org.junit.runners.ParentRunner.runChildren(ParentRunner.java:328)
	at org.junit.runners.ParentRunner.access$100(ParentRunner.java:65)
	at org.junit.runners.ParentRunner$2.evaluate(ParentRunner.java:292)
	at org.springframework.test.context.junit4.statements.RunBeforeTestClassCallbacks.evaluate(RunBeforeTestClassCallbacks.java:61)
	at org.springframework.test.context.junit4.statements.RunAfterTestClassCallbacks.evaluate(RunAfterTestClassCallbacks.java:70)
	at org.junit.runners.ParentRunner$3.evaluate(ParentRunner.java:305)
	at org.junit.runners.ParentRunner.run(ParentRunner.java:412)
	at org.springframework.test.context.junit4.SpringJUnit4ClassRunner.run(SpringJUnit4ClassRunner.java:191)
	at org.apache.maven.surefire.junit4.JUnit4Provider.execute(JUnit4Provider.java:252)
	at org.apache.maven.surefire.junit4.JUnit4Provider.executeTestSet(JUnit4Provider.java:141)
	at org.apache.maven.surefire.junit4.JUnit4Provider.invoke(JUnit4Provider.java:112)
	at sun.reflect.NativeMethodAccessorImpl.invoke0(Native Method)
	at sun.reflect.NativeMethodAccessorImpl.invoke(NativeMethodAccessorImpl.java:62)
	at sun.reflect.DelegatingMethodAccessorImpl.invoke(DelegatingMethodAccessorImpl.java:43)
	at java.lang.reflect.Method.invoke(Method.java:498)
	at org.apache.maven.surefire.util.ReflectionUtils.invokeMethodWithArray(ReflectionUtils.java:189)
	at org.apache.maven.surefire.booter.ProviderFactory$ProviderProxy.invoke(ProviderFactory.java:165)
	at org.apache.maven.surefire.booter.ProviderFactory.invokeProvider(ProviderFactory.java:85)
	at org.apache.maven.surefire.booter.ForkedBooter.runSuitesInProcess(ForkedBooter.java:115)
	at org.apache.maven.surefire.booter.ForkedBooter.main(ForkedBooter.java:75)
Caused by: java.sql.SQLIntegrityConstraintViolationException: Column &apos;firstName&apos; cannot be null
	at com.mysql.cj.jdbc.exceptions.SQLError.createSQLException(SQLError.java:117)
	at com.mysql.cj.jdbc.exceptions.SQLError.createSQLException(SQLError.java:97)
	at com.mysql.cj.jdbc.exceptions.SQLExceptionsMapping.translateException(SQLExceptionsMapping.java:122)
	at com.mysql.cj.jdbc.ClientPreparedStatement.executeInternal(ClientPreparedStatement.java:974)
	at com.mysql.cj.jdbc.ClientPreparedStatement.executeUpdateInternal(ClientPreparedStatement.java:1113)
	at com.mysql.cj.jdbc.ClientPreparedStatement.executeUpdateInternal(ClientPreparedStatement.java:1061)
	at com.mysql.cj.jdbc.ClientPreparedStatement.executeLargeUpdate(ClientPreparedStatement.java:1381)
	at com.mysql.cj.jdbc.ClientPreparedStatement.executeUpdate(ClientPreparedStatement.java:1046)
	at org.hibernate.engine.jdbc.internal.ResultSetReturnImpl.executeUpdate(ResultSetReturnImpl.java:175)
	... 94 more
2019-02-08 12:52:15 DEBUG AbstractDirtiesContextTestExecutionListener:106 - After test method: context [DefaultTestContext@30b8a058 testClass = AddInsuredPersonControllerTest, testInstance = ua.profitsoft.strymeneshenko.controllers.mvc.AddInsuredPersonControllerTest@5d352de0, testMethod = goEdit@AddInsuredPersonControllerTest, testException = org.springframework.web.util.NestedServletException: Request processing failed; nested exception is org.hibernate.exception.ConstraintViolationException: could not execute statement, mergedContextConfiguration = [WebMergedContextConfiguration@7494e528 testClass = AddInsuredPersonControllerTest, locations = &apos;{classpath:mvc-context.xml}&apos;, classes = &apos;{}&apos;, contextInitializerClasses = &apos;[]&apos;, activeProfiles = &apos;{}&apos;, propertySourceLocations = &apos;{}&apos;, propertySourceProperties = &apos;{}&apos;, contextCustomizers = set[[empty]], resourceBasePath = &apos;src/main/webapp&apos;, contextLoader = &apos;org.springframework.test.context.web.WebDelegatingSmartContextLoader&apos;, parent = [null]]], class annotated with @DirtiesContext [false] with mode [null], method annotated with @DirtiesContext [false] with mode [null].
2019-02-08 12:52:15 DEBUG ServletTestExecutionListener:165 - Resetting RequestContextHolder for test context [DefaultTestContext@30b8a058 testClass = AddInsuredPersonControllerTest, testInstance = ua.profitsoft.strymeneshenko.controllers.mvc.AddInsuredPersonControllerTest@5d352de0, testMethod = goEdit@AddInsuredPersonControllerTest, testException = org.springframework.web.util.NestedServletException: Request processing failed; nested exception is org.hibernate.exception.ConstraintViolationException: could not execute statement, mergedContextConfiguration = [WebMergedContextConfiguration@7494e528 testClass = AddInsuredPersonControllerTest, locations = &apos;{classpath:mvc-context.xml}&apos;, classes = &apos;{}&apos;, contextInitializerClasses = &apos;[]&apos;, activeProfiles = &apos;{}&apos;, propertySourceLocations = &apos;{}&apos;, propertySourceProperties = &apos;{}&apos;, contextCustomizers = set[[empty]], resourceBasePath = &apos;src/main/webapp&apos;, contextLoader = &apos;org.springframework.test.context.web.WebDelegatingSmartContextLoader&apos;, parent = [null]]].
</system-out>
  </testcase>
</testsuite>