<?xml version="1.0" encoding="UTF-8" ?>
<testsuite tests="1" failures="0" name="ua.profitsoft.strymeneshenko.db.dao.InsuredPersonHibernateDAOTest" time="0.015" errors="1" skipped="0">
  <properties>
[...]
</properties>
  <testcase classname="ua.profitsoft.strymeneshenko.db.dao.InsuredPersonHibernateDAOTest" name="CRUD" time="0.015">
    <error message="could not execute statement" type="org.hibernate.exception.ConstraintViolationException">org.hibernate.exception.ConstraintViolationException: could not execute statement
	at org.hibernate.exception.internal.SQLExceptionTypeDelegate.convert(SQLExceptionTypeDelegate.java:59)
	at org.hibernate.exception.internal.StandardSQLExceptionConverter.convert(StandardSQLExceptionConverter.java:42)
	at org.hibernate.engine.jdbc.spi.SqlExceptionHelper.convert(SqlExceptionHelper.java:113)
	at org.hibernate.engine.jdbc.spi.SqlExceptionHelper.convert(SqlExceptionHelper.java:99)
	at org.hibernate.engine.jdbc.internal.ResultSetReturnImpl.executeUpdate(ResultSetReturnImpl.java:178)
	at org.hibernate.dialect.identity.GetGeneratedKeysDelegate.executeAndExtract(GetGeneratedKeysDelegate.java:57)
	at org.hibernate.id.insert.AbstractReturningDelegate.performInsert(AbstractReturningDelegate.java:42)
	at org.hibernate.persister.entity.AbstractEntityPersister.insert(AbstractEntityPersister.java:3072)
	at org.hibernate.persister.entity.AbstractEntityPersister.insert(AbstractEntityPersister.java:3663)
	at org.hibernate.action.internal.EntityIdentityInsertAction.execute(EntityIdentityInsertAction.java:81)
	at org.hibernate.engine.spi.ActionQueue.execute(ActionQueue.java:645)
	at org.hibernate.engine.spi.ActionQueue.addResolvedEntityInsertAction(ActionQueue.java:282)
	at org.hibernate.engine.spi.ActionQueue.addInsertAction(ActionQueue.java:263)
	at org.hibernate.engine.spi.ActionQueue.addAction(ActionQueue.java:317)
	at org.hibernate.event.internal.AbstractSaveEventListener.addInsertAction(AbstractSaveEventListener.java:359)
	at org.hibernate.event.internal.AbstractSaveEventListener.performSaveOrReplicate(AbstractSaveEventListener.java:292)
	at org.hibernate.event.internal.AbstractSaveEventListener.performSave(AbstractSaveEventListener.java:200)
	at org.hibernate.event.internal.AbstractSaveEventListener.saveWithGeneratedId(AbstractSaveEventListener.java:131)
	at org.hibernate.event.internal.DefaultSaveOrUpdateEventListener.saveWithGeneratedOrRequestedId(DefaultSaveOrUpdateEventListener.java:192)
	at org.hibernate.event.internal.DefaultSaveEventListener.saveWithGeneratedOrRequestedId(DefaultSaveEventListener.java:38)
	at org.hibernate.event.internal.DefaultSaveOrUpdateEventListener.entityIsTransient(DefaultSaveOrUpdateEventListener.java:177)
	at org.hibernate.event.internal.DefaultSaveEventListener.performSaveOrUpdate(DefaultSaveEventListener.java:32)
	at org.hibernate.event.internal.DefaultSaveOrUpdateEventListener.onSaveOrUpdate(DefaultSaveOrUpdateEventListener.java:73)
	at org.hibernate.internal.SessionImpl.fireSave(SessionImpl.java:709)
	at org.hibernate.internal.SessionImpl.save(SessionImpl.java:701)
	at org.hibernate.internal.SessionImpl.save(SessionImpl.java:696)
	at ua.profitsoft.strymeneshenko.db.dao.hibernate.InsuredPersonHibernateDAO.create(InsuredPersonHibernateDAO.java:18)
	at ua.profitsoft.strymeneshenko.db.dao.InsuredPersonHibernateDAOTest.CRUD(InsuredPersonHibernateDAOTest.java:27)
	at sun.reflect.NativeMethodAccessorImpl.invoke0(Native Method)
	at sun.reflect.NativeMethodAccessorImpl.invoke(NativeMethodAccessorImpl.java:62)
	at sun.reflect.DelegatingMethodAccessorImpl.invoke(DelegatingMethodAccessorImpl.java:43)
	at java.lang.reflect.Method.invoke(Method.java:498)
	at org.junit.runners.model.FrameworkMethod$1.runReflectiveCall(FrameworkMethod.java:59)
	at org.junit.internal.runners.model.ReflectiveCallable.run(ReflectiveCallable.java:12)
	at org.junit.runners.model.FrameworkMethod.invokeExplosively(FrameworkMethod.java:56)
	at org.junit.internal.runners.statements.InvokeMethod.evaluate(InvokeMethod.java:17)
	at org.springframework.test.context.junit4.statements.RunBeforeTestMethodCallbacks.evaluate(RunBeforeTestMethodCallbacks.java:75)
	at org.springframework.test.context.junit4.statements.RunAfterTestMethodCallbacks.evaluate(RunAfterTestMethodCallbacks.java:86)
	at org.springframework.test.context.junit4.statements.SpringRepeat.evaluate(SpringRepeat.java:84)
	at org.junit.runners.ParentRunner.runLeaf(ParentRunner.java:365)
	at org.springframework.test.context.junit4.SpringJUnit4ClassRunner.runChild(SpringJUnit4ClassRunner.java:252)
	at org.springframework.test.context.junit4.SpringJUnit4ClassRunner.runChild(SpringJUnit4ClassRunner.java:94)
	at org.junit.runners.ParentRunner$4.run(ParentRunner.java:330)
	at org.junit.runners.ParentRunner$1.schedule(ParentRunner.java:78)
	at org.junit.runners.ParentRunner.runChildren(ParentRunner.java:328)
	at org.junit.runners.ParentRunner.access$100(ParentRunner.java:65)
	at org.junit.runners.ParentRunner$2.evaluate(ParentRunner.java:292)
	at org.springframework.test.context.junit4.statements.RunBeforeTestClassCallbacks.evaluate(RunBeforeTestClassCallbacks.java:61)
	at org.springframework.test.context.junit4.statements.RunAfterTestClassCallbacks.evaluate(RunAfterTestClassCallbacks.java:70)
	at org.junit.runners.ParentRunner$3.evaluate(ParentRunner.java:305)
	at org.junit.runners.ParentRunner.run(ParentRunner.java:412)
	at org.springframework.test.context.junit4.SpringJUnit4ClassRunner.run(SpringJUnit4ClassRunner.java:191)
	at org.apache.maven.surefire.junit4.JUnit4Provider.execute(JUnit4Provider.java:252)
	at org.apache.maven.surefire.junit4.JUnit4Provider.executeTestSet(JUnit4Provider.java:141)
	at org.apache.maven.surefire.junit4.JUnit4Provider.invoke(JUnit4Provider.java:112)
	at sun.reflect.NativeMethodAccessorImpl.invoke0(Native Method)
	at sun.reflect.NativeMethodAccessorImpl.invoke(NativeMethodAccessorImpl.java:62)
	at sun.reflect.DelegatingMethodAccessorImpl.invoke(DelegatingMethodAccessorImpl.java:43)
	at java.lang.reflect.Method.invoke(Method.java:498)
	at org.apache.maven.surefire.util.ReflectionUtils.invokeMethodWithArray(ReflectionUtils.java:189)
	at org.apache.maven.surefire.booter.ProviderFactory$ProviderProxy.invoke(ProviderFactory.java:165)
	at org.apache.maven.surefire.booter.ProviderFactory.invokeProvider(ProviderFactory.java:85)
	at org.apache.maven.surefire.booter.ForkedBooter.runSuitesInProcess(ForkedBooter.java:115)
	at org.apache.maven.surefire.booter.ForkedBooter.main(ForkedBooter.java:75)
Caused by: java.sql.SQLIntegrityConstraintViolationException: Duplicate entry &apos;11111439&apos; for key &apos;number_UNIQUE&apos;
	at com.mysql.cj.jdbc.exceptions.SQLError.createSQLException(SQLError.java:117)
	at com.mysql.cj.jdbc.exceptions.SQLError.createSQLException(SQLError.java:97)
	at com.mysql.cj.jdbc.exceptions.SQLExceptionsMapping.translateException(SQLExceptionsMapping.java:122)
	at com.mysql.cj.jdbc.ClientPreparedStatement.executeInternal(ClientPreparedStatement.java:974)
	at com.mysql.cj.jdbc.ClientPreparedStatement.executeUpdateInternal(ClientPreparedStatement.java:1113)
	at com.mysql.cj.jdbc.ClientPreparedStatement.executeUpdateInternal(ClientPreparedStatement.java:1061)
	at com.mysql.cj.jdbc.ClientPreparedStatement.executeLargeUpdate(ClientPreparedStatement.java:1381)
	at com.mysql.cj.jdbc.ClientPreparedStatement.executeUpdate(ClientPreparedStatement.java:1046)
	at org.hibernate.engine.jdbc.internal.ResultSetReturnImpl.executeUpdate(ResultSetReturnImpl.java:175)
	... 59 more
</error>
    <system-out>2019-02-08 21:10:39 DEBUG SpringJUnit4ClassRunner:140 - SpringJUnit4ClassRunner constructor called with [class ua.profitsoft.strymeneshenko.db.dao.InsuredPersonHibernateDAOTest]
2019-02-08 21:10:39 DEBUG BootstrapUtils:95 - Instantiating CacheAwareContextLoaderDelegate from class [org.springframework.test.context.cache.DefaultCacheAwareContextLoaderDelegate]
2019-02-08 21:10:39 DEBUG BootstrapUtils:78 - Instantiating BootstrapContext using constructor [public org.springframework.test.context.support.DefaultBootstrapContext(java.lang.Class,org.springframework.test.context.CacheAwareContextLoaderDelegate)]
2019-02-08 21:10:39 DEBUG BootstrapUtils:131 - Instantiating TestContextBootstrapper for test class [ua.profitsoft.strymeneshenko.db.dao.InsuredPersonHibernateDAOTest] from class [org.springframework.test.context.support.DefaultTestContextBootstrapper]
2019-02-08 21:10:39 DEBUG AbstractDelegatingSmartContextLoader:269 - Delegating to GenericXmlContextLoader to process context configuration [ContextConfigurationAttributes@780129bc declaringClass = &apos;ua.profitsoft.strymeneshenko.db.dao.InsuredPersonHibernateDAOTest&apos;, classes = &apos;{}&apos;, locations = &apos;{file:./src/main/resources/spring-context.xml}&apos;, inheritLocations = true, initializers = &apos;{}&apos;, inheritInitializers = true, name = [null], contextLoaderClass = &apos;org.springframework.test.context.ContextLoader&apos;].
2019-02-08 21:10:39 DEBUG ActiveProfilesUtils:78 - Could not find an &apos;annotation declaring class&apos; for annotation type [org.springframework.test.context.ActiveProfiles] and class [ua.profitsoft.strymeneshenko.db.dao.InsuredPersonHibernateDAOTest]
2019-02-08 21:10:39 INFO  DefaultTestContextBootstrapper:174 - Using TestExecutionListeners: [org.springframework.test.context.support.DependencyInjectionTestExecutionListener@63814bbe]
2019-02-08 21:10:39 DEBUG ProfileValueUtils:68 - Retrieved @ProfileValueSourceConfiguration [null] for test class [ua.profitsoft.strymeneshenko.db.dao.InsuredPersonHibernateDAOTest]
2019-02-08 21:10:39 DEBUG ProfileValueUtils:80 - Retrieved ProfileValueSource type [class org.springframework.test.annotation.SystemProfileValueSource] for class [ua.profitsoft.strymeneshenko.db.dao.InsuredPersonHibernateDAOTest]
2019-02-08 21:10:39 DEBUG ProfileValueUtils:68 - Retrieved @ProfileValueSourceConfiguration [null] for test class [ua.profitsoft.strymeneshenko.db.dao.InsuredPersonHibernateDAOTest]
2019-02-08 21:10:39 DEBUG ProfileValueUtils:80 - Retrieved ProfileValueSource type [class org.springframework.test.annotation.SystemProfileValueSource] for class [ua.profitsoft.strymeneshenko.db.dao.InsuredPersonHibernateDAOTest]
2019-02-08 21:10:39 DEBUG ProfileValueUtils:68 - Retrieved @ProfileValueSourceConfiguration [null] for test class [ua.profitsoft.strymeneshenko.db.dao.InsuredPersonHibernateDAOTest]
2019-02-08 21:10:39 DEBUG ProfileValueUtils:80 - Retrieved ProfileValueSource type [class org.springframework.test.annotation.SystemProfileValueSource] for class [ua.profitsoft.strymeneshenko.db.dao.InsuredPersonHibernateDAOTest]
2019-02-08 21:10:39 DEBUG ProfileValueUtils:68 - Retrieved @ProfileValueSourceConfiguration [null] for test class [ua.profitsoft.strymeneshenko.db.dao.InsuredPersonHibernateDAOTest]
2019-02-08 21:10:39 DEBUG ProfileValueUtils:80 - Retrieved ProfileValueSource type [class org.springframework.test.annotation.SystemProfileValueSource] for class [ua.profitsoft.strymeneshenko.db.dao.InsuredPersonHibernateDAOTest]
2019-02-08 21:10:39 DEBUG ProfileValueUtils:68 - Retrieved @ProfileValueSourceConfiguration [null] for test class [ua.profitsoft.strymeneshenko.db.dao.InsuredPersonHibernateDAOTest]
2019-02-08 21:10:39 DEBUG ProfileValueUtils:80 - Retrieved ProfileValueSource type [class org.springframework.test.annotation.SystemProfileValueSource] for class [ua.profitsoft.strymeneshenko.db.dao.InsuredPersonHibernateDAOTest]
2019-02-08 21:10:39 DEBUG DependencyInjectionTestExecutionListener:81 - Performing dependency injection for test context [[DefaultTestContext@3cb195dd testClass = InsuredPersonHibernateDAOTest, testInstance = ua.profitsoft.strymeneshenko.db.dao.InsuredPersonHibernateDAOTest@6dc2279c, testMethod = [null], testException = [null], mergedContextConfiguration = [MergedContextConfiguration@7d7b4e04 testClass = InsuredPersonHibernateDAOTest, locations = &apos;{file:src/main/resources/spring-context.xml}&apos;, classes = &apos;{}&apos;, contextInitializerClasses = &apos;[]&apos;, activeProfiles = &apos;{}&apos;, propertySourceLocations = &apos;{}&apos;, propertySourceProperties = &apos;{}&apos;, contextCustomizers = set[[empty]], contextLoader = &apos;org.springframework.test.context.support.DelegatingSmartContextLoader&apos;, parent = [null]]]].
2019-02-08 21:10:39 DEBUG DefaultCacheAwareContextLoaderDelegate:129 - Retrieved ApplicationContext from cache with key [[MergedContextConfiguration@7d7b4e04 testClass = InsuredPersonHibernateDAOTest, locations = &apos;{file:src/main/resources/spring-context.xml}&apos;, classes = &apos;{}&apos;, contextInitializerClasses = &apos;[]&apos;, activeProfiles = &apos;{}&apos;, propertySourceLocations = &apos;{}&apos;, propertySourceProperties = &apos;{}&apos;, contextCustomizers = set[[empty]], contextLoader = &apos;org.springframework.test.context.support.DelegatingSmartContextLoader&apos;, parent = [null]]]
2019-02-08 21:10:39 DEBUG cache:290 - Spring test ApplicationContext cache statistics: [DefaultContextCache@5729b410 size = 2, maxSize = 32, parentContextCount = 0, hitCount = 15, missCount = 2]
2019-02-08 21:10:39 DEBUG InjectionMetadata:85 - Processing injected element of bean &apos;ua.profitsoft.strymeneshenko.db.dao.InsuredPersonHibernateDAOTest&apos;: AutowiredFieldElement for private ua.profitsoft.strymeneshenko.db.dao.hibernate.InsuredPersonHibernateDAO ua.profitsoft.strymeneshenko.db.dao.InsuredPersonHibernateDAOTest.insuredPersonDAO
2019-02-08 21:10:39 DEBUG DefaultListableBeanFactory:251 - Returning cached instance of singleton bean &apos;insuredPersonHibernateDAO&apos;
2019-02-08 21:10:39 DEBUG AutowiredAnnotationBeanPostProcessor:533 - Autowiring by type from bean name &apos;ua.profitsoft.strymeneshenko.db.dao.InsuredPersonHibernateDAOTest&apos; to bean named &apos;insuredPersonHibernateDAO&apos;
2019-02-08 21:10:39 DEBUG DefaultListableBeanFactory:251 - Returning cached instance of singleton bean &apos;org.springframework.transaction.config.internalTransactionAdvisor&apos;
2019-02-08 21:10:39 DEBUG TransactionImpl:56 - On TransactionImpl creation, JpaCompliance#isJpaTransactionComplianceEnabled == false
2019-02-08 21:10:39 DEBUG TransactionImpl:78 - begin
2019-02-08 21:10:39 DEBUG ActionQueue:281 - Executing identity-insert immediately
2019-02-08 21:10:39 DEBUG SQL:94 - insert into insuredperson (firstName, lastName, dateOfBirth, cost, identificationNumber) values (?, ?, ?, ?, ?)
Hibernate: insert into insuredperson (firstName, lastName, dateOfBirth, cost, identificationNumber) values (?, ?, ?, ?, ?)
2019-02-08 21:10:39 DEBUG SqlExceptionHelper:126 - could not execute statement [n/a]
java.sql.SQLIntegrityConstraintViolationException: Duplicate entry &apos;11111439&apos; for key &apos;number_UNIQUE&apos;
	at com.mysql.cj.jdbc.exceptions.SQLError.createSQLException(SQLError.java:117)
	at com.mysql.cj.jdbc.exceptions.SQLError.createSQLException(SQLError.java:97)
	at com.mysql.cj.jdbc.exceptions.SQLExceptionsMapping.translateException(SQLExceptionsMapping.java:122)
	at com.mysql.cj.jdbc.ClientPreparedStatement.executeInternal(ClientPreparedStatement.java:974)
	at com.mysql.cj.jdbc.ClientPreparedStatement.executeUpdateInternal(ClientPreparedStatement.java:1113)
	at com.mysql.cj.jdbc.ClientPreparedStatement.executeUpdateInternal(ClientPreparedStatement.java:1061)
	at com.mysql.cj.jdbc.ClientPreparedStatement.executeLargeUpdate(ClientPreparedStatement.java:1381)
	at com.mysql.cj.jdbc.ClientPreparedStatement.executeUpdate(ClientPreparedStatement.java:1046)
	at org.hibernate.engine.jdbc.internal.ResultSetReturnImpl.executeUpdate(ResultSetReturnImpl.java:175)
	at org.hibernate.dialect.identity.GetGeneratedKeysDelegate.executeAndExtract(GetGeneratedKeysDelegate.java:57)
	at org.hibernate.id.insert.AbstractReturningDelegate.performInsert(AbstractReturningDelegate.java:42)
	at org.hibernate.persister.entity.AbstractEntityPersister.insert(AbstractEntityPersister.java:3072)
	at org.hibernate.persister.entity.AbstractEntityPersister.insert(AbstractEntityPersister.java:3663)
	at org.hibernate.action.internal.EntityIdentityInsertAction.execute(EntityIdentityInsertAction.java:81)
	at org.hibernate.engine.spi.ActionQueue.execute(ActionQueue.java:645)
	at org.hibernate.engine.spi.ActionQueue.addResolvedEntityInsertAction(ActionQueue.java:282)
	at org.hibernate.engine.spi.ActionQueue.addInsertAction(ActionQueue.java:263)
	at org.hibernate.engine.spi.ActionQueue.addAction(ActionQueue.java:317)
	at org.hibernate.event.internal.AbstractSaveEventListener.addInsertAction(AbstractSaveEventListener.java:359)
	at org.hibernate.event.internal.AbstractSaveEventListener.performSaveOrReplicate(AbstractSaveEventListener.java:292)
	at org.hibernate.event.internal.AbstractSaveEventListener.performSave(AbstractSaveEventListener.java:200)
	at org.hibernate.event.internal.AbstractSaveEventListener.saveWithGeneratedId(AbstractSaveEventListener.java:131)
	at org.hibernate.event.internal.DefaultSaveOrUpdateEventListener.saveWithGeneratedOrRequestedId(DefaultSaveOrUpdateEventListener.java:192)
	at org.hibernate.event.internal.DefaultSaveEventListener.saveWithGeneratedOrRequestedId(DefaultSaveEventListener.java:38)
	at org.hibernate.event.internal.DefaultSaveOrUpdateEventListener.entityIsTransient(DefaultSaveOrUpdateEventListener.java:177)
	at org.hibernate.event.internal.DefaultSaveEventListener.performSaveOrUpdate(DefaultSaveEventListener.java:32)
	at org.hibernate.event.internal.DefaultSaveOrUpdateEventListener.onSaveOrUpdate(DefaultSaveOrUpdateEventListener.java:73)
	at org.hibernate.internal.SessionImpl.fireSave(SessionImpl.java:709)
	at org.hibernate.internal.SessionImpl.save(SessionImpl.java:701)
	at org.hibernate.internal.SessionImpl.save(SessionImpl.java:696)
	at ua.profitsoft.strymeneshenko.db.dao.hibernate.InsuredPersonHibernateDAO.create(InsuredPersonHibernateDAO.java:18)
	at ua.profitsoft.strymeneshenko.db.dao.InsuredPersonHibernateDAOTest.CRUD(InsuredPersonHibernateDAOTest.java:27)
	at sun.reflect.NativeMethodAccessorImpl.invoke0(Native Method)
	at sun.reflect.NativeMethodAccessorImpl.invoke(NativeMethodAccessorImpl.java:62)
	at sun.reflect.DelegatingMethodAccessorImpl.invoke(DelegatingMethodAccessorImpl.java:43)
	at java.lang.reflect.Method.invoke(Method.java:498)
	at org.junit.runners.model.FrameworkMethod$1.runReflectiveCall(FrameworkMethod.java:59)
	at org.junit.internal.runners.model.ReflectiveCallable.run(ReflectiveCallable.java:12)
	at org.junit.runners.model.FrameworkMethod.invokeExplosively(FrameworkMethod.java:56)
	at org.junit.internal.runners.statements.InvokeMethod.evaluate(InvokeMethod.java:17)
	at org.springframework.test.context.junit4.statements.RunBeforeTestMethodCallbacks.evaluate(RunBeforeTestMethodCallbacks.java:75)
	at org.springframework.test.context.junit4.statements.RunAfterTestMethodCallbacks.evaluate(RunAfterTestMethodCallbacks.java:86)
	at org.springframework.test.context.junit4.statements.SpringRepeat.evaluate(SpringRepeat.java:84)
	at org.junit.runners.ParentRunner.runLeaf(ParentRunner.java:365)
	at org.springframework.test.context.junit4.SpringJUnit4ClassRunner.runChild(SpringJUnit4ClassRunner.java:252)
	at org.springframework.test.context.junit4.SpringJUnit4ClassRunner.runChild(SpringJUnit4ClassRunner.java:94)
	at org.junit.runners.ParentRunner$4.run(ParentRunner.java:330)
	at org.junit.runners.ParentRunner$1.schedule(ParentRunner.java:78)
	at org.junit.runners.ParentRunner.runChildren(ParentRunner.java:328)
	at org.junit.runners.ParentRunner.access$100(ParentRunner.java:65)
	at org.junit.runners.ParentRunner$2.evaluate(ParentRunner.java:292)
	at org.springframework.test.context.junit4.statements.RunBeforeTestClassCallbacks.evaluate(RunBeforeTestClassCallbacks.java:61)
	at org.springframework.test.context.junit4.statements.RunAfterTestClassCallbacks.evaluate(RunAfterTestClassCallbacks.java:70)
	at org.junit.runners.ParentRunner$3.evaluate(ParentRunner.java:305)
	at org.junit.runners.ParentRunner.run(ParentRunner.java:412)
	at org.springframework.test.context.junit4.SpringJUnit4ClassRunner.run(SpringJUnit4ClassRunner.java:191)
	at org.apache.maven.surefire.junit4.JUnit4Provider.execute(JUnit4Provider.java:252)
	at org.apache.maven.surefire.junit4.JUnit4Provider.executeTestSet(JUnit4Provider.java:141)
	at org.apache.maven.surefire.junit4.JUnit4Provider.invoke(JUnit4Provider.java:112)
	at sun.reflect.NativeMethodAccessorImpl.invoke0(Native Method)
	at sun.reflect.NativeMethodAccessorImpl.invoke(NativeMethodAccessorImpl.java:62)
	at sun.reflect.DelegatingMethodAccessorImpl.invoke(DelegatingMethodAccessorImpl.java:43)
	at java.lang.reflect.Method.invoke(Method.java:498)
	at org.apache.maven.surefire.util.ReflectionUtils.invokeMethodWithArray(ReflectionUtils.java:189)
	at org.apache.maven.surefire.booter.ProviderFactory$ProviderProxy.invoke(ProviderFactory.java:165)
	at org.apache.maven.surefire.booter.ProviderFactory.invokeProvider(ProviderFactory.java:85)
	at org.apache.maven.surefire.booter.ForkedBooter.runSuitesInProcess(ForkedBooter.java:115)
	at org.apache.maven.surefire.booter.ForkedBooter.main(ForkedBooter.java:75)
2019-02-08 21:10:39 WARN  SqlExceptionHelper:137 - SQL Error: 1062, SQLState: 23000
2019-02-08 21:10:39 ERROR SqlExceptionHelper:142 - Duplicate entry &apos;11111439&apos; for key &apos;number_UNIQUE&apos;
</system-out>
  </testcase>
</testsuite>