-------------------------------------------------------------------------------
Test set: ua.profitsoft.strymeneshenko.db.dao.ConractsFileDAOTest
-------------------------------------------------------------------------------
Tests run: 1, Failures: 1, Errors: 0, Skipped: 0, Time elapsed: 0.01 sec <<< FAILURE!
read(ua.profitsoft.strymeneshenko.db.dao.ConractsFileDAOTest)  Time elapsed: 0.01 sec  <<< FAILURE!
java.lang.AssertionError: expected: ua.profitsoft.strymeneshenko.data.Contract<Contract [number=123332
dateConclusion=2018-11-19
startDate=2018-11-19
endDate=2019-11-19
client=Individual [id=0, firstName=Alex; lastName=Strymeneshenko; adress=Lybotin Popova st. 7]
persons=[
InsuredPerson (id=0, firstName=Alexandr, lastName=Pypkin, dateOfBirth=1989-10-13, cost=1100, identificationNumber=432145671336), 
InsuredPerson (id=0, firstName=Denys, lastName=Tomson, dateOfBirth=1985-04-02, cost=1000, identificationNumber=432145673335)]
]> but was: ua.profitsoft.strymeneshenko.data.Contract<Contract [number=123332
dateConclusion=2018-11-19
startDate=2018-11-19
endDate=2019-11-19
client=Individual [id=0, firstName=Alex; lastName=Strymeneshenko; adress=Lybotin Popova st. 7]
persons=[
InsuredPerson (id=0, firstName=Alexandr, lastName=Pypkin, dateOfBirth=1989-10-13, cost=1100, identificationNumber=432145671336), 
InsuredPerson (id=0, firstName=Denys, lastName=Tomson, dateOfBirth=1985-04-02, cost=1000, identificationNumber=432145673335)]
]>
	at org.junit.Assert.fail(Assert.java:89)
	at org.junit.Assert.failNotEquals(Assert.java:835)
	at org.junit.Assert.assertEquals(Assert.java:120)
	at org.junit.Assert.assertEquals(Assert.java:146)
	at ua.profitsoft.strymeneshenko.db.dao.ConractsFileDAOTest.read(ConractsFileDAOTest.java:27)
	at sun.reflect.NativeMethodAccessorImpl.invoke0(Native Method)
	at sun.reflect.NativeMethodAccessorImpl.invoke(NativeMethodAccessorImpl.java:62)
	at sun.reflect.DelegatingMethodAccessorImpl.invoke(DelegatingMethodAccessorImpl.java:43)
	at java.lang.reflect.Method.invoke(Method.java:498)
	at org.junit.runners.model.FrameworkMethod$1.runReflectiveCall(FrameworkMethod.java:59)
	at org.junit.internal.runners.model.ReflectiveCallable.run(ReflectiveCallable.java:12)
	at org.junit.runners.model.FrameworkMethod.invokeExplosively(FrameworkMethod.java:56)
	at org.junit.internal.runners.statements.InvokeMethod.evaluate(InvokeMethod.java:17)
	at org.junit.runners.ParentRunner$3.evaluate(ParentRunner.java:305)
	at org.junit.runners.BlockJUnit4ClassRunner$1.evaluate(BlockJUnit4ClassRunner.java:100)
	at org.junit.runners.ParentRunner.runLeaf(ParentRunner.java:365)
	at org.junit.runners.BlockJUnit4ClassRunner.runChild(BlockJUnit4ClassRunner.java:103)
	at org.junit.runners.BlockJUnit4ClassRunner.runChild(BlockJUnit4ClassRunner.java:63)
	at org.junit.runners.ParentRunner$4.run(ParentRunner.java:330)
	at org.junit.runners.ParentRunner$1.schedule(ParentRunner.java:78)
	at org.junit.runners.ParentRunner.runChildren(ParentRunner.java:328)
	at org.junit.runners.ParentRunner.access$100(ParentRunner.java:65)
	at org.junit.runners.ParentRunner$2.evaluate(ParentRunner.java:292)
	at org.junit.runners.ParentRunner$3.evaluate(ParentRunner.java:305)
	at org.junit.runners.ParentRunner.run(ParentRunner.java:412)
	at org.apache.maven.surefire.junit4.JUnit4Provider.execute(JUnit4Provider.java:252)
	at org.apache.maven.surefire.junit4.JUnit4Provider.executeTestSet(JUnit4Provider.java:141)
	at org.apache.maven.surefire.junit4.JUnit4Provider.invoke(JUnit4Provider.java:112)
	at sun.reflect.NativeMethodAccessorImpl.invoke0(Native Method)
	at sun.reflect.NativeMethodAccessorImpl.invoke(NativeMethodAccessorImpl.java:62)
	at sun.reflect.DelegatingMethodAccessorImpl.invoke(DelegatingMethodAccessorImpl.java:43)
	at java.lang.reflect.Method.invoke(Method.java:498)
	at org.apache.maven.surefire.util.ReflectionUtils.invokeMethodWithArray(ReflectionUtils.java:189)
	at org.apache.maven.surefire.booter.ProviderFactory$ProviderProxy.invoke(ProviderFactory.java:165)
	at org.apache.maven.surefire.booter.ProviderFactory.invokeProvider(ProviderFactory.java:85)
	at org.apache.maven.surefire.booter.ForkedBooter.runSuitesInProcess(ForkedBooter.java:115)
	at org.apache.maven.surefire.booter.ForkedBooter.main(ForkedBooter.java:75)

